#
# A fatal error has been detected by the Java Runtime Environment:
#
#  SIGSEGV (0xb) at pc=0x000000012bc52b47, pid=3069, tid=52739
#
# JRE version: Java(TM) SE Runtime Environment (8.0_05-b13) (build 1.8.0_05-b13)
# Java VM: Java HotSpot(TM) 64-Bit Server VM (25.5-b02 mixed mode bsd-amd64 compressed oops)
# Problematic frame:
# C  [libCLIPSJNI.jnilib+0xd4b47]  RemoveHashNode+0x4c
#
# Failed to write core dump. Core dumps have been disabled. To enable core dumping, try "ulimit -c unlimited" before starting Java again
#
# If you would like to submit a bug report, please visit:
#   http://bugreport.sun.com/bugreport/crash.jsp
# The crash happened outside the Java Virtual Machine in native code.
# See problematic frame for where to report the bug.
#

---------------  T H R E A D  ---------------

Current thread (0x00007ff6040ea800):  JavaThread "AWT-EventQueue-0" [_thread_in_native, id=52739, stack(0x000000012768e000,0x000000012778e000)]

siginfo:si_signo=SIGSEGV: si_errno=0, si_code=1 (SEGV_MAPERR), si_addr=0x0000000000000000

Registers:
RAX=0x0000000000000000, RBX=0x0000000128fcc0f0, RCX=0x0000000000000020, RDX=0x00000001298ec000
RSP=0x000000012778b0e0, RBP=0x000000012778b120, RSI=0x00007ff609fa7370, RDI=0x00007ff60367f370
R8 =0x0000000000000002, R9 =0x000000000000000a, R10=0x0000000000000c00, R11=0x00000000000727d0
R12=0x0000000000000000, R13=0x0000000128fcc0f0, R14=0x000000012778b2e8, R15=0x00007ff6040ea800
RIP=0x000000012bc52b47, EFLAGS=0x0000000000010287, ERR=0x0000000000000004
  TRAPNO=0x000000000000000e

Top of Stack: (sp=0x000000012778b0e0)
0x000000012778b0e0:   0000002000000002 00000001298ec000
0x000000012778b0f0:   00007ff609fa7370 00007ff60367f370
0x000000012778b100:   00007ff609fc79c0 0000000000000000
0x000000012778b110:   0000000000000000 0000000000000000
0x000000012778b120:   000000012778b180 000000012bc53104
0x000000012778b130:   000000012778b160 0000000a2bbb6468
0x000000012778b140:   0000002000000002 00000001298ec000
0x000000012778b150:   00007ff603680c20 00007ff60367f370
0x000000012778b160:   000000012778b180 00007ff609f4e350
0x000000012778b170:   0000000000000000 00007ff609f4e310
0x000000012778b180:   000000012778b1a0 000000012bc52f4c
0x000000012778b190:   0000000000000000 00007ff60367f370
0x000000012778b1a0:   000000012778b1e0 000000012bc6161b
0x000000012778b1b0:   0000000100000000 00007ff60367f370
0x000000012778b1c0:   000000012bc6b920 0000000000000000
0x000000012778b1d0:   0000000000000000 0000000009f407b0
0x000000012778b1e0:   000000012778b210 000000012bb97ecf
0x000000012778b1f0:   00007ff6040ea9e0 00007ff60367f370
0x000000012778b200:   00007ff6040ea800 0000000000000000
0x000000012778b210:   000000012778b250 000000012bc64bd3
0x000000012778b220:   0000000128fcc0f0 00007ff60367f370
0x000000012778b230:   000000012778b2e8 00007ff6040ea9e0
0x000000012778b240:   000000012778b2b8 00007ff60529a9e0
0x000000012778b250:   000000012778b2b8 00000001063d766e
0x000000012778b260:   000000012778b2b8 00000001063d7401
0x000000012778b270:   00000001063d73bc 000000012778b278
0x000000012778b280:   0000000128fcc0f0 000000012778b2e8
0x000000012778b290:   0000000128fce910 0000000000000000
0x000000012778b2a0:   0000000128fcc0f0 0000000000000000
0x000000012778b2b0:   000000012778b2d8 000000012778b330
0x000000012778b2c0:   00000001063ca2e0 0000000000000000
0x000000012778b2d0:   00000001063d1c18 00007ff60367f370 

Instructions: (pc=0x000000012bc52b47)
0x000000012bc52b27:   03 89 c0 48 c1 e0 03 48 03 45 c8 48 8b 00 48 89
0x000000012bc52b37:   45 f0 eb 3d 48 8b 45 f0 48 89 45 f8 48 8b 45 f0
0x000000012bc52b47:   48 8b 00 48 89 45 f0 48 83 7d f0 00 75 23 48 8b
0x000000012bc52b57:   7d d8 ba 0b 00 00 00 48 8d 35 b4 5a 01 00 e8 c1 

Register to memory mapping:

RAX=0x0000000000000000 is an unknown value
RBX=0x0000000128fcc0f0 is an unknown value
RCX=0x0000000000000020 is an unknown value
RDX=0x00000001298ec000 is an unknown value
RSP=0x000000012778b0e0 is pointing into the stack for thread: 0x00007ff6040ea800
RBP=0x000000012778b120 is pointing into the stack for thread: 0x00007ff6040ea800
RSI=0x00007ff609fa7370 is an unknown value
RDI=0x00007ff60367f370 is an unknown value
R8 =0x0000000000000002 is an unknown value
R9 =0x000000000000000a is an unknown value
R10=0x0000000000000c00 is an unknown value
R11=0x00000000000727d0 is an unknown value
R12=0x0000000000000000 is an unknown value
R13=0x0000000128fcc0f0 is an unknown value
R14=0x000000012778b2e8 is pointing into the stack for thread: 0x00007ff6040ea800
R15=0x00007ff6040ea800 is a thread


Stack: [0x000000012768e000,0x000000012778e000],  sp=0x000000012778b0e0,  free space=1012k
Native frames: (J=compiled Java code, j=interpreted, Vv=VM code, C=native code)
C  [libCLIPSJNI.jnilib+0xd4b47]  RemoveHashNode+0x4c
C  [libCLIPSJNI.jnilib+0xd5104]  RemoveEphemeralHashNodes+0x9a
C  [libCLIPSJNI.jnilib+0xd4f4c]  RemoveEphemeralAtoms+0x53
C  [libCLIPSJNI.jnilib+0xe361b]  PeriodicCleanup+0x253
C  [libCLIPSJNI.jnilib+0x19ecf]  EnvClear+0x18c
C  [libCLIPSJNI.jnilib+0xe6bd3]  Java_CLIPSJNI_Environment_clear+0x3e
j  CLIPSJNI.Environment.clear(J)V+0
j  CLIPSJNI.Environment.clear()V+5
j  xclipsjni.ClipsCore.clear()V+4
j  xclipsjni.ClipsModel.clear()V+4
j  xclipsjni.ControlPanel.resetButtonActionPerformed(Ljava/awt/event/ActionEvent;)V+18
j  xclipsjni.ControlPanel.access$1800(Lxclipsjni/ControlPanel;Ljava/awt/event/ActionEvent;)V+2
j  xclipsjni.ControlPanel$19.actionPerformed(Ljava/awt/event/ActionEvent;)V+5
j  javax.swing.AbstractButton.fireActionPerformed(Ljava/awt/event/ActionEvent;)V+83
j  javax.swing.AbstractButton$Handler.actionPerformed(Ljava/awt/event/ActionEvent;)V+5
j  javax.swing.DefaultButtonModel.fireActionPerformed(Ljava/awt/event/ActionEvent;)V+34
j  javax.swing.DefaultButtonModel.setPressed(Z)V+117
j  javax.swing.plaf.basic.BasicButtonListener.mouseReleased(Ljava/awt/event/MouseEvent;)V+35
j  java.awt.AWTEventMulticaster.mouseReleased(Ljava/awt/event/MouseEvent;)V+8
j  java.awt.Component.processMouseEvent(Ljava/awt/event/MouseEvent;)V+64
j  javax.swing.JComponent.processMouseEvent(Ljava/awt/event/MouseEvent;)V+23
J 1168 C1 java.awt.Component.processEvent(Ljava/awt/AWTEvent;)V (220 bytes) @ 0x000000010675bb6c [0x000000010675b6c0+0x4ac]
J 1167 C1 java.awt.Container.processEvent(Ljava/awt/AWTEvent;)V (22 bytes) @ 0x000000010675b214 [0x000000010675af60+0x2b4]
J 1179 C1 java.awt.Component.dispatchEventImpl(Ljava/awt/AWTEvent;)V (883 bytes) @ 0x000000010676c52c [0x0000000106767ae0+0x4a4c]
J 934 C1 java.awt.Container.dispatchEventImpl(Ljava/awt/AWTEvent;)V (129 bytes) @ 0x00000001066c5ec4 [0x00000001066c5d80+0x144]
J 933 C1 java.awt.Component.dispatchEvent(Ljava/awt/AWTEvent;)V (6 bytes) @ 0x00000001066c59fc [0x00000001066c5900+0xfc]
j  java.awt.LightweightDispatcher.retargetMouseEvent(Ljava/awt/Component;ILjava/awt/event/MouseEvent;)V+327
J 1698 C1 java.awt.LightweightDispatcher.processMouseEvent(Ljava/awt/event/MouseEvent;)Z (301 bytes) @ 0x00000001066b1204 [0x00000001066b01a0+0x1064]
J 1298 C1 java.awt.LightweightDispatcher.dispatchEvent(Ljava/awt/AWTEvent;)Z (73 bytes) @ 0x00000001067b8d6c [0x00000001067b8940+0x42c]
J 934 C1 java.awt.Container.dispatchEventImpl(Ljava/awt/AWTEvent;)V (129 bytes) @ 0x00000001066c5e64 [0x00000001066c5d80+0xe4]
J 1312 C1 java.awt.Window.dispatchEventImpl(Ljava/awt/AWTEvent;)V (23 bytes) @ 0x00000001067dcb64 [0x00000001067dc6c0+0x4a4]
J 1089 C1 java.awt.EventQueue.dispatchEventImpl(Ljava/awt/AWTEvent;Ljava/lang/Object;)V (149 bytes) @ 0x00000001067321f4 [0x0000000106730bc0+0x1634]
J 1087 C1 java.awt.EventQueue$3.run()Ljava/lang/Void; (60 bytes) @ 0x000000010672ffcc [0x000000010672fdc0+0x20c]
J 1086 C1 java.awt.EventQueue$3.run()Ljava/lang/Object; (5 bytes) @ 0x000000010672fa84 [0x000000010672fa00+0x84]
v  ~StubRoutines::call_stub
V  [libjvm.dylib+0x2c5186]
V  [libjvm.dylib+0x31a912]
J 861  java.security.AccessController.doPrivileged(Ljava/security/PrivilegedAction;Ljava/security/AccessControlContext;)Ljava/lang/Object; (0 bytes) @ 0x00000001066a0b15 [0x00000001066a0a40+0xd5]

Java frames: (J=compiled Java code, j=interpreted, Vv=VM code)
j  CLIPSJNI.Environment.clear(J)V+0
j  CLIPSJNI.Environment.clear()V+5
j  xclipsjni.ClipsCore.clear()V+4
j  xclipsjni.ClipsModel.clear()V+4
j  xclipsjni.ControlPanel.resetButtonActionPerformed(Ljava/awt/event/ActionEvent;)V+18
j  xclipsjni.ControlPanel.access$1800(Lxclipsjni/ControlPanel;Ljava/awt/event/ActionEvent;)V+2
j  xclipsjni.ControlPanel$19.actionPerformed(Ljava/awt/event/ActionEvent;)V+5
j  javax.swing.AbstractButton.fireActionPerformed(Ljava/awt/event/ActionEvent;)V+83
j  javax.swing.AbstractButton$Handler.actionPerformed(Ljava/awt/event/ActionEvent;)V+5
j  javax.swing.DefaultButtonModel.fireActionPerformed(Ljava/awt/event/ActionEvent;)V+34
j  javax.swing.DefaultButtonModel.setPressed(Z)V+117
j  javax.swing.plaf.basic.BasicButtonListener.mouseReleased(Ljava/awt/event/MouseEvent;)V+35
j  java.awt.AWTEventMulticaster.mouseReleased(Ljava/awt/event/MouseEvent;)V+8
j  java.awt.Component.processMouseEvent(Ljava/awt/event/MouseEvent;)V+64
j  javax.swing.JComponent.processMouseEvent(Ljava/awt/event/MouseEvent;)V+23
J 1168 C1 java.awt.Component.processEvent(Ljava/awt/AWTEvent;)V (220 bytes) @ 0x000000010675bb6c [0x000000010675b6c0+0x4ac]
J 1167 C1 java.awt.Container.processEvent(Ljava/awt/AWTEvent;)V (22 bytes) @ 0x000000010675b214 [0x000000010675af60+0x2b4]
J 1179 C1 java.awt.Component.dispatchEventImpl(Ljava/awt/AWTEvent;)V (883 bytes) @ 0x000000010676c52c [0x0000000106767ae0+0x4a4c]
J 934 C1 java.awt.Container.dispatchEventImpl(Ljava/awt/AWTEvent;)V (129 bytes) @ 0x00000001066c5ec4 [0x00000001066c5d80+0x144]
J 933 C1 java.awt.Component.dispatchEvent(Ljava/awt/AWTEvent;)V (6 bytes) @ 0x00000001066c59fc [0x00000001066c5900+0xfc]
j  java.awt.LightweightDispatcher.retargetMouseEvent(Ljava/awt/Component;ILjava/awt/event/MouseEvent;)V+327
J 1698 C1 java.awt.LightweightDispatcher.processMouseEvent(Ljava/awt/event/MouseEvent;)Z (301 bytes) @ 0x00000001066b1204 [0x00000001066b01a0+0x1064]
J 1298 C1 java.awt.LightweightDispatcher.dispatchEvent(Ljava/awt/AWTEvent;)Z (73 bytes) @ 0x00000001067b8d6c [0x00000001067b8940+0x42c]
J 934 C1 java.awt.Container.dispatchEventImpl(Ljava/awt/AWTEvent;)V (129 bytes) @ 0x00000001066c5e64 [0x00000001066c5d80+0xe4]
J 1312 C1 java.awt.Window.dispatchEventImpl(Ljava/awt/AWTEvent;)V (23 bytes) @ 0x00000001067dcb64 [0x00000001067dc6c0+0x4a4]
J 1089 C1 java.awt.EventQueue.dispatchEventImpl(Ljava/awt/AWTEvent;Ljava/lang/Object;)V (149 bytes) @ 0x00000001067321f4 [0x0000000106730bc0+0x1634]
J 1087 C1 java.awt.EventQueue$3.run()Ljava/lang/Void; (60 bytes) @ 0x000000010672ffcc [0x000000010672fdc0+0x20c]
J 1086 C1 java.awt.EventQueue$3.run()Ljava/lang/Object; (5 bytes) @ 0x000000010672fa84 [0x000000010672fa00+0x84]
v  ~StubRoutines::call_stub
J 861  java.security.AccessController.doPrivileged(Ljava/security/PrivilegedAction;Ljava/security/AccessControlContext;)Ljava/lang/Object; (0 bytes) @ 0x00000001066a0aa3 [0x00000001066a0a40+0x63]
J 2013 C2 java.security.ProtectionDomain$1.doIntersectionPrivilege(Ljava/security/PrivilegedAction;Ljava/security/AccessControlContext;Ljava/security/AccessControlContext;)Ljava/lang/Object; (32 bytes) @ 0x0000000106665794 [0x00000001066656c0+0xd4]
J 940 C1 java.awt.EventQueue$4.run()Ljava/lang/Object; (5 bytes) @ 0x00000001066c87fc [0x00000001066c8420+0x3dc]
v  ~StubRoutines::call_stub
J 861  java.security.AccessController.doPrivileged(Ljava/security/PrivilegedAction;Ljava/security/AccessControlContext;)Ljava/lang/Object; (0 bytes) @ 0x00000001066a0aa3 [0x00000001066a0a40+0x63]
J 921 C1 java.awt.EventQueue.dispatchEvent(Ljava/awt/AWTEvent;)V (80 bytes) @ 0x00000001066bd4e4 [0x00000001066bc8c0+0xc24]
J 924 C1 java.awt.EventDispatchThread.pumpOneEventForFilters(I)V (295 bytes) @ 0x00000001066c044c [0x00000001066be940+0x1b0c]
j  java.awt.EventDispatchThread.pumpEventsForFilter(ILjava/awt/Conditional;Ljava/awt/EventFilter;)V+35
j  java.awt.EventDispatchThread.pumpEventsForHierarchy(ILjava/awt/Conditional;Ljava/awt/Component;)V+11
j  java.awt.EventDispatchThread.pumpEvents(ILjava/awt/Conditional;)V+4
j  java.awt.EventDispatchThread.pumpEvents(Ljava/awt/Conditional;)V+3
j  java.awt.EventDispatchThread.run()V+9
v  ~StubRoutines::call_stub

---------------  P R O C E S S  ---------------

Java Threads: ( => current thread )
  0x00007ff6049ec800 JavaThread "TimerQueue" daemon [_thread_blocked, id=62503, stack(0x000000012ba1d000,0x000000012bb1d000)]
  0x00007ff604004800 JavaThread "DestroyJavaVM" [_thread_blocked, id=6403, stack(0x00000001062c1000,0x00000001063c1000)]
=>0x00007ff6040ea800 JavaThread "AWT-EventQueue-0" [_thread_in_native, id=52739, stack(0x000000012768e000,0x000000012778e000)]
  0x00007ff6060c6800 JavaThread "Java2D Queue Flusher" daemon [_thread_blocked, id=51207, stack(0x00000001270e8000,0x00000001271e8000)]
  0x00007ff6048bb000 JavaThread "Java2D Disposer" daemon [_thread_blocked, id=49927, stack(0x0000000126ea4000,0x0000000126fa4000)]
  0x00007ff6040b3800 JavaThread "AWT-Shutdown" [_thread_blocked, id=30987, stack(0x0000000124197000,0x0000000124297000)]
  0x00007ff6040b2800 JavaThread "AppKit Thread" daemon [_thread_in_native, id=3335, stack(0x00007fff5b1a6000,0x00007fff5b9a6000)]
  0x00007ff60408b800 JavaThread "Service Thread" daemon [_thread_blocked, id=22275, stack(0x00000001225bd000,0x00000001226bd000)]
  0x00007ff604833000 JavaThread "C1 CompilerThread3" daemon [_thread_blocked, id=21763, stack(0x00000001224ba000,0x00000001225ba000)]
  0x00007ff604827800 JavaThread "C2 CompilerThread2" daemon [_thread_blocked, id=21251, stack(0x00000001223b7000,0x00000001224b7000)]
  0x00007ff604827000 JavaThread "C2 CompilerThread1" daemon [_thread_blocked, id=20739, stack(0x00000001222b4000,0x00000001223b4000)]
  0x00007ff60480d000 JavaThread "C2 CompilerThread0" daemon [_thread_blocked, id=20227, stack(0x00000001221b1000,0x00000001222b1000)]
  0x00007ff60480c000 JavaThread "Signal Dispatcher" daemon [_thread_blocked, id=19715, stack(0x00000001220ae000,0x00000001221ae000)]
  0x00007ff604067000 JavaThread "Finalizer" daemon [_thread_blocked, id=14595, stack(0x0000000121e6c000,0x0000000121f6c000)]
  0x00007ff604066000 JavaThread "Reference Handler" daemon [_thread_blocked, id=14083, stack(0x0000000121d69000,0x0000000121e69000)]

Other Threads:
  0x00007ff604061800 VMThread [stack: 0x0000000121c66000,0x0000000121d66000] [id=13571]
  0x00007ff60408c000 WatcherThread [stack: 0x00000001226c0000,0x00000001227c0000] [id=22787]

VM state:not at safepoint (normal execution)

VM Mutex/Monitor currently owned by a thread: None

Heap:
 PSYoungGen      total 10752K, used 9399K [0x000000076ab00000, 0x000000076b680000, 0x00000007c0000000)
  eden space 10240K, 90% used [0x000000076ab00000,0x000000076b405fc0,0x000000076b500000)
  from space 512K, 31% used [0x000000076b600000,0x000000076b628000,0x000000076b680000)
  to   space 512K, 0% used [0x000000076b580000,0x000000076b580000,0x000000076b600000)
 ParOldGen       total 260608K, used 8861K [0x00000006c0000000, 0x00000006cfe80000, 0x000000076ab00000)
  object space 260608K, 3% used [0x00000006c0000000,0x00000006c08a7730,0x00000006cfe80000)
 Metaspace       used 14494K, capacity 14702K, committed 14848K, reserved 1062912K
  class space    used 1888K, capacity 1943K, committed 2048K, reserved 1048576K

Card table byte_map: [0x0000000115783000,0x0000000115f84000] byte_map_base: 0x0000000112183000

Marking Bits: (ParMarkBitMap*) 0x0000000105c660a0
 Begin Bits: [0x0000000116cf2000, 0x000000011acf2000)
 End Bits:   [0x000000011acf2000, 0x000000011ecf2000)

Polling page: 0x00000001043b0000

CodeCache: size=245760Kb used=5927Kb max_used=5927Kb free=239832Kb
 bounds [0x00000001063c3000, 0x0000000106993000, 0x00000001153c3000]
 total_blobs=2457 nmethods=1927 adapters=444
 compilation: enabled

Compilation events (10 events):
Event: 186.813 Thread 0x00007ff604833000 2033   !   3       sun.lwawt.LWContainerPeer::getChildren (29 bytes)
Event: 186.813 Thread 0x00007ff604833000 nmethod 2033 0x0000000106987410 code [0x00000001069875a0, 0x0000000106987b48]
Event: 186.813 Thread 0x00007ff604833000 2034       3       java.util.LinkedList::clone (53 bytes)
Event: 186.814 Thread 0x00007ff604833000 nmethod 2034 0x0000000106986a90 code [0x0000000106986c40, 0x0000000106987168]
Event: 186.998 Thread 0x00007ff604833000 2035       3       java.awt.AWTEventMulticaster::removeInternal (29 bytes)
Event: 186.999 Thread 0x00007ff604833000 nmethod 2035 0x0000000106986390 code [0x0000000106986520, 0x00000001069869c8]
Event: 186.999 Thread 0x00007ff604833000 2036       3       java.awt.EventQueue::isDispatchThread (9 bytes)
Event: 186.999 Thread 0x00007ff604833000 nmethod 2036 0x0000000106985d90 code [0x0000000106985f20, 0x0000000106986248]
Event: 187.001 Thread 0x00007ff604833000 2037       3       sun.util.locale.LocaleUtils::caseIgnoreMatch (73 bytes)
Event: 187.002 Thread 0x00007ff604833000 nmethod 2037 0x0000000106990f10 code [0x0000000106991120, 0x0000000106991d58]

GC Heap History (10 events):
Event: 186.150 GC heap before
{Heap before GC invocations=416 (full 0):
 PSYoungGen      total 10752K, used 10368K [0x000000076ab00000, 0x000000076b680000, 0x00000007c0000000)
  eden space 10240K, 100% used [0x000000076ab00000,0x000000076b500000,0x000000076b500000)
  from space 512K, 25% used [0x000000076b580000,0x000000076b5a0000,0x000000076b600000)
  to   space 512K, 0% used [0x000000076b600000,0x000000076b600000,0x000000076b680000)
 ParOldGen       total 260608K, used 8805K [0x00000006c0000000, 0x00000006cfe80000, 0x000000076ab00000)
  object space 260608K, 3% used [0x00000006c0000000,0x00000006c0899730,0x00000006cfe80000)
 Metaspace       used 14484K, capacity 14638K, committed 14848K, reserved 1062912K
  class space    used 1887K, capacity 1943K, committed 2048K, reserved 1048576K
Event: 186.151 GC heap after
Heap after GC invocations=416 (full 0):
 PSYoungGen      total 10752K, used 128K [0x000000076ab00000, 0x000000076b680000, 0x00000007c0000000)
  eden space 10240K, 0% used [0x000000076ab00000,0x000000076ab00000,0x000000076b500000)
  from space 512K, 25% used [0x000000076b600000,0x000000076b620000,0x000000076b680000)
  to   space 512K, 0% used [0x000000076b580000,0x000000076b580000,0x000000076b600000)
 ParOldGen       total 260608K, used 8813K [0x00000006c0000000, 0x00000006cfe80000, 0x000000076ab00000)
  object space 260608K, 3% used [0x00000006c0000000,0x00000006c089b730,0x00000006cfe80000)
 Metaspace       used 14484K, capacity 14638K, committed 14848K, reserved 1062912K
  class space    used 1887K, capacity 1943K, committed 2048K, reserved 1048576K
}
Event: 186.325 GC heap before
{Heap before GC invocations=417 (full 0):
 PSYoungGen      total 10752K, used 10368K [0x000000076ab00000, 0x000000076b680000, 0x00000007c0000000)
  eden space 10240K, 100% used [0x000000076ab00000,0x000000076b500000,0x000000076b500000)
  from space 512K, 25% used [0x000000076b600000,0x000000076b620000,0x000000076b680000)
  to   space 512K, 0% used [0x000000076b580000,0x000000076b580000,0x000000076b600000)
 ParOldGen       total 260608K, used 8813K [0x00000006c0000000, 0x00000006cfe80000, 0x000000076ab00000)
  object space 260608K, 3% used [0x00000006c0000000,0x00000006c089b730,0x00000006cfe80000)
 Metaspace       used 14484K, capacity 14638K, committed 14848K, reserved 1062912K
  class space    used 1887K, capacity 1943K, committed 2048K, reserved 1048576K
Event: 186.326 GC heap after
Heap after GC invocations=417 (full 0):
 PSYoungGen      total 10752K, used 160K [0x000000076ab00000, 0x000000076b680000, 0x00000007c0000000)
  eden space 10240K, 0% used [0x000000076ab00000,0x000000076ab00000,0x000000076b500000)
  from space 512K, 31% used [0x000000076b580000,0x000000076b5a8000,0x000000076b600000)
  to   space 512K, 0% used [0x000000076b600000,0x000000076b600000,0x000000076b680000)
 ParOldGen       total 260608K, used 8829K [0x00000006c0000000, 0x00000006cfe80000, 0x000000076ab00000)
  object space 260608K, 3% used [0x00000006c0000000,0x00000006c089f730,0x00000006cfe80000)
 Metaspace       used 14484K, capacity 14638K, committed 14848K, reserved 1062912K
  class space    used 1887K, capacity 1943K, committed 2048K, reserved 1048576K
}
Event: 186.502 GC heap before
{Heap before GC invocations=418 (full 0):
 PSYoungGen      total 10752K, used 10400K [0x000000076ab00000, 0x000000076b680000, 0x00000007c0000000)
  eden space 10240K, 100% used [0x000000076ab00000,0x000000076b500000,0x000000076b500000)
  from space 512K, 31% used [0x000000076b580000,0x000000076b5a8000,0x000000076b600000)
  to   space 512K, 0% used [0x000000076b600000,0x000000076b600000,0x000000076b680000)
 ParOldGen       total 260608K, used 8829K [0x00000006c0000000, 0x00000006cfe80000, 0x000000076ab00000)
  object space 260608K, 3% used [0x00000006c0000000,0x00000006c089f730,0x00000006cfe80000)
 Metaspace       used 14487K, capacity 14638K, committed 14848K, reserved 1062912K
  class space    used 1887K, capacity 1943K, committed 2048K, reserved 1048576K
Event: 186.502 GC heap after
Heap after GC invocations=418 (full 0):
 PSYoungGen      total 10752K, used 96K [0x000000076ab00000, 0x000000076b680000, 0x00000007c0000000)
  eden space 10240K, 0% used [0x000000076ab00000,0x000000076ab00000,0x000000076b500000)
  from space 512K, 18% used [0x000000076b600000,0x000000076b618000,0x000000076b680000)
  to   space 512K, 0% used [0x000000076b580000,0x000000076b580000,0x000000076b600000)
 ParOldGen       total 260608K, used 8837K [0x00000006c0000000, 0x00000006cfe80000, 0x000000076ab00000)
  object space 260608K, 3% used [0x00000006c0000000,0x00000006c08a1730,0x00000006cfe80000)
 Metaspace       used 14487K, capacity 14638K, committed 14848K, reserved 1062912K
  class space    used 1887K, capacity 1943K, committed 2048K, reserved 1048576K
}
Event: 186.675 GC heap before
{Heap before GC invocations=419 (full 0):
 PSYoungGen      total 10752K, used 10336K [0x000000076ab00000, 0x000000076b680000, 0x00000007c0000000)
  eden space 10240K, 100% used [0x000000076ab00000,0x000000076b500000,0x000000076b500000)
  from space 512K, 18% used [0x000000076b600000,0x000000076b618000,0x000000076b680000)
  to   space 512K, 0% used [0x000000076b580000,0x000000076b580000,0x000000076b600000)
 ParOldGen       total 260608K, used 8837K [0x00000006c0000000, 0x00000006cfe80000, 0x000000076ab00000)
  object space 260608K, 3% used [0x00000006c0000000,0x00000006c08a1730,0x00000006cfe80000)
 Metaspace       used 14487K, capacity 14638K, committed 14848K, reserved 1062912K
  class space    used 1887K, capacity 1943K, committed 2048K, reserved 1048576K
Event: 186.676 GC heap after
Heap after GC invocations=419 (full 0):
 PSYoungGen      total 10752K, used 128K [0x000000076ab00000, 0x000000076b680000, 0x00000007c0000000)
  eden space 10240K, 0% used [0x000000076ab00000,0x000000076ab00000,0x000000076b500000)
  from space 512K, 25% used [0x000000076b580000,0x000000076b5a0000,0x000000076b600000)
  to   space 512K, 0% used [0x000000076b600000,0x000000076b600000,0x000000076b680000)
 ParOldGen       total 260608K, used 8845K [0x00000006c0000000, 0x00000006cfe80000, 0x000000076ab00000)
  object space 260608K, 3% used [0x00000006c0000000,0x00000006c08a3730,0x00000006cfe80000)
 Metaspace       used 14487K, capacity 14638K, committed 14848K, reserved 1062912K
  class space    used 1887K, capacity 1943K, committed 2048K, reserved 1048576K
}
Event: 186.848 GC heap before
{Heap before GC invocations=420 (full 0):
 PSYoungGen      total 10752K, used 10368K [0x000000076ab00000, 0x000000076b680000, 0x00000007c0000000)
  eden space 10240K, 100% used [0x000000076ab00000,0x000000076b500000,0x000000076b500000)
  from space 512K, 25% used [0x000000076b580000,0x000000076b5a0000,0x000000076b600000)
  to   space 512K, 0% used [0x000000076b600000,0x000000076b600000,0x000000076b680000)
 ParOldGen       total 260608K, used 8845K [0x00000006c0000000, 0x00000006cfe80000, 0x000000076ab00000)
  object space 260608K, 3% used [0x00000006c0000000,0x00000006c08a3730,0x00000006cfe80000)
 Metaspace       used 14488K, capacity 14638K, committed 14848K, reserved 1062912K
  class space    used 1887K, capacity 1943K, committed 2048K, reserved 1048576K
Event: 186.849 GC heap after
Heap after GC invocations=420 (full 0):
 PSYoungGen      total 10752K, used 160K [0x000000076ab00000, 0x000000076b680000, 0x00000007c0000000)
  eden space 10240K, 0% used [0x000000076ab00000,0x000000076ab00000,0x000000076b500000)
  from space 512K, 31% used [0x000000076b600000,0x000000076b628000,0x000000076b680000)
  to   space 512K, 0% used [0x000000076b580000,0x000000076b580000,0x000000076b600000)
 ParOldGen       total 260608K, used 8861K [0x00000006c0000000, 0x00000006cfe80000, 0x000000076ab00000)
  object space 260608K, 3% used [0x00000006c0000000,0x00000006c08a7730,0x00000006cfe80000)
 Metaspace       used 14488K, capacity 14638K, committed 14848K, reserved 1062912K
  class space    used 1887K, capacity 1943K, committed 2048K, reserved 1048576K
}

Deoptimization events (10 events):
Event: 0.351 Thread 0x00007ff604004800 Uncommon trap: reason=class_check action=maybe_recompile pc=0x0000000106568690 method=java.io.BufferedInputStream.fill()V @ 214
Event: 0.853 Thread 0x00007ff604004800 Uncommon trap: reason=class_check action=maybe_recompile pc=0x0000000106584f80 method=java.lang.String.equals(Ljava/lang/Object;)Z @ 8
Event: 0.853 Thread 0x00007ff604004800 Uncommon trap: reason=class_check action=maybe_recompile pc=0x0000000106584f80 method=java.lang.String.equals(Ljava/lang/Object;)Z @ 8
Event: 0.853 Thread 0x00007ff604004800 Uncommon trap: reason=class_check action=maybe_recompile pc=0x0000000106584f80 method=java.lang.String.equals(Ljava/lang/Object;)Z @ 8
Event: 0.853 Thread 0x00007ff604004800 Uncommon trap: reason=class_check action=maybe_recompile pc=0x0000000106584f80 method=java.lang.String.equals(Ljava/lang/Object;)Z @ 8
Event: 88.932 Thread 0x00007ff6040ea800 Uncommon trap: reason=class_check action=maybe_recompile pc=0x00000001068c07e4 method=javax.swing.text.GlyphView.getText(II)Ljavax/swing/text/Segment; @ 17
Event: 88.933 Thread 0x00007ff6040ea800 Uncommon trap: reason=class_check action=maybe_recompile pc=0x00000001068c07e4 method=javax.swing.text.GlyphView.getText(II)Ljavax/swing/text/Segment; @ 17
Event: 88.933 Thread 0x00007ff6040ea800 Uncommon trap: reason=class_check action=maybe_recompile pc=0x00000001068c07e4 method=javax.swing.text.GlyphView.getText(II)Ljavax/swing/text/Segment; @ 17
Event: 88.933 Thread 0x00007ff6040ea800 Uncommon trap: reason=class_check action=maybe_recompile pc=0x00000001068c07e4 method=javax.swing.text.GlyphView.getText(II)Ljavax/swing/text/Segment; @ 17
Event: 187.002 Thread 0x00007ff60529a800 Uncommon trap: reason=class_check action=maybe_recompile pc=0x000000010696f798 method=xclipsjni.ClipsCore.findFact(Ljava/lang/String;Ljava/lang/String;Ljava/lang/String;[Ljava/lang/String;)[Ljava/lang/String; @ 88

Internal exceptions (10 events):
Event: 3.251 Thread 0x00007ff6040ea800 Exception <a 'java/security/PrivilegedActionException'> (0x000000076ac1f730) thrown at [/HUDSON/workspace/8-2-build-macosx-x86_64/jdk8u5/2488/hotspot/src/share/vm/prims/jvm.cpp, line 1248]
Event: 3.251 Thread 0x00007ff6040ea800 Exception <a 'java/security/PrivilegedActionException'> (0x000000076ac237a0) thrown at [/HUDSON/workspace/8-2-build-macosx-x86_64/jdk8u5/2488/hotspot/src/share/vm/prims/jvm.cpp, line 1248]
Event: 3.291 Thread 0x00007ff6040ea800 Exception <a 'java/security/PrivilegedActionException'> (0x000000076ac2bcc0) thrown at [/HUDSON/workspace/8-2-build-macosx-x86_64/jdk8u5/2488/hotspot/src/share/vm/prims/jvm.cpp, line 1248]
Event: 3.294 Thread 0x00007ff6040ea800 Exception <a 'java/security/PrivilegedActionException'> (0x000000076ac36c80) thrown at [/HUDSON/workspace/8-2-build-macosx-x86_64/jdk8u5/2488/hotspot/src/share/vm/prims/jvm.cpp, line 1248]
Event: 3.331 Thread 0x00007ff6040ea800 Exception <a 'java/lang/ArrayIndexOutOfBoundsException': 1> (0x000000076acc3498) thrown at [/HUDSON/workspace/8-2-build-macosx-x86_64/jdk8u5/2488/hotspot/src/share/vm/interpreter/interpreterRuntime.cpp, line 337]
Event: 3.331 Thread 0x00007ff6040ea800 Exception <a 'java/lang/ArrayIndexOutOfBoundsException'> (0x000000076acc3498) thrown at [/HUDSON/workspace/8-2-build-macosx-x86_64/jdk8u5/2488/hotspot/src/share/vm/prims/jvm.cpp, line 1252]
Event: 3.331 Thread 0x00007ff6040ea800 Exception <a 'java/lang/ArrayIndexOutOfBoundsException'> (0x000000076acc3498) thrown at [/HUDSON/workspace/8-2-build-macosx-x86_64/jdk8u5/2488/hotspot/src/share/vm/prims/jvm.cpp, line 1252]
Event: 7.005 Thread 0x00007ff604067000 Exception <a 'java/lang/NullPointerException'> (0x000000076ab07400) thrown at [/HUDSON/workspace/8-2-build-macosx-x86_64/jdk8u5/2488/hotspot/src/share/vm/interpreter/linkResolver.cpp, line 1169]
Event: 7.005 Thread 0x00007ff604067000 Exception <a 'java/lang/NullPointerException'> (0x000000076ab075b0) thrown at [/HUDSON/workspace/8-2-build-macosx-x86_64/jdk8u5/2488/hotspot/src/share/vm/interpreter/linkResolver.cpp, line 1169]
Event: 63.298 Thread 0x00007ff604067000 Exception <a 'java/lang/NullPointerException'> (0x000000076ab15b18) thrown at [/HUDSON/workspace/8-2-build-macosx-x86_64/jdk8u5/2488/hotspot/src/share/vm/interpreter/linkResolver.cpp, line 1169]

Events (10 events):
Event: 186.675 Executing VM operation: ParallelGCFailedAllocation
Event: 186.676 Executing VM operation: ParallelGCFailedAllocation done
Event: 186.848 Executing VM operation: ParallelGCFailedAllocation
Event: 186.849 Executing VM operation: ParallelGCFailedAllocation done
Event: 186.998 loading class java/awt/Window$1DisposeAction
Event: 186.998 loading class java/awt/Window$1DisposeAction done
Event: 187.002 Thread 0x00007ff60529a800 Uncommon trap: trap_request=0xffffffde fr.pc=0x000000010696f798
Event: 187.002 Thread 0x00007ff60529a800 DEOPT PACKING pc=0x000000010696f798 sp=0x000000012c3a2800
Event: 187.002 Thread 0x00007ff60529a800 DEOPT UNPACKING pc=0x000000010640a250 sp=0x000000012c3a27d0 mode 2
Event: 187.002 Thread 0x00007ff60529a800 Thread exited: 0x00007ff60529a800


Dynamic libraries:
0x000000000c2ab000 	/System/Library/Frameworks/Cocoa.framework/Versions/A/Cocoa
0x000000000c2ab000 	/System/Library/Frameworks/Security.framework/Versions/A/Security
0x000000000c2ab000 	/System/Library/Frameworks/ApplicationServices.framework/Versions/A/ApplicationServices
0x000000000c2ab000 	/usr/lib/libz.1.dylib
0x000000000c2ab000 	/usr/lib/libSystem.B.dylib
0x000000000c2ab000 	/usr/lib/libobjc.A.dylib
0x000000000c2ab000 	/System/Library/Frameworks/CoreFoundation.framework/Versions/A/CoreFoundation
0x000000000c2ab000 	/System/Library/Frameworks/Foundation.framework/Versions/C/Foundation
0x000000000c2ab000 	/System/Library/Frameworks/AppKit.framework/Versions/C/AppKit
0x000000000c2ab000 	/System/Library/Frameworks/CoreData.framework/Versions/A/CoreData
0x000000000c2ab000 	/System/Library/PrivateFrameworks/RemoteViewServices.framework/Versions/A/RemoteViewServices
0x000000000c2ab000 	/System/Library/Frameworks/AudioToolbox.framework/Versions/A/AudioToolbox
0x000000000c2ab000 	/System/Library/Frameworks/AudioUnit.framework/Versions/A/AudioUnit
0x000000000c2ab000 	/System/Library/PrivateFrameworks/DataDetectorsCore.framework/Versions/A/DataDetectorsCore
0x000000000c2ab000 	/System/Library/PrivateFrameworks/DesktopServicesPriv.framework/Versions/A/DesktopServicesPriv
0x000000000c2ab000 	/System/Library/Frameworks/Carbon.framework/Versions/A/Frameworks/HIToolbox.framework/Versions/A/HIToolbox
0x000000000c2ab000 	/System/Library/Frameworks/QuartzCore.framework/Versions/A/QuartzCore
0x000000000c2ab000 	/System/Library/Frameworks/Carbon.framework/Versions/A/Frameworks/SpeechRecognition.framework/Versions/A/SpeechRecognition
0x000000000c2ab000 	/usr/lib/libauto.dylib
0x000000000c2ab000 	/usr/lib/libicucore.A.dylib
0x000000000c2ab000 	/usr/lib/libxml2.2.dylib
0x000000000c2ab000 	/System/Library/PrivateFrameworks/CoreUI.framework/Versions/A/CoreUI
0x000000000c2ab000 	/System/Library/Frameworks/CoreAudio.framework/Versions/A/CoreAudio
0x000000000c2ab000 	/System/Library/Frameworks/DiskArbitration.framework/Versions/A/DiskArbitration
0x000000000c2ab000 	/usr/lib/liblangid.dylib
0x000000000c2ab000 	/System/Library/PrivateFrameworks/MultitouchSupport.framework/Versions/A/MultitouchSupport
0x000000000c2ab000 	/System/Library/Frameworks/IOKit.framework/Versions/A/IOKit
0x000000000c2ab000 	/usr/lib/libDiagnosticMessagesClient.dylib
0x000000000c2ab000 	/System/Library/Frameworks/CoreServices.framework/Versions/A/CoreServices
0x000000000c2ab000 	/System/Library/PrivateFrameworks/PerformanceAnalysis.framework/Versions/A/PerformanceAnalysis
0x000000000c2ab000 	/System/Library/PrivateFrameworks/GenerationalStorage.framework/Versions/A/GenerationalStorage
0x000000000c2ab000 	/System/Library/Frameworks/OpenGL.framework/Versions/A/OpenGL
0x000000000c2ab000 	/System/Library/PrivateFrameworks/Sharing.framework/Versions/A/Sharing
0x000000000c2ab000 	/System/Library/Frameworks/ImageIO.framework/Versions/A/ImageIO
0x000000000c2ab000 	/System/Library/Frameworks/CoreText.framework/Versions/A/CoreText
0x000000000c2ab000 	/System/Library/Frameworks/CoreGraphics.framework/Versions/A/CoreGraphics
0x000000000c2ab000 	/System/Library/PrivateFrameworks/Backup.framework/Versions/A/Backup
0x000000000c2ab000 	/System/Library/Frameworks/CFNetwork.framework/Versions/A/CFNetwork
0x000000000c2ab000 	/System/Library/Frameworks/SystemConfiguration.framework/Versions/A/SystemConfiguration
0x000000000c2ab000 	/usr/lib/libCRFSuite.dylib
0x000000000c2ab000 	/usr/lib/libc++.1.dylib
0x000000000c2ab000 	/usr/lib/libc++abi.dylib
0x000000000c2ab000 	/usr/lib/system/libcache.dylib
0x000000000c2ab000 	/usr/lib/system/libcommonCrypto.dylib
0x000000000c2ab000 	/usr/lib/system/libcompiler_rt.dylib
0x000000000c2ab000 	/usr/lib/system/libcopyfile.dylib
0x000000000c2ab000 	/usr/lib/system/libcorecrypto.dylib
0x000000000c2ab000 	/usr/lib/system/libdispatch.dylib
0x000000000c2ab000 	/usr/lib/system/libdyld.dylib
0x000000000c2ab000 	/usr/lib/system/libkeymgr.dylib
0x000000000c2ab000 	/usr/lib/system/liblaunch.dylib
0x000000000c2ab000 	/usr/lib/system/libmacho.dylib
0x000000000c2ab000 	/usr/lib/system/libquarantine.dylib
0x000000000c2ab000 	/usr/lib/system/libremovefile.dylib
0x000000000c2ab000 	/usr/lib/system/libsystem_asl.dylib
0x000000000c2ab000 	/usr/lib/system/libsystem_blocks.dylib
0x000000000c2ab000 	/usr/lib/system/libsystem_c.dylib
0x000000000c2ab000 	/usr/lib/system/libsystem_configuration.dylib
0x000000000c2ab000 	/usr/lib/system/libsystem_dnssd.dylib
0x000000000c2ab000 	/usr/lib/system/libsystem_info.dylib
0x000000000c2ab000 	/usr/lib/system/libsystem_kernel.dylib
0x000000000c2ab000 	/usr/lib/system/libsystem_m.dylib
0x000000000c2ab000 	/usr/lib/system/libsystem_malloc.dylib
0x000000000c2ab000 	/usr/lib/system/libsystem_network.dylib
0x000000000c2ab000 	/usr/lib/system/libsystem_notify.dylib
0x000000000c2ab000 	/usr/lib/system/libsystem_platform.dylib
0x000000000c2ab000 	/usr/lib/system/libsystem_pthread.dylib
0x000000000c2ab000 	/usr/lib/system/libsystem_sandbox.dylib
0x000000000c2ab000 	/usr/lib/system/libsystem_stats.dylib
0x000000000c2ab000 	/usr/lib/system/libunc.dylib
0x000000000c2ab000 	/usr/lib/system/libunwind.dylib
0x000000000c2ab000 	/usr/lib/system/libxpc.dylib
0x000000000c2ab000 	/usr/lib/libbsm.0.dylib
0x000000000c2ab000 	/usr/lib/libsqlite3.dylib
0x000000000c2ab000 	/usr/lib/libxar.1.dylib
0x000000000c2ab000 	/usr/lib/libpam.2.dylib
0x000000000c2ab000 	/usr/lib/libOpenScriptingUtil.dylib
0x000000000c2ab000 	/usr/lib/libbz2.1.0.dylib
0x000000000c2ab000 	/System/Library/Frameworks/CoreServices.framework/Versions/A/Frameworks/CarbonCore.framework/Versions/A/CarbonCore
0x000000000c2ab000 	/System/Library/Frameworks/CoreServices.framework/Versions/A/Frameworks/Metadata.framework/Versions/A/Metadata
0x000000000c2ab000 	/System/Library/Frameworks/CoreServices.framework/Versions/A/Frameworks/OSServices.framework/Versions/A/OSServices
0x000000000c2ab000 	/System/Library/Frameworks/CoreServices.framework/Versions/A/Frameworks/SearchKit.framework/Versions/A/SearchKit
0x000000000c2ab000 	/System/Library/Frameworks/CoreServices.framework/Versions/A/Frameworks/AE.framework/Versions/A/AE
0x000000000c2ab000 	/System/Library/Frameworks/CoreServices.framework/Versions/A/Frameworks/LaunchServices.framework/Versions/A/LaunchServices
0x000000000c2ab000 	/System/Library/Frameworks/CoreServices.framework/Versions/A/Frameworks/DictionaryServices.framework/Versions/A/DictionaryServices
0x000000000c2ab000 	/System/Library/Frameworks/NetFS.framework/Versions/A/NetFS
0x000000000c2ab000 	/usr/lib/system/libkxld.dylib
0x000000000c2ab000 	/System/Library/PrivateFrameworks/NetAuth.framework/Versions/A/NetAuth
0x000000000c2ab000 	/System/Library/PrivateFrameworks/TCC.framework/Versions/A/TCC
0x000000000c2ab000 	/System/Library/Frameworks/OpenDirectory.framework/Versions/A/Frameworks/CFOpenDirectory.framework/Versions/A/CFOpenDirectory
0x000000000c2ab000 	/System/Library/Frameworks/ServiceManagement.framework/Versions/A/ServiceManagement
0x000000000c2ab000 	/usr/lib/libxslt.1.dylib
0x000000000c2ab000 	/System/Library/Frameworks/Carbon.framework/Versions/A/Frameworks/Ink.framework/Versions/A/Ink
0x000000000c2ab000 	/System/Library/Frameworks/ApplicationServices.framework/Versions/A/Frameworks/ATS.framework/Versions/A/ATS
0x000000000c2ab000 	/System/Library/Frameworks/ApplicationServices.framework/Versions/A/Frameworks/ColorSync.framework/Versions/A/ColorSync
0x000000000c2ab000 	/System/Library/Frameworks/ApplicationServices.framework/Versions/A/Frameworks/HIServices.framework/Versions/A/HIServices
0x000000000c2ab000 	/System/Library/Frameworks/ApplicationServices.framework/Versions/A/Frameworks/LangAnalysis.framework/Versions/A/LangAnalysis
0x000000000c2ab000 	/System/Library/Frameworks/ApplicationServices.framework/Versions/A/Frameworks/PrintCore.framework/Versions/A/PrintCore
0x000000000c2ab000 	/System/Library/Frameworks/ApplicationServices.framework/Versions/A/Frameworks/QD.framework/Versions/A/QD
0x000000000c2ab000 	/System/Library/Frameworks/ApplicationServices.framework/Versions/A/Frameworks/SpeechSynthesis.framework/Versions/A/SpeechSynthesis
0x000000000c2ab000 	/System/Library/Frameworks/IOSurface.framework/Versions/A/IOSurface
0x000000000c2ab000 	/System/Library/Frameworks/Accelerate.framework/Versions/A/Accelerate
0x000000000c2ab000 	/System/Library/Frameworks/Accelerate.framework/Versions/A/Frameworks/vImage.framework/Versions/A/vImage
0x000000000c2ab000 	/System/Library/Frameworks/Accelerate.framework/Versions/A/Frameworks/vecLib.framework/Versions/A/vecLib
0x000000000c2ab000 	/System/Library/Frameworks/Accelerate.framework/Versions/A/Frameworks/vecLib.framework/Versions/A/libvDSP.dylib
0x000000000c2ab000 	/System/Library/Frameworks/Accelerate.framework/Versions/A/Frameworks/vecLib.framework/Versions/A/libvMisc.dylib
0x000000000c2ab000 	/System/Library/Frameworks/Accelerate.framework/Versions/A/Frameworks/vecLib.framework/Versions/A/libLAPACK.dylib
0x000000000c2ab000 	/System/Library/Frameworks/Accelerate.framework/Versions/A/Frameworks/vecLib.framework/Versions/A/libBLAS.dylib
0x000000000c2ab000 	/System/Library/Frameworks/ApplicationServices.framework/Versions/A/Frameworks/ATS.framework/Versions/A/Resources/libFontParser.dylib
0x000000000c2ab000 	/System/Library/Frameworks/ApplicationServices.framework/Versions/A/Frameworks/ATS.framework/Versions/A/Resources/libFontRegistry.dylib
0x000000000c2ab000 	/System/Library/Frameworks/ImageIO.framework/Versions/A/Resources/libJPEG.dylib
0x000000000c2ab000 	/System/Library/Frameworks/ImageIO.framework/Versions/A/Resources/libTIFF.dylib
0x000000000c2ab000 	/System/Library/Frameworks/ImageIO.framework/Versions/A/Resources/libPng.dylib
0x000000000c2ab000 	/System/Library/Frameworks/ImageIO.framework/Versions/A/Resources/libGIF.dylib
0x000000000c2ab000 	/System/Library/Frameworks/ImageIO.framework/Versions/A/Resources/libJP2.dylib
0x000000000c2ab000 	/System/Library/Frameworks/ImageIO.framework/Versions/A/Resources/libRadiance.dylib
0x000000000c2ab000 	/usr/lib/libcups.2.dylib
0x000000000c2ab000 	/System/Library/Frameworks/Kerberos.framework/Versions/A/Kerberos
0x000000000c2ab000 	/System/Library/Frameworks/GSS.framework/Versions/A/GSS
0x000000000c2ab000 	/usr/lib/libresolv.9.dylib
0x000000000c2ab000 	/usr/lib/libiconv.2.dylib
0x000000000c2ab000 	/System/Library/PrivateFrameworks/Heimdal.framework/Versions/A/Heimdal
0x000000000c2ab000 	/System/Library/PrivateFrameworks/TrustEvaluationAgent.framework/Versions/A/TrustEvaluationAgent
0x000000000c2ab000 	/usr/lib/libheimdal-asn1.dylib
0x000000000c2ab000 	/System/Library/Frameworks/OpenDirectory.framework/Versions/A/OpenDirectory
0x000000000c2ab000 	/System/Library/PrivateFrameworks/CommonAuth.framework/Versions/A/CommonAuth
0x000000000c2ab000 	/System/Library/Frameworks/SecurityFoundation.framework/Versions/A/SecurityFoundation
0x000000000c2ab000 	/System/Library/PrivateFrameworks/Bom.framework/Versions/A/Bom
0x000000000c2ab000 	/System/Library/Frameworks/CoreVideo.framework/Versions/A/CoreVideo
0x000000000c2ab000 	/System/Library/Frameworks/QuartzCore.framework/Versions/A/Frameworks/CoreImage.framework/Versions/A/CoreImage
0x000000000c2ab000 	/System/Library/Frameworks/QuartzCore.framework/Versions/A/Frameworks/ScalableUserInterface.framework/Versions/A/ScalableUserInterface
0x000000000c2ab000 	/System/Library/Frameworks/OpenGL.framework/Versions/A/Libraries/libGLU.dylib
0x000000000c2ab000 	/System/Library/Frameworks/OpenGL.framework/Versions/A/Libraries/libGFXShared.dylib
0x000000000c2ab000 	/System/Library/Frameworks/OpenGL.framework/Versions/A/Libraries/libGL.dylib
0x000000000c2ab000 	/System/Library/Frameworks/OpenGL.framework/Versions/A/Libraries/libGLImage.dylib
0x000000000c2ab000 	/System/Library/Frameworks/OpenGL.framework/Versions/A/Libraries/libCVMSPluginSupport.dylib
0x000000000c2ab000 	/System/Library/Frameworks/OpenGL.framework/Versions/A/Libraries/libCoreVMClient.dylib
0x000000000c2ab000 	/System/Library/PrivateFrameworks/FaceCore.framework/Versions/A/FaceCore
0x000000000c2ab000 	/System/Library/PrivateFrameworks/CrashReporterSupport.framework/Versions/A/CrashReporterSupport
0x000000000c2ab000 	/System/Library/Frameworks/OpenCL.framework/Versions/A/OpenCL
0x000000000c2ab000 	/System/Library/PrivateFrameworks/AppleFSCompression.framework/Versions/A/AppleFSCompression
0x000000000c2ab000 	/System/Library/PrivateFrameworks/Ubiquity.framework/Versions/A/Ubiquity
0x000000000c2ab000 	/System/Library/PrivateFrameworks/IconServices.framework/Versions/A/IconServices
0x000000000c2ab000 	/System/Library/PrivateFrameworks/ChunkingLibrary.framework/Versions/A/ChunkingLibrary
0x000000000c2ab000 	/System/Library/PrivateFrameworks/CoreSymbolication.framework/Versions/A/CoreSymbolication
0x000000000c2ab000 	/System/Library/PrivateFrameworks/Symbolication.framework/Versions/A/Symbolication
0x000000000c2ab000 	/System/Library/PrivateFrameworks/DebugSymbols.framework/Versions/A/DebugSymbols
0x0000000105400000 	/Library/Java/JavaVirtualMachines/jdk1.8.0_05.jdk/Contents/Home/jre/lib/server/libjvm.dylib
0x000000000c2ab000 	/usr/lib/libstdc++.6.dylib
0x000000010436e000 	/Library/Java/JavaVirtualMachines/jdk1.8.0_05.jdk/Contents/Home/jre/lib/libverify.dylib
0x000000010437c000 	/Library/Java/JavaVirtualMachines/jdk1.8.0_05.jdk/Contents/Home/jre/lib/libjava.dylib
0x00000001043ba000 	/Library/Java/JavaVirtualMachines/jdk1.8.0_05.jdk/Contents/Home/jre/lib/libzip.dylib
0x0000000121f6e000 	/System/Library/Frameworks/JavaVM.framework/Frameworks/JavaRuntimeSupport.framework/JavaRuntimeSupport
0x0000000121f86000 	/System/Library/Frameworks/JavaVM.framework/Versions/A/Frameworks/JavaNativeFoundation.framework/Versions/A/JavaNativeFoundation
0x00000001043ec000 	/System/Library/Frameworks/JavaVM.framework/Versions/A/JavaVM
0x000000000c2ab000 	/System/Library/Frameworks/Carbon.framework/Versions/A/Carbon
0x0000000121f9b000 	/System/Library/PrivateFrameworks/JavaLaunching.framework/Versions/A/JavaLaunching
0x000000000c2ab000 	/System/Library/Frameworks/Carbon.framework/Versions/A/Frameworks/CommonPanels.framework/Versions/A/CommonPanels
0x000000000c2ab000 	/System/Library/Frameworks/Carbon.framework/Versions/A/Frameworks/Help.framework/Versions/A/Help
0x000000000c2ab000 	/System/Library/Frameworks/Carbon.framework/Versions/A/Frameworks/ImageCapture.framework/Versions/A/ImageCapture
0x000000000c2ab000 	/System/Library/Frameworks/Carbon.framework/Versions/A/Frameworks/OpenScripting.framework/Versions/A/OpenScripting
0x000000000c2ab000 	/System/Library/Frameworks/Carbon.framework/Versions/A/Frameworks/Print.framework/Versions/A/Print
0x000000000c2ab000 	/System/Library/Frameworks/Carbon.framework/Versions/A/Frameworks/SecurityHI.framework/Versions/A/SecurityHI
0x0000000122809000 	/Library/Java/JavaVirtualMachines/jdk1.8.0_05.jdk/Contents/Home/jre/lib/libawt.dylib
0x00000001228b8000 	/Library/Java/JavaVirtualMachines/jdk1.8.0_05.jdk/Contents/Home/jre/lib/./libmlib_image.dylib
0x0000000122984000 	/Library/Java/JavaVirtualMachines/jdk1.8.0_05.jdk/Contents/Home/jre/lib/libawt_lwawt.dylib
0x0000000122a36000 	/Library/Java/JavaVirtualMachines/jdk1.8.0_05.jdk/Contents/Home/jre/lib/./libosxapp.dylib
0x000000000c2ab000 	/System/Library/Frameworks/ExceptionHandling.framework/Versions/A/ExceptionHandling
0x000000000c2ab000 	/System/Library/PrivateFrameworks/CoreServicesInternal.framework/Versions/A/CoreServicesInternal
0x000000000c2ab000 	/System/Library/PrivateFrameworks/Librarian.framework/Versions/A/Librarian
0x000000000c2ab000 	/System/Library/Frameworks/CoreGraphics.framework/Versions/A/Resources/libCGCMS.A.dylib
0x000000000c2ab000 	/System/Library/Frameworks/CoreGraphics.framework/Versions/A/Resources/libRIP.A.dylib
0x000000000c2ab000 	/System/Library/Frameworks/CoreGraphics.framework/Versions/A/Resources/libCGXType.A.dylib
0x000000000c2ab000 	/System/Library/PrivateFrameworks/FamilyControls.framework/Versions/A/FamilyControls
0x000000000c2ab000 	/System/Library/PrivateFrameworks/CommerceKit.framework/Versions/A/Frameworks/CommerceCore.framework/Versions/A/CommerceCore
0x000000000c2ab000 	/System/Library/PrivateFrameworks/SystemAdministration.framework/Versions/A/SystemAdministration
0x000000000c2ab000 	/System/Library/Frameworks/DirectoryService.framework/Versions/A/DirectoryService
0x000000000c2ab000 	/System/Library/PrivateFrameworks/DiskImages.framework/Versions/A/DiskImages
0x000000000c2ab000 	/System/Library/PrivateFrameworks/LoginUIKit.framework/Versions/A/Frameworks/LoginUICore.framework/Versions/A/LoginUICore
0x000000000c2ab000 	/usr/lib/libCoreStorage.dylib
0x000000000c2ab000 	/usr/lib/libcsfde.dylib
0x000000000c2ab000 	/usr/lib/libodfde.dylib
0x000000000c2ab000 	/System/Library/Frameworks/DiscRecording.framework/Versions/A/DiscRecording
0x000000000c2ab000 	/usr/lib/libcurl.4.dylib
0x000000000c2ab000 	/System/Library/PrivateFrameworks/MediaKit.framework/Versions/A/MediaKit
0x000000000c2ab000 	/System/Library/PrivateFrameworks/EFILogin.framework/Versions/A/EFILogin
0x000000000c2ab000 	/usr/lib/libutil.dylib
0x000000000c2ab000 	/System/Library/PrivateFrameworks/AOSNotification.framework/Versions/A/AOSNotification
0x000000000c2ab000 	/System/Library/Frameworks/LDAP.framework/Versions/A/LDAP
0x000000000c2ab000 	/usr/lib/libsasl2.2.dylib
0x000000000c2ab000 	/usr/lib/libcrypto.0.9.8.dylib
0x000000000c2ab000 	/usr/lib/libssl.0.9.8.dylib
0x00000001245b6000 	/Library/Java/JavaVirtualMachines/jdk1.8.0_05.jdk/Contents/Home/jre/lib/libjpeg.dylib
0x000000000c2ab000 	/System/Library/Frameworks/OpenGL.framework/Versions/A/Resources/GLEngine.bundle/GLEngine
0x000000000c2ab000 	/System/Library/Frameworks/OpenGL.framework/Versions/A/Libraries/libGLProgrammability.dylib
0x0000000000000000 	/System/Library/Extensions/AMDRadeonX3000GLDriver.bundle/Contents/MacOS/AMDRadeonX3000GLDriver
0x000000000c2ab000 	/System/Library/PrivateFrameworks/IOAccelerator.framework/Versions/A/IOAccelerator
0x000000000c2ab000 	/System/Library/PrivateFrameworks/GPUSupport.framework/Versions/A/Libraries/libGPUSupportMercury.dylib
0x000000000c2ab000 	/System/Library/Frameworks/OpenGL.framework/Versions/A/Resources/GLRendererFloat.bundle/GLRendererFloat
0x000000000c2ab000 	/System/Library/Frameworks/OpenCL.framework/Versions/A/Libraries/libcldcpuengine.dylib
0x000000012761e000 	/Library/Java/JavaVirtualMachines/jdk1.8.0_05.jdk/Contents/Home/jre/lib/libfontmanager.dylib
0x0000000127684000 	/Library/Java/JavaVirtualMachines/jdk1.8.0_05.jdk/Contents/Home/jre/lib/libosxui.dylib
0x0000000127a40000 	/Library/Java/JavaVirtualMachines/jdk1.8.0_05.jdk/Contents/Home/jre/lib/libnet.dylib
0x0000000127a56000 	/Library/Java/JavaVirtualMachines/jdk1.8.0_05.jdk/Contents/Home/jre/lib/libnio.dylib
0x000000012bb7e000 	/Library/Java/Extensions/libCLIPSJNI.jnilib

VM Arguments:
jvm_args: -Dfile.encoding=UTF-8 
java_command: monitor1213.MonitorView
java_class_path (initial): /Users/WatchTower/Sviluppo/Unito/IA-LAB/Esercizi-IA-Lab/PROGETTO_CLIPS/Progetto Finale/waitor/libs/CLIPSJNI.jar:/Users/WatchTower/Sviluppo/Unito/IA-LAB/Esercizi-IA-Lab/PROGETTO_CLIPS/Progetto Finale/waitor/build/classes
Launcher Type: SUN_STANDARD

Environment Variables:
PATH=/usr/bin:/bin:/usr/sbin:/sbin
LD_LIBRARY_PATH=/Library/Java/JavaVirtualMachines/jdk1.8.0_05.jdk/Contents/Home/jre/lib/amd64:/Library/Java/JavaVirtualMachines/jdk1.8.0_05.jdk/Contents/Home/jre/lib/i386:
SHELL=/bin/bash
DISPLAY=/tmp/launch-v479vo/org.macosforge.xquartz:0
DYLD_LIBRARY_PATH=/Applications/NetBeans/NetBeans 8.0.app/Contents/Resources/NetBeans/webcommon/bin:

Signal Handlers:
SIGSEGV: [libjvm.dylib+0x55f7df], sa_mask[0]=0xfffefeff, sa_flags=0x00000043
SIGBUS: [libjvm.dylib+0x55f7df], sa_mask[0]=0xfffefeff, sa_flags=0x00000042
SIGFPE: [libjvm.dylib+0x442cfa], sa_mask[0]=0xfffefeff, sa_flags=0x00000042
SIGPIPE: [libjvm.dylib+0x442cfa], sa_mask[0]=0xfffefeff, sa_flags=0x00000042
SIGXFSZ: [libjvm.dylib+0x442cfa], sa_mask[0]=0xfffefeff, sa_flags=0x00000042
SIGILL: [libjvm.dylib+0x442cfa], sa_mask[0]=0xfffefeff, sa_flags=0x00000042
SIGUSR1: SIG_DFL, sa_mask[0]=0x00000000, sa_flags=0x00000002
SIGUSR2: [libjvm.dylib+0x442818], sa_mask[0]=0x00000004, sa_flags=0x00000042
SIGHUP: [libjvm.dylib+0x440ba5], sa_mask[0]=0xfffefeff, sa_flags=0x00000042
SIGINT: [libCLIPSJNI.jnilib+0xd6795], sa_mask[0]=0x00000000, sa_flags=0x00000002
SIGTERM: [libjvm.dylib+0x440ba5], sa_mask[0]=0xfffefeff, sa_flags=0x00000042
SIGQUIT: [libjvm.dylib+0x440ba5], sa_mask[0]=0xfffefeff, sa_flags=0x00000042


---------------  S Y S T E M  ---------------

OS:Bsduname:Darwin 13.4.0 Darwin Kernel Version 13.4.0: Wed Dec 17 19:05:52 PST 2014; root:xnu-2422.115.10~1/RELEASE_X86_64 x86_64
rlimit: STACK 8192k, CORE 0k, NPROC 709, NOFILE 10240, AS infinity
load average:1.81 1.19 0.94

CPU:total 8 (4 cores per cpu, 2 threads per core) family 6 model 42 stepping 7, cmov, cx8, fxsr, mmx, sse, sse2, sse3, ssse3, sse4.1, sse4.2, popcnt, avx, aes, clmul, ht, tsc, tscinvbit

Memory: 4k page, physical 16777216k(1922932k free)

/proc/meminfo:


vm_info: Java HotSpot(TM) 64-Bit Server VM (25.5-b02) for bsd-amd64 JRE (1.8.0_05-b13), built on Mar 18 2014 00:36:13 by "java_re" with gcc 4.2.1 (Based on Apple Inc. build 5658) (LLVM build 2336.11.00)

time: Sat Feb  7 19:05:14 2015
elapsed time: 187 seconds

