#
# A fatal error has been detected by the Java Runtime Environment:
#
#  SIGSEGV (0xb) at pc=0x0000000139f1f3e6, pid=1983, tid=65427
#
# JRE version: Java(TM) SE Runtime Environment (8.0_20-b26) (build 1.8.0_20-b26)
# Java VM: Java HotSpot(TM) 64-Bit Server VM (25.20-b23 mixed mode bsd-amd64 compressed oops)
# Problematic frame:
# C  [libCLIPSJNI.jnilib+0xe73e6]  ConvertSingleFieldValue+0x18e
#
# Failed to write core dump. Core dumps have been disabled. To enable core dumping, try "ulimit -c unlimited" before starting Java again
#
# If you would like to submit a bug report, please visit:
#   http://bugreport.sun.com/bugreport/crash.jsp
# The crash happened outside the Java Virtual Machine in native code.
# See problematic frame for where to report the bug.
#

---------------  T H R E A D  ---------------

Current thread (0x00007fb58b39c000):  JavaThread "Thread-0" [_thread_in_native, id=65427, stack(0x000000012f26e000,0x000000012f36e000)]

siginfo: si_signo: 11 (SIGSEGV), si_code: 1 (SEGV_MAPERR), si_addr: 0x00000000ed9ca4bd

Registers:
RAX=0x00000000ed9ca4a5, RBX=0x00007fb58f8f1670, RCX=0x0000000000000003, RDX=0x0000000104d03d5c
RSP=0x000000012f36d340, RBP=0x000000012f36d3a0, RSI=0x000000012f36d4c0, RDI=0x00007fb58b39c1e8
R8 =0x00000000ed9ca4a5, R9 =0x0000000000000001, R10=0x00007fb591800000, R11=0x0000000000002aab
R12=0x00007fb591811b20, R13=0x000000012f36d558, R14=0x000000012f36d4f0, R15=0x00007fb58b39c000
RIP=0x0000000139f1f3e6, EFLAGS=0x0000000000010246, ERR=0x0000000000000004
  TRAPNO=0x000000000000000e

Top of Stack: (sp=0x000000012f36d340)
0x000000012f36d340:   000000038991c970 00000000ed9ca4a5
0x000000012f36d350:   000000032f36d3a0 00007fb58fc659c0
0x000000012f36d360:   000000012f36d4c0 00007fb58b39c1e8
0x000000012f36d370:   0000000103881000 0000000000000000
0x000000012f36d380:   00007fb591811b20 0000000000000000
0x000000012f36d390:   00007fb591811b20 00007fb58f8f1670
0x000000012f36d3a0:   000000012f36d410 0000000139f1f246
0x000000012f36d3b0:   000000032f36d410 0000000139e8154f
0x000000012f36d3c0:   000000012f36d450 00007fb58fc659c0
0x000000012f36d3d0:   000000012f36d4c0 00007fb58b39c1e8
0x000000012f36d3e0:   000000012f36d410 0000000104d0402a
0x000000012f36d3f0:   00007fb58b39c1e8 00007fb58f8f1670
0x000000012f36d400:   0000000000000000 00007fb58b39c000
0x000000012f36d410:   000000012f36d4b0 0000000139f1f9ef
0x000000012f36d420:   000000012f36d4d8 00007fb58f8f1670
0x000000012f36d430:   00007fb58fc659c0 000000012f36d4c0
0x000000012f36d440:   000000012f36d4f0 00007fb58b39c1e8
0x000000012f36d450:   000000012f36d570 000000012f360003
0x000000012f36d460:   00000000ed9ca4a5 0000000105c75f39
0x000000012f36d470:   000000076ce52570 0000000105c342f7
0x000000012f36d480:   00007fb58d00c1e8 00007fb591811b20
0x000000012f36d490:   00007fb58fc659c0 00007fb589b85e88
0x000000012f36d4a0:   0000000139c41c50 0000000000000000
0x000000012f36d4b0:   000000012f36d500 0000000105daec63
0x000000012f36d4c0:   000000076be7a000 0000000105fb8bec
0x000000012f36d4d0:   000000012f36d568 000000076bbdeee8
0x000000012f36d4e0:   0000000105a23310 0000000100000000
0x000000012f36d4f0:   000000076be766a8 000000012f36d568
0x000000012f36d500:   00000000ed9ca323 0000000106022440
0x000000012f36d510:   000000012f36d5b8 0000000105daa714
0x000000012f36d520:   000000076ce52500 000000076ce52510
0x000000012f36d530:   000000076ce52558 0000000000000000 

Instructions: (pc=0x0000000139f1f3e6)
0x0000000139f1f3c6:   8b 75 d8 48 8b 7d c8 ff d0 e9 52 03 00 00 48 8b
0x0000000139f1f3d6:   45 c8 48 8b 00 48 8b 90 38 05 00 00 48 8b 45 a8
0x0000000139f1f3e6:   48 8b 70 18 48 8b 7d c8 ff d2 48 89 45 d8 48 8b
0x0000000139f1f3f6:   45 c8 48 8b 00 4c 8b 80 e0 00 00 00 48 8b 45 b8 

Register to memory mapping:

RAX=0x00000000ed9ca4a5 is an unknown value
RBX=0x00007fb58f8f1670 is an unknown value
RCX=0x0000000000000003 is an unknown value
RDX=0x0000000104d03d5c: jni_NewStringUTF+0 in /Library/Java/JavaVirtualMachines/jdk1.8.0_20.jdk/Contents/Home/jre/lib/server/libjvm.dylib at 0x0000000104a00000
RSP=0x000000012f36d340 is pointing into the stack for thread: 0x00007fb58b39c000
RBP=0x000000012f36d3a0 is pointing into the stack for thread: 0x00007fb58b39c000
RSI=0x000000012f36d4c0 is pointing into the stack for thread: 0x00007fb58b39c000
RDI=0x00007fb58b39c1e8 is an unknown value
R8 =0x00000000ed9ca4a5 is an unknown value
R9 =0x0000000000000001 is an unknown value
R10=0x00007fb591800000 is an unknown value
R11=0x0000000000002aab is an unknown value
R12=0x00007fb591811b20 is an unknown value
R13=0x000000012f36d558 is pointing into the stack for thread: 0x00007fb58b39c000
R14=0x000000012f36d4f0 is pointing into the stack for thread: 0x00007fb58b39c000
R15=0x00007fb58b39c000 is a thread


Stack: [0x000000012f26e000,0x000000012f36e000],  sp=0x000000012f36d340,  free space=1020k
Native frames: (J=compiled Java code, j=interpreted, Vv=VM code, C=native code)
C  [libCLIPSJNI.jnilib+0xe73e6]  ConvertSingleFieldValue+0x18e
C  [libCLIPSJNI.jnilib+0xe7246]  ConvertDataObject+0x249
C  [libCLIPSJNI.jnilib+0xe79ef]  Java_CLIPSJNI_Environment_getFactSlot+0xcd
J 1134  CLIPSJNI.Environment.getFactSlot(LCLIPSJNI/Environment;JJLjava/lang/String;)LCLIPSJNI/PrimitiveValue; (0 bytes) @ 0x0000000105daec63 [0x0000000105daeb80+0xe3]
J 2009 C2 CLIPSJNI.FactAddressValue.getFactSlot(Ljava/lang/String;)LCLIPSJNI/PrimitiveValue; (6 bytes) @ 0x0000000106022440 [0x00000001060223e0+0x60]

Java frames: (J=compiled Java code, j=interpreted, Vv=VM code)
J 1134  CLIPSJNI.Environment.getFactSlot(LCLIPSJNI/Environment;JJLjava/lang/String;)LCLIPSJNI/PrimitiveValue; (0 bytes) @ 0x0000000105daebe9 [0x0000000105daeb80+0x69]
J 2009 C2 CLIPSJNI.FactAddressValue.getFactSlot(Ljava/lang/String;)LCLIPSJNI/PrimitiveValue; (6 bytes) @ 0x0000000106022440 [0x00000001060223e0+0x60]
j  xclipsjni.ClipsCore.findAllFacts(Ljava/lang/String;Ljava/lang/String;[Ljava/lang/String;)[[Ljava/lang/String;+154
j  monitor1213.MonitorModel.findAllFacts(Ljava/lang/String;Ljava/lang/String;[Ljava/lang/String;)[[Ljava/lang/String;+7
j  monitor1213.MonitorView.updateOutput()V+76
j  monitor1213.MonitorView.onAction()V+5
j  xclipsjni.ClipsView.update(Ljava/util/Observable;Ljava/lang/Object;)V+31
j  java.util.Observable.notifyObservers(Ljava/lang/Object;)V+55
j  xclipsjni.ClipsModel.run()V+502
j  java.lang.Thread.run()V+11
v  ~StubRoutines::call_stub

---------------  P R O C E S S  ---------------

Java Threads: ( => current thread )
=>0x00007fb58b39c000 JavaThread "Thread-0" [_thread_in_native, id=65427, stack(0x000000012f26e000,0x000000012f36e000)]
  0x00007fb58b399800 JavaThread "TimerQueue" daemon [_thread_blocked, id=64611, stack(0x00000001385a6000,0x00000001386a6000)]
  0x00007fb589272800 JavaThread "DestroyJavaVM" [_thread_blocked, id=4867, stack(0x000000010591c000,0x0000000105a1c000)]
  0x00007fb58d00c000 JavaThread "AWT-EventQueue-0" [_thread_blocked, id=57351, stack(0x0000000129402000,0x0000000129502000)]
  0x00007fb58c86a800 JavaThread "Java2D Queue Flusher" daemon [_thread_blocked, id=54791, stack(0x00000001280a3000,0x00000001281a3000)]
  0x00007fb58c12d800 JavaThread "Java2D Disposer" daemon [_thread_blocked, id=46115, stack(0x0000000127e32000,0x0000000127f32000)]
  0x00007fb58c825800 JavaThread "AWT-Shutdown" [_thread_blocked, id=31495, stack(0x0000000124da7000,0x0000000124ea7000)]
  0x00007fb58b064800 JavaThread "AppKit Thread" daemon [_thread_in_native, id=1811, stack(0x00007fff5bb99000,0x00007fff5c399000)]
  0x00007fb58a801000 JavaThread "Service Thread" daemon [_thread_blocked, id=20739, stack(0x000000012331c000,0x000000012341c000)]
  0x00007fb58b030000 JavaThread "C1 CompilerThread3" daemon [_thread_in_native, id=20227, stack(0x0000000123219000,0x0000000123319000)]
  0x00007fb58b02f000 JavaThread "C2 CompilerThread2" daemon [_thread_blocked, id=19715, stack(0x0000000123116000,0x0000000123216000)]
  0x00007fb58b02e800 JavaThread "C2 CompilerThread1" daemon [_thread_blocked, id=19203, stack(0x0000000123013000,0x0000000123113000)]
  0x00007fb58b83c800 JavaThread "C2 CompilerThread0" daemon [_thread_blocked, id=18691, stack(0x0000000122f10000,0x0000000123010000)]
  0x00007fb58900f000 JavaThread "Signal Dispatcher" daemon [_thread_blocked, id=15383, stack(0x0000000122e0d000,0x0000000122f0d000)]
  0x00007fb58c806000 JavaThread "Finalizer" daemon [_thread_blocked, id=13571, stack(0x00000001214c7000,0x00000001215c7000)]
  0x00007fb58c000000 JavaThread "Reference Handler" daemon [_thread_blocked, id=13059, stack(0x00000001213c4000,0x00000001214c4000)]

Other Threads:
  0x00007fb58a008800 VMThread [stack: 0x00000001212c1000,0x00000001213c1000] [id=12547]
  0x00007fb58a806000 WatcherThread [stack: 0x000000012341f000,0x000000012351f000] [id=21251]

VM state:not at safepoint (normal execution)

VM Mutex/Monitor currently owned by a thread: None

Heap:
 PSYoungGen      total 76288K, used 38153K [0x000000076ab00000, 0x0000000770000000, 0x00000007c0000000)
  eden space 65536K, 58% used [0x000000076ab00000,0x000000076d042490,0x000000076eb00000)
  from space 10752K, 0% used [0x000000076f580000,0x000000076f580000,0x0000000770000000)
  to   space 10752K, 0% used [0x000000076eb00000,0x000000076eb00000,0x000000076f580000)
 ParOldGen       total 175104K, used 0K [0x00000006c0000000, 0x00000006cab00000, 0x000000076ab00000)
  object space 175104K, 0% used [0x00000006c0000000,0x00000006c0000000,0x00000006cab00000)
 Metaspace       used 14771K, capacity 15002K, committed 15360K, reserved 1062912K
  class space    used 1890K, capacity 1937K, committed 2048K, reserved 1048576K

Card table byte_map: [0x0000000114dde000,0x00000001155df000] byte_map_base: 0x00000001117de000

Marking Bits: (ParMarkBitMap*) 0x000000010529c330
 Begin Bits: [0x000000011634d000, 0x000000011a34d000)
 End Bits:   [0x000000011a34d000, 0x000000011e34d000)

Polling page: 0x00000001039be000

CodeCache: size=245760Kb used=6164Kb max_used=6168Kb free=239595Kb
 bounds [0x0000000105a1e000, 0x000000010602e000, 0x0000000114a1e000]
 total_blobs=2547 nmethods=2009 adapters=450
 compilation: enabled

Compilation events (10 events):
Event: 14.706 Thread 0x00007fb58b030000 2020       3       java.awt.geom.AffineTransform::setToScale (66 bytes)
Event: 14.706 Thread 0x00007fb58b030000 nmethod 2020 0x00000001060250d0 code [0x0000000106025260, 0x00000001060254f0]
Event: 14.706 Thread 0x00007fb58b030000 2021   !   3       javax.swing.JComponent::paintComponent (44 bytes)
Event: 14.706 Thread 0x00007fb58b030000 nmethod 2021 0x0000000106024810 code [0x00000001060249c0, 0x0000000106024f18]
Event: 14.707 Thread 0x00007fb58b02e800 nmethod 2019 0x000000010601f590 code [0x000000010601f6e0, 0x000000010601f7d8]
Event: 14.707 Thread 0x00007fb58b030000 2022       3       javax.swing.JComponent::paintBorder (28 bytes)
Event: 14.708 Thread 0x00007fb58b030000 nmethod 2022 0x000000010602a450 code [0x000000010602a5e0, 0x000000010602aac8]
Event: 14.810 Thread 0x00007fb58b030000 2023       1       sun.java2d.pipe.RenderBuffer::position (11 bytes)
Event: 14.810 Thread 0x00007fb58b030000 nmethod 2023 0x000000010602a190 code [0x000000010602a2e0, 0x000000010602a3f0]
Event: 15.205 Thread 0x00007fb58b030000 2024       3       javax.swing.plaf.basic.BasicTextUI::getVisibleEditorRect (106 bytes)

GC Heap History (0 events):
No events

Deoptimization events (5 events):
Event: 0.522 Thread 0x00007fb58b800800 Uncommon trap: reason=class_check action=maybe_recompile pc=0x0000000105bc3e68 method=java.io.BufferedInputStream.fill()V @ 214
Event: 0.965 Thread 0x00007fb58b800800 Uncommon trap: reason=class_check action=maybe_recompile pc=0x0000000105be2ec0 method=java.lang.String.equals(Ljava/lang/Object;)Z @ 8
Event: 0.965 Thread 0x00007fb58b800800 Uncommon trap: reason=class_check action=maybe_recompile pc=0x0000000105be2ec0 method=java.lang.String.equals(Ljava/lang/Object;)Z @ 8
Event: 0.965 Thread 0x00007fb58b800800 Uncommon trap: reason=class_check action=maybe_recompile pc=0x0000000105be2ec0 method=java.lang.String.equals(Ljava/lang/Object;)Z @ 8
Event: 0.965 Thread 0x00007fb58b800800 Uncommon trap: reason=class_check action=maybe_recompile pc=0x0000000105be2ec0 method=java.lang.String.equals(Ljava/lang/Object;)Z @ 8

Internal exceptions (10 events):
Event: 4.583 Thread 0x00007fb58d00c000 Exception <a 'java/security/PrivilegedActionException'> (0x000000076be8f180) thrown at [/HUDSON3/workspace/8-2-build-macosx-x86_64/jdk8u20/1074/hotspot/src/share/vm/prims/jvm.cpp, line 1275]
Event: 4.583 Thread 0x00007fb58d00c000 Exception <a 'java/security/PrivilegedActionException'> (0x000000076be92438) thrown at [/HUDSON3/workspace/8-2-build-macosx-x86_64/jdk8u20/1074/hotspot/src/share/vm/prims/jvm.cpp, line 1275]
Event: 4.583 Thread 0x00007fb58d00c000 Exception <a 'java/security/PrivilegedActionException'> (0x000000076be96ca0) thrown at [/HUDSON3/workspace/8-2-build-macosx-x86_64/jdk8u20/1074/hotspot/src/share/vm/prims/jvm.cpp, line 1275]
Event: 4.584 Thread 0x00007fb58d00c000 Exception <a 'java/security/PrivilegedActionException'> (0x000000076be9aac0) thrown at [/HUDSON3/workspace/8-2-build-macosx-x86_64/jdk8u20/1074/hotspot/src/share/vm/prims/jvm.cpp, line 1275]
Event: 4.584 Thread 0x00007fb58d00c000 Exception <a 'java/security/PrivilegedActionException'> (0x000000076be9e8e8) thrown at [/HUDSON3/workspace/8-2-build-macosx-x86_64/jdk8u20/1074/hotspot/src/share/vm/prims/jvm.cpp, line 1275]
Event: 4.623 Thread 0x00007fb58d00c000 Exception <a 'java/security/PrivilegedActionException'> (0x000000076bea6bc0) thrown at [/HUDSON3/workspace/8-2-build-macosx-x86_64/jdk8u20/1074/hotspot/src/share/vm/prims/jvm.cpp, line 1275]
Event: 4.625 Thread 0x00007fb58d00c000 Exception <a 'java/security/PrivilegedActionException'> (0x000000076beb1770) thrown at [/HUDSON3/workspace/8-2-build-macosx-x86_64/jdk8u20/1074/hotspot/src/share/vm/prims/jvm.cpp, line 1275]
Event: 4.686 Thread 0x00007fb58d00c000 Exception <a 'java/lang/ArrayIndexOutOfBoundsException': 1> (0x000000076bf0e098) thrown at [/HUDSON3/workspace/8-2-build-macosx-x86_64/jdk8u20/1074/hotspot/src/share/vm/interpreter/interpreterRuntime.cpp, line 366]
Event: 4.686 Thread 0x00007fb58d00c000 Exception <a 'java/lang/ArrayIndexOutOfBoundsException'> (0x000000076bf0e098) thrown at [/HUDSON3/workspace/8-2-build-macosx-x86_64/jdk8u20/1074/hotspot/src/share/vm/prims/jvm.cpp, line 1279]
Event: 4.686 Thread 0x00007fb58d00c000 Exception <a 'java/lang/ArrayIndexOutOfBoundsException'> (0x000000076bf0e098) thrown at [/HUDSON3/workspace/8-2-build-macosx-x86_64/jdk8u20/1074/hotspot/src/share/vm/prims/jvm.cpp, line 1279]

Events (10 events):
Event: 13.136 Thread 0x00007fb58b030000 flushing nmethod 0x0000000105b9b9d0
Event: 13.136 Thread 0x00007fb58b030000 flushing nmethod 0x0000000105b9c550
Event: 13.136 Thread 0x00007fb58b030000 flushing nmethod 0x0000000105bad890
Event: 13.136 Thread 0x00007fb58b030000 flushing nmethod 0x0000000105bb0ad0
Event: 13.656 Executing VM operation: RevokeBias
Event: 13.656 Executing VM operation: RevokeBias done
Event: 14.177 Executing VM operation: RevokeBias
Event: 14.177 Executing VM operation: RevokeBias done
Event: 14.698 Executing VM operation: RevokeBias
Event: 14.698 Executing VM operation: RevokeBias done


Dynamic libraries:
0x0000000002410000 	/System/Library/Frameworks/Cocoa.framework/Versions/A/Cocoa
0x0000000002410000 	/System/Library/Frameworks/Security.framework/Versions/A/Security
0x0000000002410000 	/System/Library/Frameworks/ApplicationServices.framework/Versions/A/ApplicationServices
0x0000000002410000 	/usr/lib/libz.1.dylib
0x0000000002410000 	/usr/lib/libSystem.B.dylib
0x0000000002410000 	/usr/lib/libobjc.A.dylib
0x0000000002410000 	/System/Library/Frameworks/CoreFoundation.framework/Versions/A/CoreFoundation
0x0000000002410000 	/System/Library/Frameworks/Foundation.framework/Versions/C/Foundation
0x0000000002410000 	/System/Library/Frameworks/AppKit.framework/Versions/C/AppKit
0x0000000002410000 	/System/Library/Frameworks/CoreData.framework/Versions/A/CoreData
0x0000000002410000 	/System/Library/PrivateFrameworks/RemoteViewServices.framework/Versions/A/RemoteViewServices
0x0000000002410000 	/System/Library/PrivateFrameworks/UIFoundation.framework/Versions/A/UIFoundation
0x0000000002410000 	/System/Library/Frameworks/IOSurface.framework/Versions/A/IOSurface
0x0000000002410000 	/System/Library/Frameworks/AudioToolbox.framework/Versions/A/AudioToolbox
0x0000000002410000 	/System/Library/Frameworks/AudioUnit.framework/Versions/A/AudioUnit
0x0000000002410000 	/System/Library/PrivateFrameworks/DataDetectorsCore.framework/Versions/A/DataDetectorsCore
0x0000000002410000 	/System/Library/PrivateFrameworks/DesktopServicesPriv.framework/Versions/A/DesktopServicesPriv
0x0000000002410000 	/System/Library/Frameworks/Carbon.framework/Versions/A/Frameworks/HIToolbox.framework/Versions/A/HIToolbox
0x0000000002410000 	/System/Library/Frameworks/QuartzCore.framework/Versions/A/QuartzCore
0x0000000002410000 	/System/Library/Frameworks/Carbon.framework/Versions/A/Frameworks/SpeechRecognition.framework/Versions/A/SpeechRecognition
0x0000000002410000 	/usr/lib/libauto.dylib
0x0000000002410000 	/usr/lib/libicucore.A.dylib
0x0000000002410000 	/usr/lib/libxml2.2.dylib
0x0000000002410000 	/System/Library/PrivateFrameworks/CoreUI.framework/Versions/A/CoreUI
0x0000000002410000 	/System/Library/Frameworks/CoreAudio.framework/Versions/A/CoreAudio
0x0000000002410000 	/System/Library/Frameworks/DiskArbitration.framework/Versions/A/DiskArbitration
0x0000000002410000 	/usr/lib/liblangid.dylib
0x0000000002410000 	/System/Library/PrivateFrameworks/MultitouchSupport.framework/Versions/A/MultitouchSupport
0x0000000002410000 	/System/Library/Frameworks/IOKit.framework/Versions/A/IOKit
0x0000000002410000 	/usr/lib/libDiagnosticMessagesClient.dylib
0x0000000002410000 	/System/Library/Frameworks/CoreServices.framework/Versions/A/CoreServices
0x0000000002410000 	/System/Library/PrivateFrameworks/PerformanceAnalysis.framework/Versions/A/PerformanceAnalysis
0x0000000002410000 	/System/Library/PrivateFrameworks/GenerationalStorage.framework/Versions/A/GenerationalStorage
0x0000000002410000 	/System/Library/Frameworks/OpenGL.framework/Versions/A/OpenGL
0x0000000002410000 	/System/Library/PrivateFrameworks/Sharing.framework/Versions/A/Sharing
0x0000000002410000 	/System/Library/Frameworks/CoreGraphics.framework/Versions/A/CoreGraphics
0x0000000002410000 	/System/Library/Frameworks/CoreText.framework/Versions/A/CoreText
0x0000000002410000 	/System/Library/Frameworks/ImageIO.framework/Versions/A/ImageIO
0x0000000002410000 	/usr/lib/libextension.dylib
0x0000000002410000 	/System/Library/PrivateFrameworks/Backup.framework/Versions/A/Backup
0x0000000002410000 	/usr/lib/libarchive.2.dylib
0x0000000002410000 	/System/Library/Frameworks/CFNetwork.framework/Versions/A/CFNetwork
0x0000000002410000 	/System/Library/Frameworks/SystemConfiguration.framework/Versions/A/SystemConfiguration
0x0000000002410000 	/usr/lib/libCRFSuite.dylib
0x0000000002410000 	/usr/lib/libc++.1.dylib
0x0000000002410000 	/usr/lib/libc++abi.dylib
0x0000000002410000 	/usr/lib/system/libcache.dylib
0x0000000002410000 	/usr/lib/system/libcommonCrypto.dylib
0x0000000002410000 	/usr/lib/system/libcompiler_rt.dylib
0x0000000002410000 	/usr/lib/system/libcopyfile.dylib
0x0000000002410000 	/usr/lib/system/libcorecrypto.dylib
0x0000000002410000 	/usr/lib/system/libdispatch.dylib
0x0000000002410000 	/usr/lib/system/libdyld.dylib
0x0000000002410000 	/usr/lib/system/libkeymgr.dylib
0x0000000002410000 	/usr/lib/system/liblaunch.dylib
0x0000000002410000 	/usr/lib/system/libmacho.dylib
0x0000000002410000 	/usr/lib/system/libquarantine.dylib
0x0000000002410000 	/usr/lib/system/libremovefile.dylib
0x0000000002410000 	/usr/lib/system/libsystem_asl.dylib
0x0000000002410000 	/usr/lib/system/libsystem_blocks.dylib
0x0000000002410000 	/usr/lib/system/libsystem_c.dylib
0x0000000002410000 	/usr/lib/system/libsystem_configuration.dylib
0x0000000002410000 	/usr/lib/system/libsystem_coreservices.dylib
0x0000000002410000 	/usr/lib/system/libsystem_coretls.dylib
0x0000000002410000 	/usr/lib/system/libsystem_dnssd.dylib
0x0000000002410000 	/usr/lib/system/libsystem_info.dylib
0x0000000002410000 	/usr/lib/system/libsystem_kernel.dylib
0x0000000002410000 	/usr/lib/system/libsystem_m.dylib
0x0000000002410000 	/usr/lib/system/libsystem_malloc.dylib
0x0000000002410000 	/usr/lib/system/libsystem_network.dylib
0x0000000002410000 	/usr/lib/system/libsystem_networkextension.dylib
0x0000000002410000 	/usr/lib/system/libsystem_notify.dylib
0x0000000002410000 	/usr/lib/system/libsystem_platform.dylib
0x0000000002410000 	/usr/lib/system/libsystem_pthread.dylib
0x0000000002410000 	/usr/lib/system/libsystem_sandbox.dylib
0x0000000002410000 	/usr/lib/system/libsystem_secinit.dylib
0x0000000002410000 	/usr/lib/system/libsystem_stats.dylib
0x0000000002410000 	/usr/lib/system/libsystem_trace.dylib
0x0000000002410000 	/usr/lib/system/libunc.dylib
0x0000000002410000 	/usr/lib/system/libunwind.dylib
0x0000000002410000 	/usr/lib/system/libxpc.dylib
0x0000000002410000 	/usr/lib/libbz2.1.0.dylib
0x0000000002410000 	/usr/lib/liblzma.5.dylib
0x0000000002410000 	/usr/lib/libbsm.0.dylib
0x0000000002410000 	/usr/lib/libsqlite3.dylib
0x0000000002410000 	/usr/lib/system/libkxld.dylib
0x0000000002410000 	/usr/lib/libxar.1.dylib
0x0000000002410000 	/usr/lib/libpam.2.dylib
0x0000000002410000 	/usr/lib/libOpenScriptingUtil.dylib
0x0000000002410000 	/System/Library/Frameworks/CoreServices.framework/Versions/A/Frameworks/FSEvents.framework/Versions/A/FSEvents
0x0000000002410000 	/System/Library/Frameworks/CoreServices.framework/Versions/A/Frameworks/CarbonCore.framework/Versions/A/CarbonCore
0x0000000002410000 	/System/Library/Frameworks/CoreServices.framework/Versions/A/Frameworks/Metadata.framework/Versions/A/Metadata
0x0000000002410000 	/System/Library/Frameworks/CoreServices.framework/Versions/A/Frameworks/OSServices.framework/Versions/A/OSServices
0x0000000002410000 	/System/Library/Frameworks/CoreServices.framework/Versions/A/Frameworks/SearchKit.framework/Versions/A/SearchKit
0x0000000002410000 	/System/Library/Frameworks/CoreServices.framework/Versions/A/Frameworks/AE.framework/Versions/A/AE
0x0000000002410000 	/System/Library/Frameworks/CoreServices.framework/Versions/A/Frameworks/LaunchServices.framework/Versions/A/LaunchServices
0x0000000002410000 	/System/Library/Frameworks/CoreServices.framework/Versions/A/Frameworks/DictionaryServices.framework/Versions/A/DictionaryServices
0x0000000002410000 	/System/Library/Frameworks/NetFS.framework/Versions/A/NetFS
0x0000000002410000 	/System/Library/PrivateFrameworks/NetAuth.framework/Versions/A/NetAuth
0x0000000002410000 	/System/Library/PrivateFrameworks/login.framework/Versions/A/Frameworks/loginsupport.framework/Versions/A/loginsupport
0x0000000002410000 	/System/Library/PrivateFrameworks/TCC.framework/Versions/A/TCC
0x0000000002410000 	/usr/lib/libmecabra.dylib
0x0000000002410000 	/System/Library/Frameworks/ApplicationServices.framework/Versions/A/Frameworks/ATS.framework/Versions/A/ATS
0x0000000002410000 	/System/Library/Frameworks/ApplicationServices.framework/Versions/A/Frameworks/ColorSync.framework/Versions/A/ColorSync
0x0000000002410000 	/System/Library/Frameworks/ApplicationServices.framework/Versions/A/Frameworks/HIServices.framework/Versions/A/HIServices
0x0000000002410000 	/System/Library/Frameworks/ApplicationServices.framework/Versions/A/Frameworks/LangAnalysis.framework/Versions/A/LangAnalysis
0x0000000002410000 	/System/Library/Frameworks/ApplicationServices.framework/Versions/A/Frameworks/PrintCore.framework/Versions/A/PrintCore
0x0000000002410000 	/System/Library/Frameworks/ApplicationServices.framework/Versions/A/Frameworks/QD.framework/Versions/A/QD
0x0000000002410000 	/System/Library/Frameworks/ApplicationServices.framework/Versions/A/Frameworks/SpeechSynthesis.framework/Versions/A/SpeechSynthesis
0x0000000002410000 	/System/Library/Frameworks/Accelerate.framework/Versions/A/Accelerate
0x0000000002410000 	/System/Library/Frameworks/Accelerate.framework/Versions/A/Frameworks/vImage.framework/Versions/A/vImage
0x0000000002410000 	/System/Library/Frameworks/Accelerate.framework/Versions/A/Frameworks/vecLib.framework/Versions/A/vecLib
0x0000000002410000 	/System/Library/Frameworks/Accelerate.framework/Versions/A/Frameworks/vecLib.framework/Versions/A/libvDSP.dylib
0x0000000002410000 	/System/Library/Frameworks/Accelerate.framework/Versions/A/Frameworks/vecLib.framework/Versions/A/libvMisc.dylib
0x0000000002410000 	/System/Library/Frameworks/Accelerate.framework/Versions/A/Frameworks/vecLib.framework/Versions/A/libLAPACK.dylib
0x0000000002410000 	/System/Library/Frameworks/Accelerate.framework/Versions/A/Frameworks/vecLib.framework/Versions/A/libBLAS.dylib
0x0000000002410000 	/System/Library/Frameworks/Accelerate.framework/Versions/A/Frameworks/vecLib.framework/Versions/A/libLinearAlgebra.dylib
0x0000000002410000 	/System/Library/Frameworks/ApplicationServices.framework/Versions/A/Frameworks/ATS.framework/Versions/A/Resources/libFontParser.dylib
0x0000000002410000 	/System/Library/Frameworks/ApplicationServices.framework/Versions/A/Frameworks/ATS.framework/Versions/A/Resources/libFontRegistry.dylib
0x0000000002410000 	/System/Library/PrivateFrameworks/AppleVPA.framework/Versions/A/AppleVPA
0x0000000002410000 	/System/Library/PrivateFrameworks/AppleJPEG.framework/Versions/A/AppleJPEG
0x0000000002410000 	/System/Library/Frameworks/ImageIO.framework/Versions/A/Resources/libJPEG.dylib
0x0000000002410000 	/System/Library/Frameworks/ImageIO.framework/Versions/A/Resources/libTIFF.dylib
0x0000000002410000 	/System/Library/Frameworks/ImageIO.framework/Versions/A/Resources/libPng.dylib
0x0000000002410000 	/System/Library/Frameworks/ImageIO.framework/Versions/A/Resources/libGIF.dylib
0x0000000002410000 	/System/Library/Frameworks/ImageIO.framework/Versions/A/Resources/libJP2.dylib
0x0000000002410000 	/System/Library/Frameworks/ImageIO.framework/Versions/A/Resources/libRadiance.dylib
0x0000000002410000 	/System/Library/Frameworks/CoreVideo.framework/Versions/A/CoreVideo
0x0000000002410000 	/System/Library/Frameworks/OpenGL.framework/Versions/A/Libraries/libGLU.dylib
0x0000000002410000 	/System/Library/Frameworks/OpenGL.framework/Versions/A/Libraries/libGFXShared.dylib
0x0000000002410000 	/System/Library/Frameworks/OpenGL.framework/Versions/A/Libraries/libGL.dylib
0x0000000002410000 	/System/Library/Frameworks/OpenGL.framework/Versions/A/Libraries/libGLImage.dylib
0x0000000002410000 	/System/Library/Frameworks/OpenGL.framework/Versions/A/Libraries/libCVMSPluginSupport.dylib
0x0000000002410000 	/System/Library/Frameworks/OpenGL.framework/Versions/A/Libraries/libCoreVMClient.dylib
0x0000000002410000 	/usr/lib/libcups.2.dylib
0x0000000002410000 	/System/Library/Frameworks/Kerberos.framework/Versions/A/Kerberos
0x0000000002410000 	/System/Library/Frameworks/GSS.framework/Versions/A/GSS
0x0000000002410000 	/usr/lib/libresolv.9.dylib
0x0000000002410000 	/usr/lib/libiconv.2.dylib
0x0000000002410000 	/System/Library/PrivateFrameworks/Heimdal.framework/Versions/A/Heimdal
0x0000000002410000 	/usr/lib/libheimdal-asn1.dylib
0x0000000002410000 	/System/Library/Frameworks/OpenDirectory.framework/Versions/A/OpenDirectory
0x0000000002410000 	/System/Library/PrivateFrameworks/CommonAuth.framework/Versions/A/CommonAuth
0x0000000002410000 	/System/Library/Frameworks/OpenDirectory.framework/Versions/A/Frameworks/CFOpenDirectory.framework/Versions/A/CFOpenDirectory
0x0000000002410000 	/System/Library/Frameworks/SecurityFoundation.framework/Versions/A/SecurityFoundation
0x0000000002410000 	/System/Library/PrivateFrameworks/LanguageModeling.framework/Versions/A/LanguageModeling
0x0000000002410000 	/usr/lib/libcmph.dylib
0x0000000002410000 	/System/Library/Frameworks/ServiceManagement.framework/Versions/A/ServiceManagement
0x0000000002410000 	/usr/lib/libxslt.1.dylib
0x0000000002410000 	/System/Library/Frameworks/Carbon.framework/Versions/A/Frameworks/Ink.framework/Versions/A/Ink
0x0000000002410000 	/System/Library/Frameworks/QuartzCore.framework/Versions/A/Frameworks/CoreImage.framework/Versions/A/CoreImage
0x0000000002410000 	/System/Library/PrivateFrameworks/CrashReporterSupport.framework/Versions/A/CrashReporterSupport
0x0000000002410000 	/System/Library/Frameworks/OpenCL.framework/Versions/A/OpenCL
0x0000000002410000 	/System/Library/PrivateFrameworks/FaceCore.framework/Versions/A/FaceCore
0x0000000002410000 	/System/Library/PrivateFrameworks/Ubiquity.framework/Versions/A/Ubiquity
0x0000000002410000 	/System/Library/PrivateFrameworks/IconServices.framework/Versions/A/IconServices
0x0000000002410000 	/System/Library/PrivateFrameworks/ChunkingLibrary.framework/Versions/A/ChunkingLibrary
0x0000000002410000 	/System/Library/PrivateFrameworks/Apple80211.framework/Versions/A/Apple80211
0x0000000002410000 	/System/Library/Frameworks/CoreWLAN.framework/Versions/A/CoreWLAN
0x0000000002410000 	/System/Library/Frameworks/IOBluetooth.framework/Versions/A/IOBluetooth
0x0000000002410000 	/System/Library/PrivateFrameworks/CoreWiFi.framework/Versions/A/CoreWiFi
0x0000000002410000 	/System/Library/Frameworks/CoreBluetooth.framework/Versions/A/CoreBluetooth
0x0000000002410000 	/System/Library/PrivateFrameworks/DebugSymbols.framework/Versions/A/DebugSymbols
0x0000000002410000 	/System/Library/PrivateFrameworks/CoreSymbolication.framework/Versions/A/CoreSymbolication
0x0000000002410000 	/System/Library/PrivateFrameworks/Symbolication.framework/Versions/A/Symbolication
0x0000000002410000 	/System/Library/PrivateFrameworks/SpeechRecognitionCore.framework/Versions/A/SpeechRecognitionCore
0x0000000104a00000 	/Library/Java/JavaVirtualMachines/jdk1.8.0_20.jdk/Contents/Home/jre/lib/server/libjvm.dylib
0x0000000002410000 	/usr/lib/libstdc++.6.dylib
0x000000010397c000 	/Library/Java/JavaVirtualMachines/jdk1.8.0_20.jdk/Contents/Home/jre/lib/libverify.dylib
0x000000010398a000 	/Library/Java/JavaVirtualMachines/jdk1.8.0_20.jdk/Contents/Home/jre/lib/libjava.dylib
0x00000001039c8000 	/Library/Java/JavaVirtualMachines/jdk1.8.0_20.jdk/Contents/Home/jre/lib/libzip.dylib
0x00000001215c9000 	/System/Library/Frameworks/JavaVM.framework/Frameworks/JavaRuntimeSupport.framework/JavaRuntimeSupport
0x00000001215e1000 	/System/Library/Frameworks/JavaVM.framework/Versions/A/Frameworks/JavaNativeFoundation.framework/Versions/A/JavaNativeFoundation
0x00000001215f6000 	/System/Library/Frameworks/JavaVM.framework/Versions/A/JavaVM
0x0000000002410000 	/System/Library/Frameworks/Carbon.framework/Versions/A/Carbon
0x0000000121603000 	/System/Library/PrivateFrameworks/JavaLaunching.framework/Versions/A/JavaLaunching
0x0000000002410000 	/System/Library/Frameworks/Carbon.framework/Versions/A/Frameworks/CommonPanels.framework/Versions/A/CommonPanels
0x0000000002410000 	/System/Library/Frameworks/Carbon.framework/Versions/A/Frameworks/Help.framework/Versions/A/Help
0x0000000002410000 	/System/Library/Frameworks/Carbon.framework/Versions/A/Frameworks/ImageCapture.framework/Versions/A/ImageCapture
0x0000000002410000 	/System/Library/Frameworks/Carbon.framework/Versions/A/Frameworks/OpenScripting.framework/Versions/A/OpenScripting
0x0000000002410000 	/System/Library/Frameworks/Carbon.framework/Versions/A/Frameworks/Print.framework/Versions/A/Print
0x0000000002410000 	/System/Library/Frameworks/Carbon.framework/Versions/A/Frameworks/SecurityHI.framework/Versions/A/SecurityHI
0x000000012355c000 	/Library/Java/JavaVirtualMachines/jdk1.8.0_20.jdk/Contents/Home/jre/lib/libawt.dylib
0x000000012360b000 	/Library/Java/JavaVirtualMachines/jdk1.8.0_20.jdk/Contents/Home/jre/lib/./libmlib_image.dylib
0x00000001236d7000 	/Library/Java/JavaVirtualMachines/jdk1.8.0_20.jdk/Contents/Home/jre/lib/libawt_lwawt.dylib
0x000000012378a000 	/Library/Java/JavaVirtualMachines/jdk1.8.0_20.jdk/Contents/Home/jre/lib/./libosxapp.dylib
0x0000000002410000 	/System/Library/Frameworks/ExceptionHandling.framework/Versions/A/ExceptionHandling
0x0000000002410000 	/System/Library/PrivateFrameworks/CoreServicesInternal.framework/Versions/A/CoreServicesInternal
0x0000000002410000 	/System/Library/PrivateFrameworks/CloudDocs.framework/Versions/A/CloudDocs
0x0000000002410000 	/System/Library/PrivateFrameworks/CoreDuet.framework/Versions/A/CoreDuet
0x0000000002410000 	/System/Library/Frameworks/CloudKit.framework/Versions/A/CloudKit
0x0000000002410000 	/System/Library/PrivateFrameworks/ProtocolBuffer.framework/Versions/A/ProtocolBuffer
0x0000000002410000 	/System/Library/PrivateFrameworks/CoreDuetDaemonProtocol.framework/Versions/A/CoreDuetDaemonProtocol
0x0000000002410000 	/System/Library/PrivateFrameworks/CoreDuetDebugLogging.framework/Versions/A/CoreDuetDebugLogging
0x0000000002410000 	/System/Library/Frameworks/CoreLocation.framework/Versions/A/CoreLocation
0x0000000002410000 	/System/Library/Frameworks/Accounts.framework/Versions/A/Accounts
0x0000000002410000 	/System/Library/PrivateFrameworks/ApplePushService.framework/Versions/A/ApplePushService
0x0000000002410000 	/System/Library/PrivateFrameworks/GeoServices.framework/Versions/A/GeoServices
0x0000000002410000 	/System/Library/PrivateFrameworks/OAuth.framework/Versions/A/OAuth
0x0000000002410000 	/System/Library/PrivateFrameworks/CoreDaemon.framework/Versions/B/CoreDaemon
0x0000000002410000 	/usr/lib/libcrypto.0.9.8.dylib
0x0000000002410000 	/System/Library/PrivateFrameworks/AppleSRP.framework/Versions/A/AppleSRP
0x0000000002410000 	/System/Library/PrivateFrameworks/TrustEvaluationAgent.framework/Versions/A/TrustEvaluationAgent
0x0000000002410000 	/System/Library/Frameworks/CoreGraphics.framework/Versions/A/Resources/libCGCMS.A.dylib
0x0000000002410000 	/System/Library/Frameworks/CoreGraphics.framework/Versions/A/Resources/libRIP.A.dylib
0x0000000002410000 	/System/Library/Frameworks/CoreGraphics.framework/Versions/A/Resources/libCGXType.A.dylib
0x0000000002410000 	/System/Library/Frameworks/OpenCL.framework/Versions/A/Libraries/libcldcpuengine.dylib
0x0000000002410000 	/System/Library/PrivateFrameworks/DiskImages.framework/Versions/A/DiskImages
0x0000000002410000 	/System/Library/Frameworks/DiscRecording.framework/Versions/A/DiscRecording
0x0000000002410000 	/usr/lib/libcsfde.dylib
0x0000000002410000 	/usr/lib/libcurl.4.dylib
0x0000000002410000 	/System/Library/PrivateFrameworks/MediaKit.framework/Versions/A/MediaKit
0x0000000002410000 	/System/Library/PrivateFrameworks/ProtectedCloudStorage.framework/Versions/A/ProtectedCloudStorage
0x0000000002410000 	/usr/lib/libCoreStorage.dylib
0x0000000002410000 	/System/Library/PrivateFrameworks/EFILogin.framework/Versions/A/EFILogin
0x0000000002410000 	/usr/lib/libutil.dylib
0x0000000002410000 	/System/Library/PrivateFrameworks/FindMyDevice.framework/Versions/A/FindMyDevice
0x0000000002410000 	/System/Library/Frameworks/LDAP.framework/Versions/A/LDAP
0x0000000002410000 	/usr/lib/libsasl2.2.dylib
0x0000000126949000 	cl_kernels
0x000000012694b000 	/System/Library/Frameworks/OpenCL.framework/Versions/A/Libraries/ImageFormats/unorm8_bgra.dylib
0x000000012693b000 	cl_kernels
0x0000000002410000 	/System/Library/PrivateFrameworks/FamilyControls.framework/Versions/A/FamilyControls
0x0000000002410000 	/System/Library/PrivateFrameworks/CommerceKit.framework/Versions/A/Frameworks/CommerceCore.framework/Versions/A/CommerceCore
0x0000000002410000 	/System/Library/PrivateFrameworks/SystemAdministration.framework/Versions/A/SystemAdministration
0x0000000002410000 	/System/Library/PrivateFrameworks/AppContainer.framework/Versions/A/AppContainer
0x0000000002410000 	/System/Library/PrivateFrameworks/SecCodeWrapper.framework/Versions/A/SecCodeWrapper
0x0000000002410000 	/System/Library/Frameworks/DirectoryService.framework/Versions/A/DirectoryService
0x0000000002410000 	/System/Library/PrivateFrameworks/LoginUIKit.framework/Versions/A/Frameworks/LoginUICore.framework/Versions/A/LoginUICore
0x0000000002410000 	/usr/lib/libodfde.dylib
0x0000000127f34000 	/Library/Java/JavaVirtualMachines/jdk1.8.0_20.jdk/Contents/Home/jre/lib/libjpeg.dylib
0x0000000002410000 	/System/Library/Frameworks/OpenGL.framework/Versions/A/Resources/GLEngine.bundle/GLEngine
0x0000000002410000 	/System/Library/Frameworks/OpenGL.framework/Versions/A/Libraries/libGLProgrammability.dylib
0x0000000000000000 	/System/Library/Extensions/AppleIntelHD5000GraphicsGLDriver.bundle/Contents/MacOS/AppleIntelHD5000GraphicsGLDriver
0x0000000002410000 	/System/Library/PrivateFrameworks/IOAccelerator.framework/Versions/A/IOAccelerator
0x0000000002410000 	/System/Library/PrivateFrameworks/GPUSupport.framework/Versions/A/Libraries/libGPUSupportMercury.dylib
0x0000000000000000 	/System/Library/Extensions/GeForceGLDriver.bundle/Contents/MacOS/GeForceGLDriver
0x0000000002410000 	/System/Library/Extensions/GeForceGLDriver.bundle/Contents/MacOS/libclh.dylib
0x0000000002410000 	/System/Library/Frameworks/OpenGL.framework/Versions/A/Resources/GLRendererFloat.bundle/GLRendererFloat
0x0000000129391000 	/Library/Java/JavaVirtualMachines/jdk1.8.0_20.jdk/Contents/Home/jre/lib/libfontmanager.dylib
0x00000001293f7000 	/Library/Java/JavaVirtualMachines/jdk1.8.0_20.jdk/Contents/Home/jre/lib/libosxui.dylib
0x00000001297c4000 	/Library/Java/JavaVirtualMachines/jdk1.8.0_20.jdk/Contents/Home/jre/lib/libnet.dylib
0x00000001297db000 	/Library/Java/JavaVirtualMachines/jdk1.8.0_20.jdk/Contents/Home/jre/lib/libnio.dylib
0x0000000002410000 	/System/Library/Frameworks/Accelerate.framework/Versions/A/Frameworks/vImage.framework/Versions/A/Libraries/libCGInterfaces.dylib
0x0000000139e38000 	/Library/Java/Extensions/libCLIPSJNI.jnilib

VM Arguments:
jvm_args: -Dfile.encoding=UTF-8 
java_command: monitor1213.MonitorView
java_class_path (initial): /Users/toby/Copy/Developing/Esercizi-IA-Lab/PROGETTO_CLIPS/Progetto Finale/waitor/libs/CLIPSJNI.jar:/Users/toby/Copy/Developing/Esercizi-IA-Lab/PROGETTO_CLIPS/Progetto Finale/waitor/build/classes
Launcher Type: SUN_STANDARD

Environment Variables:
PATH=/usr/bin:/bin:/usr/sbin:/sbin
LD_LIBRARY_PATH=/Library/Java/JavaVirtualMachines/jdk1.8.0_20.jdk/Contents/Home/jre/lib/amd64:/Library/Java/JavaVirtualMachines/jdk1.8.0_20.jdk/Contents/Home/jre/lib/i386:
SHELL=/bin/bash
DISPLAY=/private/tmp/com.apple.launchd.nJjvueljzO/org.macosforge.xquartz:0
DYLD_LIBRARY_PATH=/Applications/NetBeans/NetBeans 8.0.app/Contents/Resources/NetBeans/webcommon/bin:

Signal Handlers:
SIGSEGV: [libjvm.dylib+0x578fd7], sa_mask[0]=11111111011111110111111111111111, sa_flags=SA_ONSTACK|SA_RESTART|SA_SIGINFO
SIGBUS: [libjvm.dylib+0x578fd7], sa_mask[0]=11111111011111110111111111111111, sa_flags=SA_RESTART|SA_SIGINFO
SIGFPE: [libjvm.dylib+0x45ab0c], sa_mask[0]=11111111011111110111111111111111, sa_flags=SA_RESTART|SA_SIGINFO
SIGPIPE: [libjvm.dylib+0x45ab0c], sa_mask[0]=11111111011111110111111111111111, sa_flags=SA_RESTART|SA_SIGINFO
SIGXFSZ: [libjvm.dylib+0x45ab0c], sa_mask[0]=11111111011111110111111111111111, sa_flags=SA_RESTART|SA_SIGINFO
SIGILL: [libjvm.dylib+0x45ab0c], sa_mask[0]=11111111011111110111111111111111, sa_flags=SA_RESTART|SA_SIGINFO
SIGUSR1: SIG_DFL, sa_mask[0]=00000000000000000000000000000000, sa_flags=none
SIGUSR2: [libjvm.dylib+0x45a62a], sa_mask[0]=00100000000000000000000000000000, sa_flags=SA_RESTART|SA_SIGINFO
SIGHUP: [libjvm.dylib+0x458bfd], sa_mask[0]=11111111011111110111111111111111, sa_flags=SA_RESTART|SA_SIGINFO
SIGINT: [libCLIPSJNI.jnilib+0xd6795], sa_mask[0]=00000000000000000000000000000000, sa_flags=SA_RESTART
SIGTERM: [libjvm.dylib+0x458bfd], sa_mask[0]=11111111011111110111111111111111, sa_flags=SA_RESTART|SA_SIGINFO
SIGQUIT: [libjvm.dylib+0x458bfd], sa_mask[0]=11111111011111110111111111111111, sa_flags=SA_RESTART|SA_SIGINFO


---------------  S Y S T E M  ---------------

OS:Bsduname:Darwin 14.1.0 Darwin Kernel Version 14.1.0: Mon Dec 22 23:10:38 PST 2014; root:xnu-2782.10.72~2/RELEASE_X86_64 x86_64
rlimit: STACK 8192k, CORE 0k, NPROC 709, NOFILE 10240, AS infinity
load average:2.14 1.44 1.28

CPU:total 8 (4 cores per cpu, 2 threads per core) family 6 model 70 stepping 1, cmov, cx8, fxsr, mmx, sse, sse2, sse3, ssse3, sse4.1, sse4.2, popcnt, avx, avx2, aes, clmul, erms, rtm, lzcnt, ht, tsc, tscinvbit, bmi1, bmi2

Memory: 4k page, physical 16777216k(3256840k free)

/proc/meminfo:


vm_info: Java HotSpot(TM) 64-Bit Server VM (25.20-b23) for bsd-amd64 JRE (1.8.0_20-b26), built on Jul 30 2014 13:37:47 by "java_re" with gcc 4.2.1 (Based on Apple Inc. build 5658) (LLVM build 2336.9.00)

time: Sun Feb  8 17:00:38 2015
elapsed time: 15 seconds (0d 0h 0m 15s)

