#
# A fatal error has been detected by the Java Runtime Environment:
#
#  SIGSEGV (0xb) at pc=0x0000000134411378, pid=3695, tid=61979
#
# JRE version: Java(TM) SE Runtime Environment (8.0_05-b13) (build 1.8.0_05-b13)
# Java VM: Java HotSpot(TM) 64-Bit Server VM (25.5-b02 mixed mode bsd-amd64 compressed oops)
# Problematic frame:
# C  [libCLIPSJNI.jnilib+0x3b378]  GenConstant+0xb5
#
# Failed to write core dump. Core dumps have been disabled. To enable core dumping, try "ulimit -c unlimited" before starting Java again
#
# If you would like to submit a bug report, please visit:
#   http://bugreport.sun.com/bugreport/crash.jsp
# The crash happened outside the Java Virtual Machine in native code.
# See problematic frame for where to report the bug.
#

---------------  T H R E A D  ---------------

Current thread (0x00007fa704197000):  JavaThread "Thread-0" [_thread_in_native, id=61979, stack(0x0000000134c9c000,0x0000000134d9c000)]

siginfo:si_signo=SIGSEGV: si_errno=0, si_code=1 (SEGV_MAPERR), si_addr=0x000000007fa70c29

Registers:
RAX=0x000000007fa70c29, RBX=0x00007fa70c226f10, RCX=0x0000000000000000, RDX=0x00007fa7051ed300
RSP=0x0000000134d9b450, RBP=0x0000000134d9b480, RSI=0x0000000000000002, RDI=0x00007fa70c21fa70
R8 =0x000000000000000a, R9 =0x0000000000000000, R10=0x000000000000000a, R11=0x0000000000000000
R12=0x0000000000000000, R13=0x000000076b294286, R14=0x00000006c0396c28, R15=0x00007fa704197000
RIP=0x0000000134411378, EFLAGS=0x0000000000010202, ERR=0x0000000000000004
  TRAPNO=0x000000000000000e

Top of Stack: (sp=0x0000000134d9b450)
0x0000000134d9b450:   00007fa70c290002 00007fa70c2207a0
0x0000000134d9b460:   000000020c233bd0 00007fa70c21fa70
0x0000000134d9b470:   00007fa70c2855c0 00007fa70c290002
0x0000000134d9b480:   0000000134d9b4b0 00000001343fd364
0x0000000134d9b490:   00007fa70c238720 00007fa70c21fa70
0x0000000134d9b4a0:   00007fa70c238720 00000050343fe268
0x0000000134d9b4b0:   0000000134d9b4e0 00000001343fe481
0x0000000134d9b4c0:   000000770c2855c0 00007fa70c21fa70
0x0000000134d9b4d0:   00007fa70c2855c0 00007fa70c24dc70
0x0000000134d9b4e0:   0000000134d9b530 0000000134410ecc
0x0000000134d9b4f0:   000000000000f847 00000077344c650c
0x0000000134d9b500:   00007fa70c2855c0 00007fa70c21fa70
0x0000000134d9b510:   0000000134d9b530 0000000134412785
0x0000000134d9b520:   00000006c0396c28 00007fa70c24dc70
0x0000000134d9b530:   0000000134d9b5a0 000000013441271f
0x0000000134d9b540:   00007fa70c2214f0 0000000000006028
0x0000000134d9b550:   00007fa709f6a450 00000001344c9285
0x0000000134d9b560:   00007fa70c232080 00007fa70c21fa70
0x0000000134d9b570:   00007fa70c2855c0 0000000100000077
0x0000000134d9b580:   0000000100002710 0000000300000001
0x0000000134d9b590:   00007fa709ff002a 77777fa70c21fa70
0x0000000134d9b5a0:   0000000134d9b620 0000000134411fd5
0x0000000134d9b5b0:   00007fa70c220910 00007fa709f6a450
0x0000000134d9b5c0:   0000000134d9b720 00007fa70c21fa70
0x0000000134d9b5d0:   00007fa70c233ea0 0000000000000000
0x0000000134d9b5e0:   0000000000000000 0000000000000000
0x0000000134d9b5f0:   0000000000000000 00007fa70c232080
0x0000000134d9b600:   00007fa70c226f10 0000000000000000
0x0000000134d9b610:   0000000134d9b670 0000000000000005
0x0000000134d9b620:   0000000134d9b670 0000000134411b97
0x0000000134d9b630:   0000000134d9b720 00007fa70c21fa70
0x0000000134d9b640:   0000000134d9b720 00007fa70c21fa70 

Instructions: (pc=0x0000000134411378)
0x0000000134411358:   48 8b 40 28 48 8d 90 00 01 00 00 48 8b 45 e8 48
0x0000000134411368:   8b 40 30 48 05 d8 01 00 00 48 8b 00 48 8b 40 20
0x0000000134411378:   48 8b 00 48 89 02 48 8b 45 e8 48 8b 40 30 48 05
0x0000000134411388:   d8 01 00 00 48 8b 00 48 8b 40 20 48 89 45 d0 48 

Register to memory mapping:

RAX=0x000000007fa70c29 is an unknown value
RBX=0x00007fa70c226f10 is an unknown value
RCX=0x0000000000000000 is an unknown value
RDX=0x00007fa7051ed300 is an unknown value
RSP=0x0000000134d9b450 is pointing into the stack for thread: 0x00007fa704197000
RBP=0x0000000134d9b480 is pointing into the stack for thread: 0x00007fa704197000
RSI=0x0000000000000002 is an unknown value
RDI=0x00007fa70c21fa70 is an unknown value
R8 =0x000000000000000a is an unknown value
R9 =0x0000000000000000 is an unknown value
R10=0x000000000000000a is an unknown value
R11=0x0000000000000000 is an unknown value
R12=0x0000000000000000 is an unknown value
R13=0x000000076b294286 is an unknown value
R14=0x00000006c0396c28 is an oop
java.lang.String 
 - klass: 'java/lang/String'
R15=0x00007fa704197000 is a thread


Stack: [0x0000000134c9c000,0x0000000134d9c000],  sp=0x0000000134d9b450,  free space=1021k
Native frames: (J=compiled Java code, j=interpreted, Vv=VM code, C=native code)
C  [libCLIPSJNI.jnilib+0x3b378]  GenConstant+0xb5
C  [libCLIPSJNI.jnilib+0x27364]  GetConstraintRecord+0x1ec
C  [libCLIPSJNI.jnilib+0x28481]  ArgumentTypeToConstraintRecord+0x18
C  [libCLIPSJNI.jnilib+0x3aecc]  CheckArgumentAgainstRestriction+0x30
C  [libCLIPSJNI.jnilib+0x3c71f]  CheckExpressionAgainstRestrictions+0x1f0
C  [libCLIPSJNI.jnilib+0x3bfd5]  Function2Parse+0x42c
C  [libCLIPSJNI.jnilib+0x3bb97]  Function1Parse+0x7b
C  [libCLIPSJNI.jnilib+0x3caba]  ParseAtomOrExpression+0xed
C  [libCLIPSJNI.jnilib+0xced04]  EnvEval+0xef
C  [libCLIPSJNI.jnilib+0xe6fb5]  Java_CLIPSJNI_Environment_eval+0x70
J 1057  CLIPSJNI.Environment.eval(JLjava/lang/String;)LCLIPSJNI/PrimitiveValue; (0 bytes) @ 0x000000010f01ff3e [0x000000010f01fe80+0xbe]

Java frames: (J=compiled Java code, j=interpreted, Vv=VM code)
J 1057  CLIPSJNI.Environment.eval(JLjava/lang/String;)LCLIPSJNI/PrimitiveValue; (0 bytes) @ 0x000000010f01fecc [0x000000010f01fe80+0x4c]
J 1294 C2 xclipsjni.ClipsCore.findFact(Ljava/lang/String;Ljava/lang/String;Ljava/lang/String;[Ljava/lang/String;)[Ljava/lang/String; (146 bytes) @ 0x000000010f0cf494 [0x000000010f0cefa0+0x4f4]
J 1324% C2 xclipsjni.ClipsModel.run()V (539 bytes) @ 0x000000010f0f8710 [0x000000010f0f8560+0x1b0]
j  java.lang.Thread.run()V+11
v  ~StubRoutines::call_stub

---------------  P R O C E S S  ---------------

Java Threads: ( => current thread )
=>0x00007fa704197000 JavaThread "Thread-0" [_thread_in_native, id=61979, stack(0x0000000134c9c000,0x0000000134d9c000)]
  0x00007fa706963800 JavaThread "TimerQueue" daemon [_thread_blocked, id=60967, stack(0x00000001341f6000,0x00000001342f6000)]
  0x00007fa7050aa800 JavaThread "DestroyJavaVM" [_thread_blocked, id=6403, stack(0x000000010cc49000,0x000000010cd49000)]
  0x00007fa704168000 JavaThread "AWT-EventQueue-0" [_thread_in_native, id=52483, stack(0x000000012ff68000,0x0000000130068000)]
  0x00007fa707820800 JavaThread "Java2D Queue Flusher" daemon [_thread_blocked, id=51207, stack(0x000000012f9c2000,0x000000012fac2000)]
  0x00007fa706935800 JavaThread "Java2D Disposer" daemon [_thread_blocked, id=49671, stack(0x000000012f77e000,0x000000012f87e000)]
  0x00007fa7040ba000 JavaThread "AWT-Shutdown" [_thread_blocked, id=30987, stack(0x000000012ca71000,0x000000012cb71000)]
  0x00007fa70684e800 JavaThread "AppKit Thread" daemon [_thread_in_native, id=3335, stack(0x00007fff528cc000,0x00007fff530cc000)]
  0x00007fa704049800 JavaThread "Service Thread" daemon [_thread_blocked, id=22275, stack(0x000000012ae92000,0x000000012af92000)]
  0x00007fa706801000 JavaThread "C1 CompilerThread3" daemon [_thread_blocked, id=21763, stack(0x000000012ad8f000,0x000000012ae8f000)]
  0x00007fa706800000 JavaThread "C2 CompilerThread2" daemon [_thread_blocked, id=21251, stack(0x000000012ac8c000,0x000000012ad8c000)]
  0x00007fa70502b000 JavaThread "C2 CompilerThread1" daemon [_thread_blocked, id=20739, stack(0x000000012ab89000,0x000000012ac89000)]
  0x00007fa704015800 JavaThread "C2 CompilerThread0" daemon [_thread_blocked, id=20227, stack(0x000000012aa86000,0x000000012ab86000)]
  0x00007fa70401b000 JavaThread "Signal Dispatcher" daemon [_thread_blocked, id=19715, stack(0x000000012a983000,0x000000012aa83000)]
  0x00007fa704014000 JavaThread "Finalizer" daemon [_thread_blocked, id=14595, stack(0x000000012a741000,0x000000012a841000)]
  0x00007fa705056800 JavaThread "Reference Handler" daemon [_thread_blocked, id=14083, stack(0x000000012a63e000,0x000000012a73e000)]

Other Threads:
  0x00007fa705052000 VMThread [stack: 0x000000012a53b000,0x000000012a63b000] [id=13571]
  0x00007fa70681b800 WatcherThread [stack: 0x000000012af95000,0x000000012b095000] [id=22787]

VM state:not at safepoint (normal execution)

VM Mutex/Monitor currently owned by a thread: None

Heap:
 PSYoungGen      total 10752K, used 7993K [0x000000076ab00000, 0x000000076b680000, 0x00000007c0000000)
  eden space 10240K, 76% used [0x000000076ab00000,0x000000076b2a6638,0x000000076b500000)
  from space 512K, 31% used [0x000000076b600000,0x000000076b628000,0x000000076b680000)
  to   space 512K, 0% used [0x000000076b580000,0x000000076b580000,0x000000076b600000)
 ParOldGen       total 260608K, used 7571K [0x00000006c0000000, 0x00000006cfe80000, 0x000000076ab00000)
  object space 260608K, 2% used [0x00000006c0000000,0x00000006c0764d48,0x00000006cfe80000)
 Metaspace       used 14111K, capacity 14270K, committed 14464K, reserved 1062912K
  class space    used 1883K, capacity 1911K, committed 1920K, reserved 1048576K

Card table byte_map: [0x000000011e080000,0x000000011e881000] byte_map_base: 0x000000011aa80000

Marking Bits: (ParMarkBitMap*) 0x000000010e6660a0
 Begin Bits: [0x000000011f5ef000, 0x00000001235ef000)
 End Bits:   [0x00000001235ef000, 0x00000001275ef000)

Polling page: 0x000000010cd8d000

CodeCache: size=245760Kb used=4470Kb max_used=4479Kb free=241290Kb
 bounds [0x000000010ecc0000, 0x000000010f130000, 0x000000011dcc0000]
 total_blobs=1898 nmethods=1368 adapters=444
 compilation: enabled

Compilation events (10 events):
Event: 26.949 Thread 0x00007fa706801000 nmethod 1363 0x000000010f11c8d0 code [0x000000010f11ca40, 0x000000010f11ccb8]
Event: 26.949 Thread 0x00007fa706801000 1364       3       java.awt.EventQueue::postEvent (13 bytes)
Event: 26.949 Thread 0x00007fa706801000 nmethod 1364 0x000000010f11cd50 code [0x000000010f11cee0, 0x000000010f11d2e8]
Event: 26.949 Thread 0x00007fa706801000 1365       3       com.apple.laf.AquaUtils$RecyclableSingleton::get (51 bytes)
Event: 26.950 Thread 0x00007fa706801000 nmethod 1365 0x000000010f11d490 code [0x000000010f11d680, 0x000000010f11df18]
Event: 27.090 Thread 0x00007fa706800000 1366       4       sun.util.logging.PlatformLogger::isLoggable (38 bytes)
Event: 27.090 Thread 0x00007fa704015800 1367       4       sun.util.logging.PlatformLogger$DefaultLoggerProxy::isLoggable (29 bytes)
Event: 27.091 Thread 0x00007fa704015800 nmethod 1367 0x000000010f120f10 code [0x000000010f121060, 0x000000010f121158]
Event: 27.091 Thread 0x00007fa706800000 nmethod 1366 0x000000010f11f590 code [0x000000010f11f6e0, 0x000000010f11f858]
Event: 27.093 Thread 0x00007fa706801000 1368   !   3       java.awt.KeyboardFocusManager::getFocusOwner (42 bytes)

GC Heap History (10 events):
Event: 26.222 GC heap before
{Heap before GC invocations=108 (full 0):
 PSYoungGen      total 10752K, used 10400K [0x000000076ab00000, 0x000000076b680000, 0x00000007c0000000)
  eden space 10240K, 100% used [0x000000076ab00000,0x000000076b500000,0x000000076b500000)
  from space 512K, 31% used [0x000000076b580000,0x000000076b5a8000,0x000000076b600000)
  to   space 512K, 0% used [0x000000076b600000,0x000000076b600000,0x000000076b680000)
 ParOldGen       total 260608K, used 7471K [0x00000006c0000000, 0x00000006cfe80000, 0x000000076ab00000)
  object space 260608K, 2% used [0x00000006c0000000,0x00000006c074bed8,0x00000006cfe80000)
 Metaspace       used 14097K, capacity 14270K, committed 14464K, reserved 1062912K
  class space    used 1882K, capacity 1911K, committed 1920K, reserved 1048576K
Event: 26.223 GC heap after
Heap after GC invocations=108 (full 0):
 PSYoungGen      total 10752K, used 32K [0x000000076ab00000, 0x000000076b680000, 0x00000007c0000000)
  eden space 10240K, 0% used [0x000000076ab00000,0x000000076ab00000,0x000000076b500000)
  from space 512K, 6% used [0x000000076b600000,0x000000076b608000,0x000000076b680000)
  to   space 512K, 0% used [0x000000076b580000,0x000000076b580000,0x000000076b600000)
 ParOldGen       total 260608K, used 7539K [0x00000006c0000000, 0x00000006cfe80000, 0x000000076ab00000)
  object space 260608K, 2% used [0x00000006c0000000,0x00000006c075cd48,0x00000006cfe80000)
 Metaspace       used 14097K, capacity 14270K, committed 14464K, reserved 1062912K
  class space    used 1882K, capacity 1911K, committed 1920K, reserved 1048576K
}
Event: 26.402 GC heap before
{Heap before GC invocations=109 (full 0):
 PSYoungGen      total 10752K, used 10272K [0x000000076ab00000, 0x000000076b680000, 0x00000007c0000000)
  eden space 10240K, 100% used [0x000000076ab00000,0x000000076b500000,0x000000076b500000)
  from space 512K, 6% used [0x000000076b600000,0x000000076b608000,0x000000076b680000)
  to   space 512K, 0% used [0x000000076b580000,0x000000076b580000,0x000000076b600000)
 ParOldGen       total 260608K, used 7539K [0x00000006c0000000, 0x00000006cfe80000, 0x000000076ab00000)
  object space 260608K, 2% used [0x00000006c0000000,0x00000006c075cd48,0x00000006cfe80000)
 Metaspace       used 14097K, capacity 14270K, committed 14464K, reserved 1062912K
  class space    used 1882K, capacity 1911K, committed 1920K, reserved 1048576K
Event: 26.403 GC heap after
Heap after GC invocations=109 (full 0):
 PSYoungGen      total 10752K, used 32K [0x000000076ab00000, 0x000000076b680000, 0x00000007c0000000)
  eden space 10240K, 0% used [0x000000076ab00000,0x000000076ab00000,0x000000076b500000)
  from space 512K, 6% used [0x000000076b580000,0x000000076b588000,0x000000076b600000)
  to   space 512K, 0% used [0x000000076b600000,0x000000076b600000,0x000000076b680000)
 ParOldGen       total 260608K, used 7539K [0x00000006c0000000, 0x00000006cfe80000, 0x000000076ab00000)
  object space 260608K, 2% used [0x00000006c0000000,0x00000006c075cd48,0x00000006cfe80000)
 Metaspace       used 14097K, capacity 14270K, committed 14464K, reserved 1062912K
  class space    used 1882K, capacity 1911K, committed 1920K, reserved 1048576K
}
Event: 26.588 GC heap before
{Heap before GC invocations=110 (full 0):
 PSYoungGen      total 10752K, used 10272K [0x000000076ab00000, 0x000000076b680000, 0x00000007c0000000)
  eden space 10240K, 100% used [0x000000076ab00000,0x000000076b500000,0x000000076b500000)
  from space 512K, 6% used [0x000000076b580000,0x000000076b588000,0x000000076b600000)
  to   space 512K, 0% used [0x000000076b600000,0x000000076b600000,0x000000076b680000)
 ParOldGen       total 260608K, used 7539K [0x00000006c0000000, 0x00000006cfe80000, 0x000000076ab00000)
  object space 260608K, 2% used [0x00000006c0000000,0x00000006c075cd48,0x00000006cfe80000)
 Metaspace       used 14101K, capacity 14270K, committed 14464K, reserved 1062912K
  class space    used 1882K, capacity 1911K, committed 1920K, reserved 1048576K
Event: 26.588 GC heap after
Heap after GC invocations=110 (full 0):
 PSYoungGen      total 10752K, used 128K [0x000000076ab00000, 0x000000076b680000, 0x00000007c0000000)
  eden space 10240K, 0% used [0x000000076ab00000,0x000000076ab00000,0x000000076b500000)
  from space 512K, 25% used [0x000000076b600000,0x000000076b620000,0x000000076b680000)
  to   space 512K, 0% used [0x000000076b580000,0x000000076b580000,0x000000076b600000)
 ParOldGen       total 260608K, used 7539K [0x00000006c0000000, 0x00000006cfe80000, 0x000000076ab00000)
  object space 260608K, 2% used [0x00000006c0000000,0x00000006c075cd48,0x00000006cfe80000)
 Metaspace       used 14101K, capacity 14270K, committed 14464K, reserved 1062912K
  class space    used 1882K, capacity 1911K, committed 1920K, reserved 1048576K
}
Event: 26.774 GC heap before
{Heap before GC invocations=111 (full 0):
 PSYoungGen      total 10752K, used 10368K [0x000000076ab00000, 0x000000076b680000, 0x00000007c0000000)
  eden space 10240K, 100% used [0x000000076ab00000,0x000000076b500000,0x000000076b500000)
  from space 512K, 25% used [0x000000076b600000,0x000000076b620000,0x000000076b680000)
  to   space 512K, 0% used [0x000000076b580000,0x000000076b580000,0x000000076b600000)
 ParOldGen       total 260608K, used 7539K [0x00000006c0000000, 0x00000006cfe80000, 0x000000076ab00000)
  object space 260608K, 2% used [0x00000006c0000000,0x00000006c075cd48,0x00000006cfe80000)
 Metaspace       used 14104K, capacity 14270K, committed 14464K, reserved 1062912K
  class space    used 1882K, capacity 1911K, committed 1920K, reserved 1048576K
Event: 26.774 GC heap after
Heap after GC invocations=111 (full 0):
 PSYoungGen      total 10752K, used 128K [0x000000076ab00000, 0x000000076b680000, 0x00000007c0000000)
  eden space 10240K, 0% used [0x000000076ab00000,0x000000076ab00000,0x000000076b500000)
  from space 512K, 25% used [0x000000076b580000,0x000000076b5a0000,0x000000076b600000)
  to   space 512K, 0% used [0x000000076b600000,0x000000076b600000,0x000000076b680000)
 ParOldGen       total 260608K, used 7555K [0x00000006c0000000, 0x00000006cfe80000, 0x000000076ab00000)
  object space 260608K, 2% used [0x00000006c0000000,0x00000006c0760d48,0x00000006cfe80000)
 Metaspace       used 14104K, capacity 14270K, committed 14464K, reserved 1062912K
  class space    used 1882K, capacity 1911K, committed 1920K, reserved 1048576K
}
Event: 26.956 GC heap before
{Heap before GC invocations=112 (full 0):
 PSYoungGen      total 10752K, used 10368K [0x000000076ab00000, 0x000000076b680000, 0x00000007c0000000)
  eden space 10240K, 100% used [0x000000076ab00000,0x000000076b500000,0x000000076b500000)
  from space 512K, 25% used [0x000000076b580000,0x000000076b5a0000,0x000000076b600000)
  to   space 512K, 0% used [0x000000076b600000,0x000000076b600000,0x000000076b680000)
 ParOldGen       total 260608K, used 7555K [0x00000006c0000000, 0x00000006cfe80000, 0x000000076ab00000)
  object space 260608K, 2% used [0x00000006c0000000,0x00000006c0760d48,0x00000006cfe80000)
 Metaspace       used 14106K, capacity 14270K, committed 14464K, reserved 1062912K
  class space    used 1882K, capacity 1911K, committed 1920K, reserved 1048576K
Event: 26.957 GC heap after
Heap after GC invocations=112 (full 0):
 PSYoungGen      total 10752K, used 160K [0x000000076ab00000, 0x000000076b680000, 0x00000007c0000000)
  eden space 10240K, 0% used [0x000000076ab00000,0x000000076ab00000,0x000000076b500000)
  from space 512K, 31% used [0x000000076b600000,0x000000076b628000,0x000000076b680000)
  to   space 512K, 0% used [0x000000076b580000,0x000000076b580000,0x000000076b600000)
 ParOldGen       total 260608K, used 7571K [0x00000006c0000000, 0x00000006cfe80000, 0x000000076ab00000)
  object space 260608K, 2% used [0x00000006c0000000,0x00000006c0764d48,0x00000006cfe80000)
 Metaspace       used 14106K, capacity 14270K, committed 14464K, reserved 1062912K
  class space    used 1882K, capacity 1911K, committed 1920K, reserved 1048576K
}

Deoptimization events (4 events):
Event: 0.894 Thread 0x00007fa704004800 Uncommon trap: reason=class_check action=maybe_recompile pc=0x000000010ee83380 method=java.lang.String.equals(Ljava/lang/Object;)Z @ 8
Event: 0.894 Thread 0x00007fa704004800 Uncommon trap: reason=class_check action=maybe_recompile pc=0x000000010ee83380 method=java.lang.String.equals(Ljava/lang/Object;)Z @ 8
Event: 0.894 Thread 0x00007fa704004800 Uncommon trap: reason=class_check action=maybe_recompile pc=0x000000010ee83380 method=java.lang.String.equals(Ljava/lang/Object;)Z @ 8
Event: 0.894 Thread 0x00007fa704004800 Uncommon trap: reason=class_check action=maybe_recompile pc=0x000000010ee83380 method=java.lang.String.equals(Ljava/lang/Object;)Z @ 8

Internal exceptions (10 events):
Event: 4.360 Thread 0x00007fa704168000 Exception <a 'java/security/PrivilegedActionException'> (0x000000076ac37090) thrown at [/HUDSON/workspace/8-2-build-macosx-x86_64/jdk8u5/2488/hotspot/src/share/vm/prims/jvm.cpp, line 1248]
Event: 4.360 Thread 0x00007fa704168000 Exception <a 'java/security/PrivilegedActionException'> (0x000000076ac3b100) thrown at [/HUDSON/workspace/8-2-build-macosx-x86_64/jdk8u5/2488/hotspot/src/share/vm/prims/jvm.cpp, line 1248]
Event: 4.400 Thread 0x00007fa704168000 Exception <a 'java/security/PrivilegedActionException'> (0x000000076ac43620) thrown at [/HUDSON/workspace/8-2-build-macosx-x86_64/jdk8u5/2488/hotspot/src/share/vm/prims/jvm.cpp, line 1248]
Event: 4.402 Thread 0x00007fa704168000 Exception <a 'java/security/PrivilegedActionException'> (0x000000076ac4e5e0) thrown at [/HUDSON/workspace/8-2-build-macosx-x86_64/jdk8u5/2488/hotspot/src/share/vm/prims/jvm.cpp, line 1248]
Event: 4.526 Thread 0x00007fa704168000 Exception <a 'java/lang/ArrayIndexOutOfBoundsException': 1> (0x000000076acfa698) thrown at [/HUDSON/workspace/8-2-build-macosx-x86_64/jdk8u5/2488/hotspot/src/share/vm/interpreter/interpreterRuntime.cpp, line 337]
Event: 4.526 Thread 0x00007fa704168000 Exception <a 'java/lang/ArrayIndexOutOfBoundsException'> (0x000000076acfa698) thrown at [/HUDSON/workspace/8-2-build-macosx-x86_64/jdk8u5/2488/hotspot/src/share/vm/prims/jvm.cpp, line 1252]
Event: 4.526 Thread 0x00007fa704168000 Exception <a 'java/lang/ArrayIndexOutOfBoundsException'> (0x000000076acfa698) thrown at [/HUDSON/workspace/8-2-build-macosx-x86_64/jdk8u5/2488/hotspot/src/share/vm/prims/jvm.cpp, line 1252]
Event: 5.292 Thread 0x00007fa704014000 Exception <a 'java/lang/NullPointerException'> (0x000000076ab073e8) thrown at [/HUDSON/workspace/8-2-build-macosx-x86_64/jdk8u5/2488/hotspot/src/share/vm/interpreter/linkResolver.cpp, line 1169]
Event: 5.293 Thread 0x00007fa704014000 Exception <a 'java/lang/NullPointerException'> (0x000000076ab07598) thrown at [/HUDSON/workspace/8-2-build-macosx-x86_64/jdk8u5/2488/hotspot/src/share/vm/interpreter/linkResolver.cpp, line 1169]
Event: 5.293 Thread 0x00007fa704014000 Exception <a 'java/lang/NullPointerException'> (0x000000076ab07748) thrown at [/HUDSON/workspace/8-2-build-macosx-x86_64/jdk8u5/2488/hotspot/src/share/vm/interpreter/linkResolver.cpp, line 1169]

Events (10 events):
Event: 26.402 Executing VM operation: ParallelGCFailedAllocation
Event: 26.403 Executing VM operation: ParallelGCFailedAllocation done
Event: 26.588 Executing VM operation: ParallelGCFailedAllocation
Event: 26.588 Executing VM operation: ParallelGCFailedAllocation done
Event: 26.774 Executing VM operation: ParallelGCFailedAllocation
Event: 26.774 Executing VM operation: ParallelGCFailedAllocation done
Event: 26.956 Executing VM operation: ParallelGCFailedAllocation
Event: 26.957 Executing VM operation: ParallelGCFailedAllocation done
Event: 27.089 loading class java/awt/Window$1DisposeAction
Event: 27.089 loading class java/awt/Window$1DisposeAction done


Dynamic libraries:
0x000000000c2ab000 	/System/Library/Frameworks/Cocoa.framework/Versions/A/Cocoa
0x000000000c2ab000 	/System/Library/Frameworks/Security.framework/Versions/A/Security
0x000000000c2ab000 	/System/Library/Frameworks/ApplicationServices.framework/Versions/A/ApplicationServices
0x000000000c2ab000 	/usr/lib/libz.1.dylib
0x000000000c2ab000 	/usr/lib/libSystem.B.dylib
0x000000000c2ab000 	/usr/lib/libobjc.A.dylib
0x000000000c2ab000 	/System/Library/Frameworks/CoreFoundation.framework/Versions/A/CoreFoundation
0x000000000c2ab000 	/System/Library/Frameworks/Foundation.framework/Versions/C/Foundation
0x000000000c2ab000 	/System/Library/Frameworks/AppKit.framework/Versions/C/AppKit
0x000000000c2ab000 	/System/Library/Frameworks/CoreData.framework/Versions/A/CoreData
0x000000000c2ab000 	/System/Library/PrivateFrameworks/RemoteViewServices.framework/Versions/A/RemoteViewServices
0x000000000c2ab000 	/System/Library/Frameworks/AudioToolbox.framework/Versions/A/AudioToolbox
0x000000000c2ab000 	/System/Library/Frameworks/AudioUnit.framework/Versions/A/AudioUnit
0x000000000c2ab000 	/System/Library/PrivateFrameworks/DataDetectorsCore.framework/Versions/A/DataDetectorsCore
0x000000000c2ab000 	/System/Library/PrivateFrameworks/DesktopServicesPriv.framework/Versions/A/DesktopServicesPriv
0x000000000c2ab000 	/System/Library/Frameworks/Carbon.framework/Versions/A/Frameworks/HIToolbox.framework/Versions/A/HIToolbox
0x000000000c2ab000 	/System/Library/Frameworks/QuartzCore.framework/Versions/A/QuartzCore
0x000000000c2ab000 	/System/Library/Frameworks/Carbon.framework/Versions/A/Frameworks/SpeechRecognition.framework/Versions/A/SpeechRecognition
0x000000000c2ab000 	/usr/lib/libauto.dylib
0x000000000c2ab000 	/usr/lib/libicucore.A.dylib
0x000000000c2ab000 	/usr/lib/libxml2.2.dylib
0x000000000c2ab000 	/System/Library/PrivateFrameworks/CoreUI.framework/Versions/A/CoreUI
0x000000000c2ab000 	/System/Library/Frameworks/CoreAudio.framework/Versions/A/CoreAudio
0x000000000c2ab000 	/System/Library/Frameworks/DiskArbitration.framework/Versions/A/DiskArbitration
0x000000000c2ab000 	/usr/lib/liblangid.dylib
0x000000000c2ab000 	/System/Library/PrivateFrameworks/MultitouchSupport.framework/Versions/A/MultitouchSupport
0x000000000c2ab000 	/System/Library/Frameworks/IOKit.framework/Versions/A/IOKit
0x000000000c2ab000 	/usr/lib/libDiagnosticMessagesClient.dylib
0x000000000c2ab000 	/System/Library/Frameworks/CoreServices.framework/Versions/A/CoreServices
0x000000000c2ab000 	/System/Library/PrivateFrameworks/PerformanceAnalysis.framework/Versions/A/PerformanceAnalysis
0x000000000c2ab000 	/System/Library/PrivateFrameworks/GenerationalStorage.framework/Versions/A/GenerationalStorage
0x000000000c2ab000 	/System/Library/Frameworks/OpenGL.framework/Versions/A/OpenGL
0x000000000c2ab000 	/System/Library/PrivateFrameworks/Sharing.framework/Versions/A/Sharing
0x000000000c2ab000 	/System/Library/Frameworks/ImageIO.framework/Versions/A/ImageIO
0x000000000c2ab000 	/System/Library/Frameworks/CoreText.framework/Versions/A/CoreText
0x000000000c2ab000 	/System/Library/Frameworks/CoreGraphics.framework/Versions/A/CoreGraphics
0x000000000c2ab000 	/System/Library/PrivateFrameworks/Backup.framework/Versions/A/Backup
0x000000000c2ab000 	/System/Library/Frameworks/CFNetwork.framework/Versions/A/CFNetwork
0x000000000c2ab000 	/System/Library/Frameworks/SystemConfiguration.framework/Versions/A/SystemConfiguration
0x000000000c2ab000 	/usr/lib/libCRFSuite.dylib
0x000000000c2ab000 	/usr/lib/libc++.1.dylib
0x000000000c2ab000 	/usr/lib/libc++abi.dylib
0x000000000c2ab000 	/usr/lib/system/libcache.dylib
0x000000000c2ab000 	/usr/lib/system/libcommonCrypto.dylib
0x000000000c2ab000 	/usr/lib/system/libcompiler_rt.dylib
0x000000000c2ab000 	/usr/lib/system/libcopyfile.dylib
0x000000000c2ab000 	/usr/lib/system/libcorecrypto.dylib
0x000000000c2ab000 	/usr/lib/system/libdispatch.dylib
0x000000000c2ab000 	/usr/lib/system/libdyld.dylib
0x000000000c2ab000 	/usr/lib/system/libkeymgr.dylib
0x000000000c2ab000 	/usr/lib/system/liblaunch.dylib
0x000000000c2ab000 	/usr/lib/system/libmacho.dylib
0x000000000c2ab000 	/usr/lib/system/libquarantine.dylib
0x000000000c2ab000 	/usr/lib/system/libremovefile.dylib
0x000000000c2ab000 	/usr/lib/system/libsystem_asl.dylib
0x000000000c2ab000 	/usr/lib/system/libsystem_blocks.dylib
0x000000000c2ab000 	/usr/lib/system/libsystem_c.dylib
0x000000000c2ab000 	/usr/lib/system/libsystem_configuration.dylib
0x000000000c2ab000 	/usr/lib/system/libsystem_dnssd.dylib
0x000000000c2ab000 	/usr/lib/system/libsystem_info.dylib
0x000000000c2ab000 	/usr/lib/system/libsystem_kernel.dylib
0x000000000c2ab000 	/usr/lib/system/libsystem_m.dylib
0x000000000c2ab000 	/usr/lib/system/libsystem_malloc.dylib
0x000000000c2ab000 	/usr/lib/system/libsystem_network.dylib
0x000000000c2ab000 	/usr/lib/system/libsystem_notify.dylib
0x000000000c2ab000 	/usr/lib/system/libsystem_platform.dylib
0x000000000c2ab000 	/usr/lib/system/libsystem_pthread.dylib
0x000000000c2ab000 	/usr/lib/system/libsystem_sandbox.dylib
0x000000000c2ab000 	/usr/lib/system/libsystem_stats.dylib
0x000000000c2ab000 	/usr/lib/system/libunc.dylib
0x000000000c2ab000 	/usr/lib/system/libunwind.dylib
0x000000000c2ab000 	/usr/lib/system/libxpc.dylib
0x000000000c2ab000 	/usr/lib/libbsm.0.dylib
0x000000000c2ab000 	/usr/lib/libsqlite3.dylib
0x000000000c2ab000 	/usr/lib/libxar.1.dylib
0x000000000c2ab000 	/usr/lib/libpam.2.dylib
0x000000000c2ab000 	/usr/lib/libOpenScriptingUtil.dylib
0x000000000c2ab000 	/usr/lib/libbz2.1.0.dylib
0x000000000c2ab000 	/System/Library/Frameworks/CoreServices.framework/Versions/A/Frameworks/CarbonCore.framework/Versions/A/CarbonCore
0x000000000c2ab000 	/System/Library/Frameworks/CoreServices.framework/Versions/A/Frameworks/Metadata.framework/Versions/A/Metadata
0x000000000c2ab000 	/System/Library/Frameworks/CoreServices.framework/Versions/A/Frameworks/OSServices.framework/Versions/A/OSServices
0x000000000c2ab000 	/System/Library/Frameworks/CoreServices.framework/Versions/A/Frameworks/SearchKit.framework/Versions/A/SearchKit
0x000000000c2ab000 	/System/Library/Frameworks/CoreServices.framework/Versions/A/Frameworks/AE.framework/Versions/A/AE
0x000000000c2ab000 	/System/Library/Frameworks/CoreServices.framework/Versions/A/Frameworks/LaunchServices.framework/Versions/A/LaunchServices
0x000000000c2ab000 	/System/Library/Frameworks/CoreServices.framework/Versions/A/Frameworks/DictionaryServices.framework/Versions/A/DictionaryServices
0x000000000c2ab000 	/System/Library/Frameworks/NetFS.framework/Versions/A/NetFS
0x000000000c2ab000 	/usr/lib/system/libkxld.dylib
0x000000000c2ab000 	/System/Library/PrivateFrameworks/NetAuth.framework/Versions/A/NetAuth
0x000000000c2ab000 	/System/Library/PrivateFrameworks/TCC.framework/Versions/A/TCC
0x000000000c2ab000 	/System/Library/Frameworks/OpenDirectory.framework/Versions/A/Frameworks/CFOpenDirectory.framework/Versions/A/CFOpenDirectory
0x000000000c2ab000 	/System/Library/Frameworks/ServiceManagement.framework/Versions/A/ServiceManagement
0x000000000c2ab000 	/usr/lib/libxslt.1.dylib
0x000000000c2ab000 	/System/Library/Frameworks/Carbon.framework/Versions/A/Frameworks/Ink.framework/Versions/A/Ink
0x000000000c2ab000 	/System/Library/Frameworks/ApplicationServices.framework/Versions/A/Frameworks/ATS.framework/Versions/A/ATS
0x000000000c2ab000 	/System/Library/Frameworks/ApplicationServices.framework/Versions/A/Frameworks/ColorSync.framework/Versions/A/ColorSync
0x000000000c2ab000 	/System/Library/Frameworks/ApplicationServices.framework/Versions/A/Frameworks/HIServices.framework/Versions/A/HIServices
0x000000000c2ab000 	/System/Library/Frameworks/ApplicationServices.framework/Versions/A/Frameworks/LangAnalysis.framework/Versions/A/LangAnalysis
0x000000000c2ab000 	/System/Library/Frameworks/ApplicationServices.framework/Versions/A/Frameworks/PrintCore.framework/Versions/A/PrintCore
0x000000000c2ab000 	/System/Library/Frameworks/ApplicationServices.framework/Versions/A/Frameworks/QD.framework/Versions/A/QD
0x000000000c2ab000 	/System/Library/Frameworks/ApplicationServices.framework/Versions/A/Frameworks/SpeechSynthesis.framework/Versions/A/SpeechSynthesis
0x000000000c2ab000 	/System/Library/Frameworks/IOSurface.framework/Versions/A/IOSurface
0x000000000c2ab000 	/System/Library/Frameworks/Accelerate.framework/Versions/A/Accelerate
0x000000000c2ab000 	/System/Library/Frameworks/Accelerate.framework/Versions/A/Frameworks/vImage.framework/Versions/A/vImage
0x000000000c2ab000 	/System/Library/Frameworks/Accelerate.framework/Versions/A/Frameworks/vecLib.framework/Versions/A/vecLib
0x000000000c2ab000 	/System/Library/Frameworks/Accelerate.framework/Versions/A/Frameworks/vecLib.framework/Versions/A/libvDSP.dylib
0x000000000c2ab000 	/System/Library/Frameworks/Accelerate.framework/Versions/A/Frameworks/vecLib.framework/Versions/A/libvMisc.dylib
0x000000000c2ab000 	/System/Library/Frameworks/Accelerate.framework/Versions/A/Frameworks/vecLib.framework/Versions/A/libLAPACK.dylib
0x000000000c2ab000 	/System/Library/Frameworks/Accelerate.framework/Versions/A/Frameworks/vecLib.framework/Versions/A/libBLAS.dylib
0x000000000c2ab000 	/System/Library/Frameworks/ApplicationServices.framework/Versions/A/Frameworks/ATS.framework/Versions/A/Resources/libFontParser.dylib
0x000000000c2ab000 	/System/Library/Frameworks/ApplicationServices.framework/Versions/A/Frameworks/ATS.framework/Versions/A/Resources/libFontRegistry.dylib
0x000000000c2ab000 	/System/Library/Frameworks/ImageIO.framework/Versions/A/Resources/libJPEG.dylib
0x000000000c2ab000 	/System/Library/Frameworks/ImageIO.framework/Versions/A/Resources/libTIFF.dylib
0x000000000c2ab000 	/System/Library/Frameworks/ImageIO.framework/Versions/A/Resources/libPng.dylib
0x000000000c2ab000 	/System/Library/Frameworks/ImageIO.framework/Versions/A/Resources/libGIF.dylib
0x000000000c2ab000 	/System/Library/Frameworks/ImageIO.framework/Versions/A/Resources/libJP2.dylib
0x000000000c2ab000 	/System/Library/Frameworks/ImageIO.framework/Versions/A/Resources/libRadiance.dylib
0x000000000c2ab000 	/usr/lib/libcups.2.dylib
0x000000000c2ab000 	/System/Library/Frameworks/Kerberos.framework/Versions/A/Kerberos
0x000000000c2ab000 	/System/Library/Frameworks/GSS.framework/Versions/A/GSS
0x000000000c2ab000 	/usr/lib/libresolv.9.dylib
0x000000000c2ab000 	/usr/lib/libiconv.2.dylib
0x000000000c2ab000 	/System/Library/PrivateFrameworks/Heimdal.framework/Versions/A/Heimdal
0x000000000c2ab000 	/System/Library/PrivateFrameworks/TrustEvaluationAgent.framework/Versions/A/TrustEvaluationAgent
0x000000000c2ab000 	/usr/lib/libheimdal-asn1.dylib
0x000000000c2ab000 	/System/Library/Frameworks/OpenDirectory.framework/Versions/A/OpenDirectory
0x000000000c2ab000 	/System/Library/PrivateFrameworks/CommonAuth.framework/Versions/A/CommonAuth
0x000000000c2ab000 	/System/Library/Frameworks/SecurityFoundation.framework/Versions/A/SecurityFoundation
0x000000000c2ab000 	/System/Library/PrivateFrameworks/Bom.framework/Versions/A/Bom
0x000000000c2ab000 	/System/Library/Frameworks/CoreVideo.framework/Versions/A/CoreVideo
0x000000000c2ab000 	/System/Library/Frameworks/QuartzCore.framework/Versions/A/Frameworks/CoreImage.framework/Versions/A/CoreImage
0x000000000c2ab000 	/System/Library/Frameworks/QuartzCore.framework/Versions/A/Frameworks/ScalableUserInterface.framework/Versions/A/ScalableUserInterface
0x000000000c2ab000 	/System/Library/Frameworks/OpenGL.framework/Versions/A/Libraries/libGLU.dylib
0x000000000c2ab000 	/System/Library/Frameworks/OpenGL.framework/Versions/A/Libraries/libGFXShared.dylib
0x000000000c2ab000 	/System/Library/Frameworks/OpenGL.framework/Versions/A/Libraries/libGL.dylib
0x000000000c2ab000 	/System/Library/Frameworks/OpenGL.framework/Versions/A/Libraries/libGLImage.dylib
0x000000000c2ab000 	/System/Library/Frameworks/OpenGL.framework/Versions/A/Libraries/libCVMSPluginSupport.dylib
0x000000000c2ab000 	/System/Library/Frameworks/OpenGL.framework/Versions/A/Libraries/libCoreVMClient.dylib
0x000000000c2ab000 	/System/Library/PrivateFrameworks/FaceCore.framework/Versions/A/FaceCore
0x000000000c2ab000 	/System/Library/PrivateFrameworks/CrashReporterSupport.framework/Versions/A/CrashReporterSupport
0x000000000c2ab000 	/System/Library/Frameworks/OpenCL.framework/Versions/A/OpenCL
0x000000000c2ab000 	/System/Library/PrivateFrameworks/AppleFSCompression.framework/Versions/A/AppleFSCompression
0x000000000c2ab000 	/System/Library/PrivateFrameworks/Ubiquity.framework/Versions/A/Ubiquity
0x000000000c2ab000 	/System/Library/PrivateFrameworks/IconServices.framework/Versions/A/IconServices
0x000000000c2ab000 	/System/Library/PrivateFrameworks/ChunkingLibrary.framework/Versions/A/ChunkingLibrary
0x000000000c2ab000 	/System/Library/PrivateFrameworks/CoreSymbolication.framework/Versions/A/CoreSymbolication
0x000000000c2ab000 	/System/Library/PrivateFrameworks/Symbolication.framework/Versions/A/Symbolication
0x000000000c2ab000 	/System/Library/PrivateFrameworks/DebugSymbols.framework/Versions/A/DebugSymbols
0x000000010de00000 	/Library/Java/JavaVirtualMachines/jdk1.8.0_05.jdk/Contents/Home/jre/lib/server/libjvm.dylib
0x000000000c2ab000 	/usr/lib/libstdc++.6.dylib
0x000000010cd4b000 	/Library/Java/JavaVirtualMachines/jdk1.8.0_05.jdk/Contents/Home/jre/lib/libverify.dylib
0x000000010cd59000 	/Library/Java/JavaVirtualMachines/jdk1.8.0_05.jdk/Contents/Home/jre/lib/libjava.dylib
0x000000010cd97000 	/Library/Java/JavaVirtualMachines/jdk1.8.0_05.jdk/Contents/Home/jre/lib/libzip.dylib
0x000000012a843000 	/System/Library/Frameworks/JavaVM.framework/Frameworks/JavaRuntimeSupport.framework/JavaRuntimeSupport
0x000000012a85b000 	/System/Library/Frameworks/JavaVM.framework/Versions/A/Frameworks/JavaNativeFoundation.framework/Versions/A/JavaNativeFoundation
0x000000010cdf1000 	/System/Library/Frameworks/JavaVM.framework/Versions/A/JavaVM
0x000000000c2ab000 	/System/Library/Frameworks/Carbon.framework/Versions/A/Carbon
0x000000012a870000 	/System/Library/PrivateFrameworks/JavaLaunching.framework/Versions/A/JavaLaunching
0x000000000c2ab000 	/System/Library/Frameworks/Carbon.framework/Versions/A/Frameworks/CommonPanels.framework/Versions/A/CommonPanels
0x000000000c2ab000 	/System/Library/Frameworks/Carbon.framework/Versions/A/Frameworks/Help.framework/Versions/A/Help
0x000000000c2ab000 	/System/Library/Frameworks/Carbon.framework/Versions/A/Frameworks/ImageCapture.framework/Versions/A/ImageCapture
0x000000000c2ab000 	/System/Library/Frameworks/Carbon.framework/Versions/A/Frameworks/OpenScripting.framework/Versions/A/OpenScripting
0x000000000c2ab000 	/System/Library/Frameworks/Carbon.framework/Versions/A/Frameworks/Print.framework/Versions/A/Print
0x000000000c2ab000 	/System/Library/Frameworks/Carbon.framework/Versions/A/Frameworks/SecurityHI.framework/Versions/A/SecurityHI
0x000000012b0e3000 	/Library/Java/JavaVirtualMachines/jdk1.8.0_05.jdk/Contents/Home/jre/lib/libawt.dylib
0x000000012b192000 	/Library/Java/JavaVirtualMachines/jdk1.8.0_05.jdk/Contents/Home/jre/lib/./libmlib_image.dylib
0x000000012b25e000 	/Library/Java/JavaVirtualMachines/jdk1.8.0_05.jdk/Contents/Home/jre/lib/libawt_lwawt.dylib
0x000000012b310000 	/Library/Java/JavaVirtualMachines/jdk1.8.0_05.jdk/Contents/Home/jre/lib/./libosxapp.dylib
0x000000000c2ab000 	/System/Library/Frameworks/ExceptionHandling.framework/Versions/A/ExceptionHandling
0x000000000c2ab000 	/System/Library/PrivateFrameworks/CoreServicesInternal.framework/Versions/A/CoreServicesInternal
0x000000000c2ab000 	/System/Library/PrivateFrameworks/Librarian.framework/Versions/A/Librarian
0x000000000c2ab000 	/System/Library/Frameworks/CoreGraphics.framework/Versions/A/Resources/libCGCMS.A.dylib
0x000000000c2ab000 	/System/Library/Frameworks/CoreGraphics.framework/Versions/A/Resources/libRIP.A.dylib
0x000000000c2ab000 	/System/Library/Frameworks/CoreGraphics.framework/Versions/A/Resources/libCGXType.A.dylib
0x000000000c2ab000 	/System/Library/PrivateFrameworks/FamilyControls.framework/Versions/A/FamilyControls
0x000000000c2ab000 	/System/Library/PrivateFrameworks/CommerceKit.framework/Versions/A/Frameworks/CommerceCore.framework/Versions/A/CommerceCore
0x000000000c2ab000 	/System/Library/PrivateFrameworks/SystemAdministration.framework/Versions/A/SystemAdministration
0x000000000c2ab000 	/System/Library/Frameworks/DirectoryService.framework/Versions/A/DirectoryService
0x000000000c2ab000 	/System/Library/PrivateFrameworks/DiskImages.framework/Versions/A/DiskImages
0x000000000c2ab000 	/System/Library/PrivateFrameworks/LoginUIKit.framework/Versions/A/Frameworks/LoginUICore.framework/Versions/A/LoginUICore
0x000000000c2ab000 	/usr/lib/libCoreStorage.dylib
0x000000000c2ab000 	/usr/lib/libcsfde.dylib
0x000000000c2ab000 	/usr/lib/libodfde.dylib
0x000000000c2ab000 	/System/Library/Frameworks/DiscRecording.framework/Versions/A/DiscRecording
0x000000000c2ab000 	/usr/lib/libcurl.4.dylib
0x000000000c2ab000 	/System/Library/PrivateFrameworks/MediaKit.framework/Versions/A/MediaKit
0x000000000c2ab000 	/System/Library/PrivateFrameworks/EFILogin.framework/Versions/A/EFILogin
0x000000000c2ab000 	/usr/lib/libutil.dylib
0x000000000c2ab000 	/System/Library/PrivateFrameworks/AOSNotification.framework/Versions/A/AOSNotification
0x000000000c2ab000 	/System/Library/Frameworks/LDAP.framework/Versions/A/LDAP
0x000000000c2ab000 	/usr/lib/libsasl2.2.dylib
0x000000000c2ab000 	/usr/lib/libcrypto.0.9.8.dylib
0x000000000c2ab000 	/usr/lib/libssl.0.9.8.dylib
0x000000012ce90000 	/Library/Java/JavaVirtualMachines/jdk1.8.0_05.jdk/Contents/Home/jre/lib/libjpeg.dylib
0x000000000c2ab000 	/System/Library/Frameworks/OpenGL.framework/Versions/A/Resources/GLEngine.bundle/GLEngine
0x000000000c2ab000 	/System/Library/Frameworks/OpenGL.framework/Versions/A/Libraries/libGLProgrammability.dylib
0x0000000000000000 	/System/Library/Extensions/AMDRadeonX3000GLDriver.bundle/Contents/MacOS/AMDRadeonX3000GLDriver
0x000000000c2ab000 	/System/Library/PrivateFrameworks/IOAccelerator.framework/Versions/A/IOAccelerator
0x000000000c2ab000 	/System/Library/PrivateFrameworks/GPUSupport.framework/Versions/A/Libraries/libGPUSupportMercury.dylib
0x000000000c2ab000 	/System/Library/Frameworks/OpenGL.framework/Versions/A/Resources/GLRendererFloat.bundle/GLRendererFloat
0x000000000c2ab000 	/System/Library/Frameworks/OpenCL.framework/Versions/A/Libraries/libcldcpuengine.dylib
0x000000012fef8000 	/Library/Java/JavaVirtualMachines/jdk1.8.0_05.jdk/Contents/Home/jre/lib/libfontmanager.dylib
0x000000012ff5e000 	/Library/Java/JavaVirtualMachines/jdk1.8.0_05.jdk/Contents/Home/jre/lib/libosxui.dylib
0x000000013031a000 	/Library/Java/JavaVirtualMachines/jdk1.8.0_05.jdk/Contents/Home/jre/lib/libnet.dylib
0x0000000130330000 	/Library/Java/JavaVirtualMachines/jdk1.8.0_05.jdk/Contents/Home/jre/lib/libnio.dylib
0x00000001343d6000 	/Library/Java/Extensions/libCLIPSJNI.jnilib

VM Arguments:
jvm_args: -Dfile.encoding=UTF-8 
java_command: monitor1213.MonitorView
java_class_path (initial): /Users/WatchTower/Sviluppo/Unito/IA-LAB/Esercizi-IA-Lab/PROGETTO_CLIPS/Progetto Finale/waitor/libs/CLIPSJNI.jar:/Users/WatchTower/Sviluppo/Unito/IA-LAB/Esercizi-IA-Lab/PROGETTO_CLIPS/Progetto Finale/waitor/build/classes
Launcher Type: SUN_STANDARD

Environment Variables:
PATH=/usr/bin:/bin:/usr/sbin:/sbin
LD_LIBRARY_PATH=/Library/Java/JavaVirtualMachines/jdk1.8.0_05.jdk/Contents/Home/jre/lib/amd64:/Library/Java/JavaVirtualMachines/jdk1.8.0_05.jdk/Contents/Home/jre/lib/i386:
SHELL=/bin/bash
DISPLAY=/tmp/launch-v479vo/org.macosforge.xquartz:0
DYLD_LIBRARY_PATH=/Applications/NetBeans/NetBeans 8.0.app/Contents/Resources/NetBeans/webcommon/bin:

Signal Handlers:
SIGSEGV: [libjvm.dylib+0x55f7df], sa_mask[0]=0xfffefeff, sa_flags=0x00000043
SIGBUS: [libjvm.dylib+0x55f7df], sa_mask[0]=0xfffefeff, sa_flags=0x00000042
SIGFPE: [libjvm.dylib+0x442cfa], sa_mask[0]=0xfffefeff, sa_flags=0x00000042
SIGPIPE: [libjvm.dylib+0x442cfa], sa_mask[0]=0xfffefeff, sa_flags=0x00000042
SIGXFSZ: [libjvm.dylib+0x442cfa], sa_mask[0]=0xfffefeff, sa_flags=0x00000042
SIGILL: [libjvm.dylib+0x442cfa], sa_mask[0]=0xfffefeff, sa_flags=0x00000042
SIGUSR1: SIG_DFL, sa_mask[0]=0x00000000, sa_flags=0x00000002
SIGUSR2: [libjvm.dylib+0x442818], sa_mask[0]=0x00000004, sa_flags=0x00000042
SIGHUP: [libjvm.dylib+0x440ba5], sa_mask[0]=0xfffefeff, sa_flags=0x00000042
SIGINT: [libCLIPSJNI.jnilib+0xd6795], sa_mask[0]=0x00000000, sa_flags=0x00000002
SIGTERM: [libjvm.dylib+0x440ba5], sa_mask[0]=0xfffefeff, sa_flags=0x00000042
SIGQUIT: [libjvm.dylib+0x440ba5], sa_mask[0]=0xfffefeff, sa_flags=0x00000042


---------------  S Y S T E M  ---------------

OS:Bsduname:Darwin 13.4.0 Darwin Kernel Version 13.4.0: Wed Dec 17 19:05:52 PST 2014; root:xnu-2422.115.10~1/RELEASE_X86_64 x86_64
rlimit: STACK 8192k, CORE 0k, NPROC 709, NOFILE 10240, AS infinity
load average:1.28 1.09 0.96

CPU:total 8 (4 cores per cpu, 2 threads per core) family 6 model 42 stepping 7, cmov, cx8, fxsr, mmx, sse, sse2, sse3, ssse3, sse4.1, sse4.2, popcnt, avx, aes, clmul, ht, tsc, tscinvbit

Memory: 4k page, physical 16777216k(1789400k free)

/proc/meminfo:


vm_info: Java HotSpot(TM) 64-Bit Server VM (25.5-b02) for bsd-amd64 JRE (1.8.0_05-b13), built on Mar 18 2014 00:36:13 by "java_re" with gcc 4.2.1 (Based on Apple Inc. build 5658) (LLVM build 2336.11.00)

time: Sat Feb  7 19:15:04 2015
elapsed time: 27 seconds

