#
# A fatal error has been detected by the Java Runtime Environment:
#
#  SIGSEGV (0xb) at pc=0x0000000135fa63e6, pid=3034, tid=61963
#
# JRE version: Java(TM) SE Runtime Environment (8.0_05-b13) (build 1.8.0_05-b13)
# Java VM: Java HotSpot(TM) 64-Bit Server VM (25.5-b02 mixed mode bsd-amd64 compressed oops)
# Problematic frame:
# C  [libCLIPSJNI.jnilib+0xe73e6]  ConvertSingleFieldValue+0x18e
#
# Failed to write core dump. Core dumps have been disabled. To enable core dumping, try "ulimit -c unlimited" before starting Java again
#
# If you would like to submit a bug report, please visit:
#   http://bugreport.sun.com/bugreport/crash.jsp
# The crash happened outside the Java Virtual Machine in native code.
# See problematic frame for where to report the bug.
#

---------------  T H R E A D  ---------------

Current thread (0x00007f93c92a2800):  JavaThread "Thread-0" [_thread_in_native, id=61963, stack(0x0000000136785000,0x0000000136885000)]

siginfo:si_signo=SIGSEGV: si_errno=0, si_code=1 (SEGV_MAPERR), si_addr=0x00000000ed5de507

Registers:
RAX=0x00000000ed5de4ef, RBX=0x00007f93d1517700, RCX=0x0000000000000003, RDX=0x000000010faf467e
RSP=0x0000000136884340, RBP=0x00000001368843a0, RSI=0x00000001368844c0, RDI=0x00007f93c92a29e0
R8 =0x00000000ed5de4ef, R9 =0x000000000000040a, R10=0x0000000400000203, R11=0x0000000000000001
R12=0x00007f93d1340a00, R13=0x0000000136884558, R14=0x00000001368844f0, R15=0x00007f93c92a2800
RIP=0x0000000135fa63e6, EFLAGS=0x0000000000010246, ERR=0x0000000000000004
  TRAPNO=0x000000000000000e

Top of Stack: (sp=0x0000000136884340)
0x0000000136884340:   00000003d1300000 00000000ed5de4ef
0x0000000136884350:   0000000300002800 00007f93c8de30d0
0x0000000136884360:   00000001368844c0 00007f93c92a29e0
0x0000000136884370:   000000010e5f7000 0000000000000000
0x0000000136884380:   00007f93d1340a00 0000000000000000
0x0000000136884390:   00007f93d1340a00 00007f93d1517700
0x00000001368843a0:   0000000136884410 0000000135fa6246
0x00000001368843b0:   0000000336884410 0000000135f0854f
0x00000001368843c0:   0000000136884450 00007f93c8de30d0
0x00000001368843d0:   00000001368844c0 00007f93c92a29e0
0x00000001368843e0:   0000000136884410 000000010faf494c
0x00000001368843f0:   00007f93c92a29e0 00007f93d1517700
0x0000000136884400:   0000000000000000 00007f93c92a2800
0x0000000136884410:   00000001368844b0 0000000135fa69ef
0x0000000136884420:   00000001368844d8 00007f93d1517700
0x0000000136884430:   00007f93c8de30d0 00000001368844c0
0x0000000136884440:   00000001368844f0 00007f93c92a29e0
0x0000000136884450:   0000000000000007 000000076aef0003
0x0000000136884460:   00000000ed5de4ef 0000000110967cb9
0x0000000136884470:   000000076aef27c0 0000000110925b37
0x0000000136884480:   00007f93c90ab9e0 00007f93d1340a00
0x0000000136884490:   00007f93c8de30d0 00007f93c8d7a258
0x00000001368844a0:   000000013330bc50 0000000000000000
0x00000001368844b0:   0000000136884500 0000000110a2dde3
0x00000001368844c0:   000000076b20d2e8 0000000110c09c3c
0x00000001368844d0:   0000000133304ea8 000000076b358568
0x00000001368844e0:   00007f93d1428e50 0000000110a2dd18
0x00000001368844f0:   000000076b24bd28 0000000000000206
0x0000000136884500:   00000000ed5de20e 0000000110c31900
0x0000000136884510:   00000001368845b8 0000000110a2e2e4
0x0000000136884520:   000000076aef2750 000000076aef2760
0x0000000136884530:   000000076aef27a8 0000000000000000 

Instructions: (pc=0x0000000135fa63e6)
0x0000000135fa63c6:   8b 75 d8 48 8b 7d c8 ff d0 e9 52 03 00 00 48 8b
0x0000000135fa63d6:   45 c8 48 8b 00 48 8b 90 38 05 00 00 48 8b 45 a8
0x0000000135fa63e6:   48 8b 70 18 48 8b 7d c8 ff d2 48 89 45 d8 48 8b
0x0000000135fa63f6:   45 c8 48 8b 00 4c 8b 80 e0 00 00 00 48 8b 45 b8 

Register to memory mapping:

RAX=0x00000000ed5de4ef is an unknown value
RBX=0x00007f93d1517700 is an unknown value
RCX=0x0000000000000003 is an unknown value
RDX=0x000000010faf467e: jni_NewStringUTF+0 in /Library/Java/JavaVirtualMachines/jdk1.8.0_05.jdk/Contents/Home/jre/lib/server/libjvm.dylib at 0x000000010f800000
RSP=0x0000000136884340 is pointing into the stack for thread: 0x00007f93c92a2800
RBP=0x00000001368843a0 is pointing into the stack for thread: 0x00007f93c92a2800
RSI=0x00000001368844c0 is pointing into the stack for thread: 0x00007f93c92a2800
RDI=0x00007f93c92a29e0 is an unknown value
R8 =0x00000000ed5de4ef is an unknown value
R9 =0x000000000000040a is an unknown value
R10=0x0000000400000203 is an unknown value
R11=0x0000000000000001 is an unknown value
R12=0x00007f93d1340a00 is an unknown value
R13=0x0000000136884558 is pointing into the stack for thread: 0x00007f93c92a2800
R14=0x00000001368844f0 is pointing into the stack for thread: 0x00007f93c92a2800
R15=0x00007f93c92a2800 is a thread


Stack: [0x0000000136785000,0x0000000136885000],  sp=0x0000000136884340,  free space=1020k
Native frames: (J=compiled Java code, j=interpreted, Vv=VM code, C=native code)
C  [libCLIPSJNI.jnilib+0xe73e6]  ConvertSingleFieldValue+0x18e
C  [libCLIPSJNI.jnilib+0xe7246]  ConvertDataObject+0x249
C  [libCLIPSJNI.jnilib+0xe79ef]  Java_CLIPSJNI_Environment_getFactSlot+0xcd
J 1004  CLIPSJNI.Environment.getFactSlot(LCLIPSJNI/Environment;JJLjava/lang/String;)LCLIPSJNI/PrimitiveValue; (0 bytes) @ 0x0000000110a2dde3 [0x0000000110a2dd00+0xe3]

Java frames: (J=compiled Java code, j=interpreted, Vv=VM code)
J 1004  CLIPSJNI.Environment.getFactSlot(LCLIPSJNI/Environment;JJLjava/lang/String;)LCLIPSJNI/PrimitiveValue; (0 bytes) @ 0x0000000110a2dd69 [0x0000000110a2dd00+0x69]
J 1792 C2 CLIPSJNI.FactAddressValue.getFactSlot(Ljava/lang/String;)LCLIPSJNI/PrimitiveValue; (6 bytes) @ 0x0000000110c31900 [0x0000000110c318a0+0x60]
j  xclipsjni.ClipsCore.findAllFacts(Ljava/lang/String;Ljava/lang/String;[Ljava/lang/String;)[[Ljava/lang/String;+154
j  monitor1213.MonitorModel.findAllFacts(Ljava/lang/String;Ljava/lang/String;[Ljava/lang/String;)[[Ljava/lang/String;+7
j  monitor1213.MonitorView.updateOutput()V+76
j  monitor1213.MonitorView.onAction()V+5
j  xclipsjni.ClipsView.update(Ljava/util/Observable;Ljava/lang/Object;)V+31
j  java.util.Observable.notifyObservers(Ljava/lang/Object;)V+55
j  xclipsjni.ClipsModel.run()V+502
j  java.lang.Thread.run()V+11
v  ~StubRoutines::call_stub

---------------  P R O C E S S  ---------------

Java Threads: ( => current thread )
=>0x00007f93c92a2800 JavaThread "Thread-0" [_thread_in_native, id=61963, stack(0x0000000136785000,0x0000000136885000)]
  0x00007f93c996b000 JavaThread "TimerQueue" daemon [_thread_blocked, id=60967, stack(0x0000000135ca0000,0x0000000135da0000)]
  0x00007f93c993d000 JavaThread "DestroyJavaVM" [_thread_blocked, id=6403, stack(0x000000010e6f3000,0x000000010e7f3000)]
  0x00007f93c90ab800 JavaThread "AWT-EventQueue-0" [_thread_blocked, id=52483, stack(0x0000000131a12000,0x0000000131b12000)]
  0x00007f93cb100000 JavaThread "Java2D Queue Flusher" daemon [_thread_blocked, id=50951, stack(0x000000013146c000,0x000000013156c000)]
  0x00007f93c9827000 JavaThread "Java2D Disposer" daemon [_thread_blocked, id=49671, stack(0x0000000131228000,0x0000000131328000)]
  0x00007f93c9020800 JavaThread "AWT-Shutdown" [_thread_blocked, id=30987, stack(0x000000012e51b000,0x000000012e61b000)]
  0x00007f93c9069000 JavaThread "AppKit Thread" daemon [_thread_in_native, id=3335, stack(0x00007fff50e22000,0x00007fff51622000)]
  0x00007f93cb840800 JavaThread "Service Thread" daemon [_thread_blocked, id=22275, stack(0x000000012c93c000,0x000000012ca3c000)]
  0x00007f93cb820000 JavaThread "C1 CompilerThread3" daemon [_thread_blocked, id=21763, stack(0x000000012c839000,0x000000012c939000)]
  0x00007f93cb81f000 JavaThread "C2 CompilerThread2" daemon [_thread_blocked, id=21251, stack(0x000000012c736000,0x000000012c836000)]
  0x00007f93cb81e800 JavaThread "C2 CompilerThread1" daemon [_thread_blocked, id=20739, stack(0x000000012c633000,0x000000012c733000)]
  0x00007f93cb81c800 JavaThread "C2 CompilerThread0" daemon [_thread_in_native, id=20227, stack(0x000000012c530000,0x000000012c630000)]
  0x00007f93cb001800 JavaThread "Signal Dispatcher" daemon [_thread_blocked, id=19715, stack(0x000000012c42d000,0x000000012c52d000)]
  0x00007f93c901f000 JavaThread "Finalizer" daemon [_thread_blocked, id=14595, stack(0x000000012c1dc000,0x000000012c2dc000)]
  0x00007f93c901e000 JavaThread "Reference Handler" daemon [_thread_blocked, id=14083, stack(0x000000012c0d9000,0x000000012c1d9000)]

Other Threads:
  0x00007f93c9019800 VMThread [stack: 0x000000012bfd6000,0x000000012c0d6000] [id=13571]
  0x00007f93cb805800 WatcherThread [stack: 0x000000012ca3f000,0x000000012cb3f000] [id=22787]

VM state:not at safepoint (normal execution)

VM Mutex/Monitor currently owned by a thread: None

Heap:
 PSYoungGen      total 11264K, used 6259K [0x000000076ab00000, 0x000000076be80000, 0x00000007c0000000)
  eden space 7168K, 57% used [0x000000076ab00000,0x000000076af07970,0x000000076b200000)
  from space 4096K, 52% used [0x000000076b200000,0x000000076b415410,0x000000076b600000)
  to   space 4096K, 0% used [0x000000076ba80000,0x000000076ba80000,0x000000076be80000)
 ParOldGen       total 260608K, used 4760K [0x00000006c0000000, 0x00000006cfe80000, 0x000000076ab00000)
  object space 260608K, 1% used [0x00000006c0000000,0x00000006c04a60a8,0x00000006cfe80000)
 Metaspace       used 14219K, capacity 14344K, committed 14464K, reserved 1062912K
  class space    used 1854K, capacity 1910K, committed 1920K, reserved 1048576K

Card table byte_map: [0x000000011facb000,0x00000001202cc000] byte_map_base: 0x000000011c4cb000

Marking Bits: (ParMarkBitMap*) 0x00000001100660a0
 Begin Bits: [0x000000012103a000, 0x000000012503a000)
 End Bits:   [0x000000012503a000, 0x000000012903a000)

Polling page: 0x000000010e7f5000

CodeCache: size=245760Kb used=5316Kb max_used=5316Kb free=240443Kb
 bounds [0x000000011070b000, 0x0000000110c4b000, 0x000000011f70b000]
 total_blobs=2332 nmethods=1801 adapters=443
 compilation: enabled

Compilation events (10 events):
Event: 17.841 Thread 0x00007f93cb81f000 nmethod 1783 0x0000000110c33350 code [0x0000000110c334e0, 0x0000000110c33c28]
Event: 17.841 Thread 0x00007f93cb81f000 1777  s    4       java.util.Vector::addElement (38 bytes)
Event: 17.843 Thread 0x00007f93cb81f000 nmethod 1777 0x0000000110c2e790 code [0x0000000110c2e8e0, 0x0000000110c2ed08]
Event: 17.843 Thread 0x00007f93cb81f000 1792       4       CLIPSJNI.FactAddressValue::getFactSlot (6 bytes)
Event: 17.843 Thread 0x00007f93cb81f000 nmethod 1792 0x0000000110c31750 code [0x0000000110c318a0, 0x0000000110c319a8]
Event: 17.852 Thread 0x00007f93cb81e800 nmethod 1776 0x0000000110c36350 code [0x0000000110c36720, 0x0000000110c38120]
Event: 18.332 Thread 0x00007f93cb820000 1801       3       javax.swing.text.DefaultStyledDocument$ElementBuffer::push (8 bytes)
Event: 18.332 Thread 0x00007f93cb820000 nmethod 1801 0x0000000110c2fcd0 code [0x0000000110c2fe60, 0x0000000110c30198]
Event: 18.332 Thread 0x00007f93cb820000 1802       3       javax.swing.text.GapContent$UndoPosRef::<init> (23 bytes)
Event: 18.332 Thread 0x00007f93cb820000 nmethod 1802 0x0000000110c2f7d0 code [0x0000000110c2f940, 0x0000000110c2fbe8]

GC Heap History (10 events):
Event: 0.267 GC heap before
{Heap before GC invocations=5 (full 0):
 PSYoungGen      total 2560K, used 2544K [0x000000076ab00000, 0x000000076ae00000, 0x00000007c0000000)
  eden space 2048K, 100% used [0x000000076ab00000,0x000000076ad00000,0x000000076ad00000)
  from space 512K, 96% used [0x000000076ad80000,0x000000076adfc010,0x000000076ae00000)
  to   space 512K, 0% used [0x000000076ad00000,0x000000076ad00000,0x000000076ad80000)
 ParOldGen       total 260608K, used 1375K [0x00000006c0000000, 0x00000006cfe80000, 0x000000076ab00000)
  object space 260608K, 0% used [0x00000006c0000000,0x00000006c0157e30,0x00000006cfe80000)
 Metaspace       used 5146K, capacity 5284K, committed 5504K, reserved 1056768K
  class space    used 575K, capacity 621K, committed 640K, reserved 1048576K
Event: 0.269 GC heap after
Heap after GC invocations=5 (full 0):
 PSYoungGen      total 2560K, used 512K [0x000000076ab00000, 0x000000076b400000, 0x00000007c0000000)
  eden space 2048K, 0% used [0x000000076ab00000,0x000000076ab00000,0x000000076ad00000)
  from space 512K, 100% used [0x000000076ad00000,0x000000076ad80000,0x000000076ad80000)
  to   space 2560K, 0% used [0x000000076b180000,0x000000076b180000,0x000000076b400000)
 ParOldGen       total 260608K, used 3238K [0x00000006c0000000, 0x00000006cfe80000, 0x000000076ab00000)
  object space 260608K, 1% used [0x00000006c0000000,0x00000006c0329830,0x00000006cfe80000)
 Metaspace       used 5146K, capacity 5284K, committed 5504K, reserved 1056768K
  class space    used 575K, capacity 621K, committed 640K, reserved 1048576K
}
Event: 0.346 GC heap before
{Heap before GC invocations=6 (full 0):
 PSYoungGen      total 2560K, used 2560K [0x000000076ab00000, 0x000000076b400000, 0x00000007c0000000)
  eden space 2048K, 100% used [0x000000076ab00000,0x000000076ad00000,0x000000076ad00000)
  from space 512K, 100% used [0x000000076ad00000,0x000000076ad80000,0x000000076ad80000)
  to   space 2560K, 0% used [0x000000076b180000,0x000000076b180000,0x000000076b400000)
 ParOldGen       total 260608K, used 3238K [0x00000006c0000000, 0x00000006cfe80000, 0x000000076ab00000)
  object space 260608K, 1% used [0x00000006c0000000,0x00000006c0329830,0x00000006cfe80000)
 Metaspace       used 7358K, capacity 7504K, committed 7680K, reserved 1056768K
  class space    used 847K, capacity 913K, committed 1024K, reserved 1048576K
Event: 0.348 GC heap after
Heap after GC invocations=6 (full 0):
 PSYoungGen      total 6144K, used 2507K [0x000000076ab00000, 0x000000076b500000, 0x00000007c0000000)
  eden space 3584K, 0% used [0x000000076ab00000,0x000000076ab00000,0x000000076ae80000)
  from space 2560K, 97% used [0x000000076b180000,0x000000076b3f2f30,0x000000076b400000)
  to   space 3072K, 0% used [0x000000076ae80000,0x000000076ae80000,0x000000076b180000)
 ParOldGen       total 260608K, used 3246K [0x00000006c0000000, 0x00000006cfe80000, 0x000000076ab00000)
  object space 260608K, 1% used [0x00000006c0000000,0x00000006c032b830,0x00000006cfe80000)
 Metaspace       used 7358K, capacity 7504K, committed 7680K, reserved 1056768K
  class space    used 847K, capacity 913K, committed 1024K, reserved 1048576K
}
Event: 0.975 GC heap before
{Heap before GC invocations=7 (full 0):
 PSYoungGen      total 6144K, used 6091K [0x000000076ab00000, 0x000000076b500000, 0x00000007c0000000)
  eden space 3584K, 100% used [0x000000076ab00000,0x000000076ae80000,0x000000076ae80000)
  from space 2560K, 97% used [0x000000076b180000,0x000000076b3f2f30,0x000000076b400000)
  to   space 3072K, 0% used [0x000000076ae80000,0x000000076ae80000,0x000000076b180000)
 ParOldGen       total 260608K, used 3246K [0x00000006c0000000, 0x00000006cfe80000, 0x000000076ab00000)
  object space 260608K, 1% used [0x00000006c0000000,0x00000006c032b830,0x00000006cfe80000)
 Metaspace       used 12849K, capacity 13000K, committed 13056K, reserved 1060864K
  class space    used 1727K, capacity 1782K, committed 1792K, reserved 1048576K
Event: 0.978 GC heap after
Heap after GC invocations=7 (full 0):
 PSYoungGen      total 6656K, used 3028K [0x000000076ab00000, 0x000000076ba00000, 0x00000007c0000000)
  eden space 3584K, 0% used [0x000000076ab00000,0x000000076ab00000,0x000000076ae80000)
  from space 3072K, 98% used [0x000000076ae80000,0x000000076b175220,0x000000076b180000)
  to   space 4096K, 0% used [0x000000076b600000,0x000000076b600000,0x000000076ba00000)
 ParOldGen       total 260608K, used 3478K [0x00000006c0000000, 0x00000006cfe80000, 0x000000076ab00000)
  object space 260608K, 1% used [0x00000006c0000000,0x00000006c0365880,0x00000006cfe80000)
 Metaspace       used 12849K, capacity 13000K, committed 13056K, reserved 1060864K
  class space    used 1727K, capacity 1782K, committed 1792K, reserved 1048576K
}
Event: 12.804 GC heap before
{Heap before GC invocations=8 (full 0):
 PSYoungGen      total 6656K, used 6612K [0x000000076ab00000, 0x000000076ba00000, 0x00000007c0000000)
  eden space 3584K, 100% used [0x000000076ab00000,0x000000076ae80000,0x000000076ae80000)
  from space 3072K, 98% used [0x000000076ae80000,0x000000076b175220,0x000000076b180000)
  to   space 4096K, 0% used [0x000000076b600000,0x000000076b600000,0x000000076ba00000)
 ParOldGen       total 260608K, used 3478K [0x00000006c0000000, 0x00000006cfe80000, 0x000000076ab00000)
  object space 260608K, 1% used [0x00000006c0000000,0x00000006c0365880,0x00000006cfe80000)
 Metaspace       used 13829K, capacity 13928K, committed 14208K, reserved 1060864K
  class space    used 1847K, capacity 1878K, committed 1920K, reserved 1048576K
Event: 12.807 GC heap after
Heap after GC invocations=8 (full 0):
 PSYoungGen      total 11264K, used 3091K [0x000000076ab00000, 0x000000076ba00000, 0x00000007c0000000)
  eden space 7168K, 0% used [0x000000076ab00000,0x000000076ab00000,0x000000076b200000)
  from space 4096K, 75% used [0x000000076b600000,0x000000076b904e50,0x000000076ba00000)
  to   space 4096K, 0% used [0x000000076b200000,0x000000076b200000,0x000000076b600000)
 ParOldGen       total 260608K, used 3734K [0x00000006c0000000, 0x00000006cfe80000, 0x000000076ab00000)
  object space 260608K, 1% used [0x00000006c0000000,0x00000006c03a5880,0x00000006cfe80000)
 Metaspace       used 13829K, capacity 13928K, committed 14208K, reserved 1060864K
  class space    used 1847K, capacity 1878K, committed 1920K, reserved 1048576K
}
Event: 16.242 GC heap before
{Heap before GC invocations=9 (full 0):
 PSYoungGen      total 11264K, used 10152K [0x000000076ab00000, 0x000000076ba00000, 0x00000007c0000000)
  eden space 7168K, 98% used [0x000000076ab00000,0x000000076b1e5228,0x000000076b200000)
  from space 4096K, 75% used [0x000000076b600000,0x000000076b904e50,0x000000076ba00000)
  to   space 4096K, 0% used [0x000000076b200000,0x000000076b200000,0x000000076b600000)
 ParOldGen       total 260608K, used 3734K [0x00000006c0000000, 0x00000006cfe80000, 0x000000076ab00000)
  object space 260608K, 1% used [0x00000006c0000000,0x00000006c03a5880,0x00000006cfe80000)
 Metaspace       used 14094K, capacity 14216K, committed 14464K, reserved 1062912K
  class space    used 1854K, capacity 1910K, committed 1920K, reserved 1048576K
Event: 16.244 GC heap after
Heap after GC invocations=9 (full 0):
 PSYoungGen      total 11264K, used 2133K [0x000000076ab00000, 0x000000076be80000, 0x00000007c0000000)
  eden space 7168K, 0% used [0x000000076ab00000,0x000000076ab00000,0x000000076b200000)
  from space 4096K, 52% used [0x000000076b200000,0x000000076b415410,0x000000076b600000)
  to   space 4096K, 0% used [0x000000076ba80000,0x000000076ba80000,0x000000076be80000)
 ParOldGen       total 260608K, used 4760K [0x00000006c0000000, 0x00000006cfe80000, 0x000000076ab00000)
  object space 260608K, 1% used [0x00000006c0000000,0x00000006c04a60a8,0x00000006cfe80000)
 Metaspace       used 14094K, capacity 14216K, committed 14464K, reserved 1062912K
  class space    used 1854K, capacity 1910K, committed 1920K, reserved 1048576K
}

Deoptimization events (10 events):
Event: 0.863 Thread 0x00007f93ca000000 Uncommon trap: reason=class_check action=maybe_recompile pc=0x00000001108cb300 method=java.lang.String.equals(Ljava/lang/Object;)Z @ 8
Event: 0.863 Thread 0x00007f93ca000000 Uncommon trap: reason=class_check action=maybe_recompile pc=0x00000001108cb300 method=java.lang.String.equals(Ljava/lang/Object;)Z @ 8
Event: 16.770 Thread 0x00007f93c90ab800 Uncommon trap: reason=class_check action=maybe_recompile pc=0x0000000110b90740 method=javax.swing.text.html.ParagraphView.isVisible()Z @ 68
Event: 16.770 Thread 0x00007f93c90ab800 Uncommon trap: reason=class_check action=maybe_recompile pc=0x0000000110b90740 method=javax.swing.text.html.ParagraphView.isVisible()Z @ 68
Event: 16.770 Thread 0x00007f93c90ab800 Uncommon trap: reason=class_check action=maybe_recompile pc=0x0000000110b90740 method=javax.swing.text.html.ParagraphView.isVisible()Z @ 68
Event: 16.770 Thread 0x00007f93c90ab800 Uncommon trap: reason=class_check action=maybe_recompile pc=0x0000000110b90740 method=javax.swing.text.html.ParagraphView.isVisible()Z @ 68
Event: 17.818 Thread 0x00007f93c90ab800 Uncommon trap: reason=class_check action=maybe_recompile pc=0x0000000110c15590 method=javax.swing.text.GlyphView.getBreakSpot(II)I @ 35
Event: 17.818 Thread 0x00007f93c90ab800 Uncommon trap: reason=class_check action=maybe_recompile pc=0x0000000110c15590 method=javax.swing.text.GlyphView.getBreakSpot(II)I @ 35
Event: 17.818 Thread 0x00007f93c90ab800 Uncommon trap: reason=class_check action=maybe_recompile pc=0x0000000110c15590 method=javax.swing.text.GlyphView.getBreakSpot(II)I @ 35
Event: 17.819 Thread 0x00007f93c90ab800 Uncommon trap: reason=class_check action=maybe_recompile pc=0x0000000110c15590 method=javax.swing.text.GlyphView.getBreakSpot(II)I @ 35

Internal exceptions (10 events):
Event: 2.420 Thread 0x00007f93c90ab800 Exception <a 'java/security/PrivilegedActionException'> (0x000000076ac0fb80) thrown at [/HUDSON/workspace/8-2-build-macosx-x86_64/jdk8u5/2488/hotspot/src/share/vm/prims/jvm.cpp, line 1248]
Event: 2.420 Thread 0x00007f93c90ab800 Exception <a 'java/security/PrivilegedActionException'> (0x000000076ac13c70) thrown at [/HUDSON/workspace/8-2-build-macosx-x86_64/jdk8u5/2488/hotspot/src/share/vm/prims/jvm.cpp, line 1248]
Event: 2.421 Thread 0x00007f93c90ab800 Exception <a 'java/security/PrivilegedActionException'> (0x000000076ac17cd0) thrown at [/HUDSON/workspace/8-2-build-macosx-x86_64/jdk8u5/2488/hotspot/src/share/vm/prims/jvm.cpp, line 1248]
Event: 2.461 Thread 0x00007f93c90ab800 Exception <a 'java/security/PrivilegedActionException'> (0x000000076ac201d8) thrown at [/HUDSON/workspace/8-2-build-macosx-x86_64/jdk8u5/2488/hotspot/src/share/vm/prims/jvm.cpp, line 1248]
Event: 2.463 Thread 0x00007f93c90ab800 Exception <a 'java/security/PrivilegedActionException'> (0x000000076ac2b128) thrown at [/HUDSON/workspace/8-2-build-macosx-x86_64/jdk8u5/2488/hotspot/src/share/vm/prims/jvm.cpp, line 1248]
Event: 2.482 Thread 0x00007f93c90ab800 Exception <a 'java/lang/ArrayIndexOutOfBoundsException': 1> (0x000000076ac5fe00) thrown at [/HUDSON/workspace/8-2-build-macosx-x86_64/jdk8u5/2488/hotspot/src/share/vm/interpreter/interpreterRuntime.cpp, line 337]
Event: 2.482 Thread 0x00007f93c90ab800 Exception <a 'java/lang/ArrayIndexOutOfBoundsException'> (0x000000076ac5fe00) thrown at [/HUDSON/workspace/8-2-build-macosx-x86_64/jdk8u5/2488/hotspot/src/share/vm/prims/jvm.cpp, line 1252]
Event: 2.482 Thread 0x00007f93c90ab800 Exception <a 'java/lang/ArrayIndexOutOfBoundsException'> (0x000000076ac5fe00) thrown at [/HUDSON/workspace/8-2-build-macosx-x86_64/jdk8u5/2488/hotspot/src/share/vm/prims/jvm.cpp, line 1252]
Event: 12.807 Thread 0x00007f93c901f000 Exception <a 'java/lang/NullPointerException'> (0x000000076ab07dc8) thrown at [/HUDSON/workspace/8-2-build-macosx-x86_64/jdk8u5/2488/hotspot/src/share/vm/interpreter/linkResolver.cpp, line 1169]
Event: 12.807 Thread 0x00007f93c901f000 Exception <a 'java/lang/NullPointerException'> (0x000000076ab07f78) thrown at [/HUDSON/workspace/8-2-build-macosx-x86_64/jdk8u5/2488/hotspot/src/share/vm/interpreter/linkResolver.cpp, line 1169]

Events (10 events):
Event: 17.818 Thread 0x00007f93c90ab800 DEOPT PACKING pc=0x0000000110c15590 sp=0x0000000131b0f840
Event: 17.818 Thread 0x00007f93c90ab800 DEOPT UNPACKING pc=0x0000000110752250 sp=0x0000000131b0f7b0 mode 2
Event: 17.818 Thread 0x00007f93c90ab800 Uncommon trap: trap_request=0xffffffde fr.pc=0x0000000110c15590
Event: 17.818 Thread 0x00007f93c90ab800 DEOPT PACKING pc=0x0000000110c15590 sp=0x0000000131b0f840
Event: 17.818 Thread 0x00007f93c90ab800 DEOPT UNPACKING pc=0x0000000110752250 sp=0x0000000131b0f7b0 mode 2
Event: 17.819 Thread 0x00007f93c90ab800 Uncommon trap: trap_request=0xffffffde fr.pc=0x0000000110c15590
Event: 17.819 Thread 0x00007f93c90ab800 DEOPT PACKING pc=0x0000000110c15590 sp=0x0000000131b0f700
Event: 17.819 Thread 0x00007f93c90ab800 DEOPT UNPACKING pc=0x0000000110752250 sp=0x0000000131b0f670 mode 2
Event: 17.823 Executing VM operation: RevokeBias
Event: 17.823 Executing VM operation: RevokeBias done


Dynamic libraries:
0x000000000c2ab000 	/System/Library/Frameworks/Cocoa.framework/Versions/A/Cocoa
0x000000000c2ab000 	/System/Library/Frameworks/Security.framework/Versions/A/Security
0x000000000c2ab000 	/System/Library/Frameworks/ApplicationServices.framework/Versions/A/ApplicationServices
0x000000000c2ab000 	/usr/lib/libz.1.dylib
0x000000000c2ab000 	/usr/lib/libSystem.B.dylib
0x000000000c2ab000 	/usr/lib/libobjc.A.dylib
0x000000000c2ab000 	/System/Library/Frameworks/CoreFoundation.framework/Versions/A/CoreFoundation
0x000000000c2ab000 	/System/Library/Frameworks/Foundation.framework/Versions/C/Foundation
0x000000000c2ab000 	/System/Library/Frameworks/AppKit.framework/Versions/C/AppKit
0x000000000c2ab000 	/System/Library/Frameworks/CoreData.framework/Versions/A/CoreData
0x000000000c2ab000 	/System/Library/PrivateFrameworks/RemoteViewServices.framework/Versions/A/RemoteViewServices
0x000000000c2ab000 	/System/Library/Frameworks/AudioToolbox.framework/Versions/A/AudioToolbox
0x000000000c2ab000 	/System/Library/Frameworks/AudioUnit.framework/Versions/A/AudioUnit
0x000000000c2ab000 	/System/Library/PrivateFrameworks/DataDetectorsCore.framework/Versions/A/DataDetectorsCore
0x000000000c2ab000 	/System/Library/PrivateFrameworks/DesktopServicesPriv.framework/Versions/A/DesktopServicesPriv
0x000000000c2ab000 	/System/Library/Frameworks/Carbon.framework/Versions/A/Frameworks/HIToolbox.framework/Versions/A/HIToolbox
0x000000000c2ab000 	/System/Library/Frameworks/QuartzCore.framework/Versions/A/QuartzCore
0x000000000c2ab000 	/System/Library/Frameworks/Carbon.framework/Versions/A/Frameworks/SpeechRecognition.framework/Versions/A/SpeechRecognition
0x000000000c2ab000 	/usr/lib/libauto.dylib
0x000000000c2ab000 	/usr/lib/libicucore.A.dylib
0x000000000c2ab000 	/usr/lib/libxml2.2.dylib
0x000000000c2ab000 	/System/Library/PrivateFrameworks/CoreUI.framework/Versions/A/CoreUI
0x000000000c2ab000 	/System/Library/Frameworks/CoreAudio.framework/Versions/A/CoreAudio
0x000000000c2ab000 	/System/Library/Frameworks/DiskArbitration.framework/Versions/A/DiskArbitration
0x000000000c2ab000 	/usr/lib/liblangid.dylib
0x000000000c2ab000 	/System/Library/PrivateFrameworks/MultitouchSupport.framework/Versions/A/MultitouchSupport
0x000000000c2ab000 	/System/Library/Frameworks/IOKit.framework/Versions/A/IOKit
0x000000000c2ab000 	/usr/lib/libDiagnosticMessagesClient.dylib
0x000000000c2ab000 	/System/Library/Frameworks/CoreServices.framework/Versions/A/CoreServices
0x000000000c2ab000 	/System/Library/PrivateFrameworks/PerformanceAnalysis.framework/Versions/A/PerformanceAnalysis
0x000000000c2ab000 	/System/Library/PrivateFrameworks/GenerationalStorage.framework/Versions/A/GenerationalStorage
0x000000000c2ab000 	/System/Library/Frameworks/OpenGL.framework/Versions/A/OpenGL
0x000000000c2ab000 	/System/Library/PrivateFrameworks/Sharing.framework/Versions/A/Sharing
0x000000000c2ab000 	/System/Library/Frameworks/ImageIO.framework/Versions/A/ImageIO
0x000000000c2ab000 	/System/Library/Frameworks/CoreText.framework/Versions/A/CoreText
0x000000000c2ab000 	/System/Library/Frameworks/CoreGraphics.framework/Versions/A/CoreGraphics
0x000000000c2ab000 	/System/Library/PrivateFrameworks/Backup.framework/Versions/A/Backup
0x000000000c2ab000 	/System/Library/Frameworks/CFNetwork.framework/Versions/A/CFNetwork
0x000000000c2ab000 	/System/Library/Frameworks/SystemConfiguration.framework/Versions/A/SystemConfiguration
0x000000000c2ab000 	/usr/lib/libCRFSuite.dylib
0x000000000c2ab000 	/usr/lib/libc++.1.dylib
0x000000000c2ab000 	/usr/lib/libc++abi.dylib
0x000000000c2ab000 	/usr/lib/system/libcache.dylib
0x000000000c2ab000 	/usr/lib/system/libcommonCrypto.dylib
0x000000000c2ab000 	/usr/lib/system/libcompiler_rt.dylib
0x000000000c2ab000 	/usr/lib/system/libcopyfile.dylib
0x000000000c2ab000 	/usr/lib/system/libcorecrypto.dylib
0x000000000c2ab000 	/usr/lib/system/libdispatch.dylib
0x000000000c2ab000 	/usr/lib/system/libdyld.dylib
0x000000000c2ab000 	/usr/lib/system/libkeymgr.dylib
0x000000000c2ab000 	/usr/lib/system/liblaunch.dylib
0x000000000c2ab000 	/usr/lib/system/libmacho.dylib
0x000000000c2ab000 	/usr/lib/system/libquarantine.dylib
0x000000000c2ab000 	/usr/lib/system/libremovefile.dylib
0x000000000c2ab000 	/usr/lib/system/libsystem_asl.dylib
0x000000000c2ab000 	/usr/lib/system/libsystem_blocks.dylib
0x000000000c2ab000 	/usr/lib/system/libsystem_c.dylib
0x000000000c2ab000 	/usr/lib/system/libsystem_configuration.dylib
0x000000000c2ab000 	/usr/lib/system/libsystem_dnssd.dylib
0x000000000c2ab000 	/usr/lib/system/libsystem_info.dylib
0x000000000c2ab000 	/usr/lib/system/libsystem_kernel.dylib
0x000000000c2ab000 	/usr/lib/system/libsystem_m.dylib
0x000000000c2ab000 	/usr/lib/system/libsystem_malloc.dylib
0x000000000c2ab000 	/usr/lib/system/libsystem_network.dylib
0x000000000c2ab000 	/usr/lib/system/libsystem_notify.dylib
0x000000000c2ab000 	/usr/lib/system/libsystem_platform.dylib
0x000000000c2ab000 	/usr/lib/system/libsystem_pthread.dylib
0x000000000c2ab000 	/usr/lib/system/libsystem_sandbox.dylib
0x000000000c2ab000 	/usr/lib/system/libsystem_stats.dylib
0x000000000c2ab000 	/usr/lib/system/libunc.dylib
0x000000000c2ab000 	/usr/lib/system/libunwind.dylib
0x000000000c2ab000 	/usr/lib/system/libxpc.dylib
0x000000000c2ab000 	/usr/lib/libbsm.0.dylib
0x000000000c2ab000 	/usr/lib/libsqlite3.dylib
0x000000000c2ab000 	/usr/lib/libxar.1.dylib
0x000000000c2ab000 	/usr/lib/libpam.2.dylib
0x000000000c2ab000 	/usr/lib/libOpenScriptingUtil.dylib
0x000000000c2ab000 	/usr/lib/libbz2.1.0.dylib
0x000000000c2ab000 	/System/Library/Frameworks/CoreServices.framework/Versions/A/Frameworks/CarbonCore.framework/Versions/A/CarbonCore
0x000000000c2ab000 	/System/Library/Frameworks/CoreServices.framework/Versions/A/Frameworks/Metadata.framework/Versions/A/Metadata
0x000000000c2ab000 	/System/Library/Frameworks/CoreServices.framework/Versions/A/Frameworks/OSServices.framework/Versions/A/OSServices
0x000000000c2ab000 	/System/Library/Frameworks/CoreServices.framework/Versions/A/Frameworks/SearchKit.framework/Versions/A/SearchKit
0x000000000c2ab000 	/System/Library/Frameworks/CoreServices.framework/Versions/A/Frameworks/AE.framework/Versions/A/AE
0x000000000c2ab000 	/System/Library/Frameworks/CoreServices.framework/Versions/A/Frameworks/LaunchServices.framework/Versions/A/LaunchServices
0x000000000c2ab000 	/System/Library/Frameworks/CoreServices.framework/Versions/A/Frameworks/DictionaryServices.framework/Versions/A/DictionaryServices
0x000000000c2ab000 	/System/Library/Frameworks/NetFS.framework/Versions/A/NetFS
0x000000000c2ab000 	/usr/lib/system/libkxld.dylib
0x000000000c2ab000 	/System/Library/PrivateFrameworks/NetAuth.framework/Versions/A/NetAuth
0x000000000c2ab000 	/System/Library/PrivateFrameworks/TCC.framework/Versions/A/TCC
0x000000000c2ab000 	/System/Library/Frameworks/OpenDirectory.framework/Versions/A/Frameworks/CFOpenDirectory.framework/Versions/A/CFOpenDirectory
0x000000000c2ab000 	/System/Library/Frameworks/ServiceManagement.framework/Versions/A/ServiceManagement
0x000000000c2ab000 	/usr/lib/libxslt.1.dylib
0x000000000c2ab000 	/System/Library/Frameworks/Carbon.framework/Versions/A/Frameworks/Ink.framework/Versions/A/Ink
0x000000000c2ab000 	/System/Library/Frameworks/ApplicationServices.framework/Versions/A/Frameworks/ATS.framework/Versions/A/ATS
0x000000000c2ab000 	/System/Library/Frameworks/ApplicationServices.framework/Versions/A/Frameworks/ColorSync.framework/Versions/A/ColorSync
0x000000000c2ab000 	/System/Library/Frameworks/ApplicationServices.framework/Versions/A/Frameworks/HIServices.framework/Versions/A/HIServices
0x000000000c2ab000 	/System/Library/Frameworks/ApplicationServices.framework/Versions/A/Frameworks/LangAnalysis.framework/Versions/A/LangAnalysis
0x000000000c2ab000 	/System/Library/Frameworks/ApplicationServices.framework/Versions/A/Frameworks/PrintCore.framework/Versions/A/PrintCore
0x000000000c2ab000 	/System/Library/Frameworks/ApplicationServices.framework/Versions/A/Frameworks/QD.framework/Versions/A/QD
0x000000000c2ab000 	/System/Library/Frameworks/ApplicationServices.framework/Versions/A/Frameworks/SpeechSynthesis.framework/Versions/A/SpeechSynthesis
0x000000000c2ab000 	/System/Library/Frameworks/IOSurface.framework/Versions/A/IOSurface
0x000000000c2ab000 	/System/Library/Frameworks/Accelerate.framework/Versions/A/Accelerate
0x000000000c2ab000 	/System/Library/Frameworks/Accelerate.framework/Versions/A/Frameworks/vImage.framework/Versions/A/vImage
0x000000000c2ab000 	/System/Library/Frameworks/Accelerate.framework/Versions/A/Frameworks/vecLib.framework/Versions/A/vecLib
0x000000000c2ab000 	/System/Library/Frameworks/Accelerate.framework/Versions/A/Frameworks/vecLib.framework/Versions/A/libvDSP.dylib
0x000000000c2ab000 	/System/Library/Frameworks/Accelerate.framework/Versions/A/Frameworks/vecLib.framework/Versions/A/libvMisc.dylib
0x000000000c2ab000 	/System/Library/Frameworks/Accelerate.framework/Versions/A/Frameworks/vecLib.framework/Versions/A/libLAPACK.dylib
0x000000000c2ab000 	/System/Library/Frameworks/Accelerate.framework/Versions/A/Frameworks/vecLib.framework/Versions/A/libBLAS.dylib
0x000000000c2ab000 	/System/Library/Frameworks/ApplicationServices.framework/Versions/A/Frameworks/ATS.framework/Versions/A/Resources/libFontParser.dylib
0x000000000c2ab000 	/System/Library/Frameworks/ApplicationServices.framework/Versions/A/Frameworks/ATS.framework/Versions/A/Resources/libFontRegistry.dylib
0x000000000c2ab000 	/System/Library/Frameworks/ImageIO.framework/Versions/A/Resources/libJPEG.dylib
0x000000000c2ab000 	/System/Library/Frameworks/ImageIO.framework/Versions/A/Resources/libTIFF.dylib
0x000000000c2ab000 	/System/Library/Frameworks/ImageIO.framework/Versions/A/Resources/libPng.dylib
0x000000000c2ab000 	/System/Library/Frameworks/ImageIO.framework/Versions/A/Resources/libGIF.dylib
0x000000000c2ab000 	/System/Library/Frameworks/ImageIO.framework/Versions/A/Resources/libJP2.dylib
0x000000000c2ab000 	/System/Library/Frameworks/ImageIO.framework/Versions/A/Resources/libRadiance.dylib
0x000000000c2ab000 	/usr/lib/libcups.2.dylib
0x000000000c2ab000 	/System/Library/Frameworks/Kerberos.framework/Versions/A/Kerberos
0x000000000c2ab000 	/System/Library/Frameworks/GSS.framework/Versions/A/GSS
0x000000000c2ab000 	/usr/lib/libresolv.9.dylib
0x000000000c2ab000 	/usr/lib/libiconv.2.dylib
0x000000000c2ab000 	/System/Library/PrivateFrameworks/Heimdal.framework/Versions/A/Heimdal
0x000000000c2ab000 	/System/Library/PrivateFrameworks/TrustEvaluationAgent.framework/Versions/A/TrustEvaluationAgent
0x000000000c2ab000 	/usr/lib/libheimdal-asn1.dylib
0x000000000c2ab000 	/System/Library/Frameworks/OpenDirectory.framework/Versions/A/OpenDirectory
0x000000000c2ab000 	/System/Library/PrivateFrameworks/CommonAuth.framework/Versions/A/CommonAuth
0x000000000c2ab000 	/System/Library/Frameworks/SecurityFoundation.framework/Versions/A/SecurityFoundation
0x000000000c2ab000 	/System/Library/PrivateFrameworks/Bom.framework/Versions/A/Bom
0x000000000c2ab000 	/System/Library/Frameworks/CoreVideo.framework/Versions/A/CoreVideo
0x000000000c2ab000 	/System/Library/Frameworks/QuartzCore.framework/Versions/A/Frameworks/CoreImage.framework/Versions/A/CoreImage
0x000000000c2ab000 	/System/Library/Frameworks/QuartzCore.framework/Versions/A/Frameworks/ScalableUserInterface.framework/Versions/A/ScalableUserInterface
0x000000000c2ab000 	/System/Library/Frameworks/OpenGL.framework/Versions/A/Libraries/libGLU.dylib
0x000000000c2ab000 	/System/Library/Frameworks/OpenGL.framework/Versions/A/Libraries/libGFXShared.dylib
0x000000000c2ab000 	/System/Library/Frameworks/OpenGL.framework/Versions/A/Libraries/libGL.dylib
0x000000000c2ab000 	/System/Library/Frameworks/OpenGL.framework/Versions/A/Libraries/libGLImage.dylib
0x000000000c2ab000 	/System/Library/Frameworks/OpenGL.framework/Versions/A/Libraries/libCVMSPluginSupport.dylib
0x000000000c2ab000 	/System/Library/Frameworks/OpenGL.framework/Versions/A/Libraries/libCoreVMClient.dylib
0x000000000c2ab000 	/System/Library/PrivateFrameworks/FaceCore.framework/Versions/A/FaceCore
0x000000000c2ab000 	/System/Library/PrivateFrameworks/CrashReporterSupport.framework/Versions/A/CrashReporterSupport
0x000000000c2ab000 	/System/Library/Frameworks/OpenCL.framework/Versions/A/OpenCL
0x000000000c2ab000 	/System/Library/PrivateFrameworks/AppleFSCompression.framework/Versions/A/AppleFSCompression
0x000000000c2ab000 	/System/Library/PrivateFrameworks/Ubiquity.framework/Versions/A/Ubiquity
0x000000000c2ab000 	/System/Library/PrivateFrameworks/IconServices.framework/Versions/A/IconServices
0x000000000c2ab000 	/System/Library/PrivateFrameworks/ChunkingLibrary.framework/Versions/A/ChunkingLibrary
0x000000000c2ab000 	/System/Library/PrivateFrameworks/CoreSymbolication.framework/Versions/A/CoreSymbolication
0x000000000c2ab000 	/System/Library/PrivateFrameworks/Symbolication.framework/Versions/A/Symbolication
0x000000000c2ab000 	/System/Library/PrivateFrameworks/DebugSymbols.framework/Versions/A/DebugSymbols
0x000000010f800000 	/Library/Java/JavaVirtualMachines/jdk1.8.0_05.jdk/Contents/Home/jre/lib/server/libjvm.dylib
0x000000000c2ab000 	/usr/lib/libstdc++.6.dylib
0x00000001106c0000 	/Library/Java/JavaVirtualMachines/jdk1.8.0_05.jdk/Contents/Home/jre/lib/libverify.dylib
0x00000001106ce000 	/Library/Java/JavaVirtualMachines/jdk1.8.0_05.jdk/Contents/Home/jre/lib/libjava.dylib
0x0000000110702000 	/Library/Java/JavaVirtualMachines/jdk1.8.0_05.jdk/Contents/Home/jre/lib/libzip.dylib
0x000000012c2de000 	/System/Library/Frameworks/JavaVM.framework/Frameworks/JavaRuntimeSupport.framework/JavaRuntimeSupport
0x000000012c2f6000 	/System/Library/Frameworks/JavaVM.framework/Versions/A/Frameworks/JavaNativeFoundation.framework/Versions/A/JavaNativeFoundation
0x000000012c30b000 	/System/Library/Frameworks/JavaVM.framework/Versions/A/JavaVM
0x000000000c2ab000 	/System/Library/Frameworks/Carbon.framework/Versions/A/Carbon
0x000000012c318000 	/System/Library/PrivateFrameworks/JavaLaunching.framework/Versions/A/JavaLaunching
0x000000000c2ab000 	/System/Library/Frameworks/Carbon.framework/Versions/A/Frameworks/CommonPanels.framework/Versions/A/CommonPanels
0x000000000c2ab000 	/System/Library/Frameworks/Carbon.framework/Versions/A/Frameworks/Help.framework/Versions/A/Help
0x000000000c2ab000 	/System/Library/Frameworks/Carbon.framework/Versions/A/Frameworks/ImageCapture.framework/Versions/A/ImageCapture
0x000000000c2ab000 	/System/Library/Frameworks/Carbon.framework/Versions/A/Frameworks/OpenScripting.framework/Versions/A/OpenScripting
0x000000000c2ab000 	/System/Library/Frameworks/Carbon.framework/Versions/A/Frameworks/Print.framework/Versions/A/Print
0x000000000c2ab000 	/System/Library/Frameworks/Carbon.framework/Versions/A/Frameworks/SecurityHI.framework/Versions/A/SecurityHI
0x000000012cb8d000 	/Library/Java/JavaVirtualMachines/jdk1.8.0_05.jdk/Contents/Home/jre/lib/libawt.dylib
0x000000012cc3c000 	/Library/Java/JavaVirtualMachines/jdk1.8.0_05.jdk/Contents/Home/jre/lib/./libmlib_image.dylib
0x000000012cd08000 	/Library/Java/JavaVirtualMachines/jdk1.8.0_05.jdk/Contents/Home/jre/lib/libawt_lwawt.dylib
0x000000012cdba000 	/Library/Java/JavaVirtualMachines/jdk1.8.0_05.jdk/Contents/Home/jre/lib/./libosxapp.dylib
0x000000000c2ab000 	/System/Library/Frameworks/ExceptionHandling.framework/Versions/A/ExceptionHandling
0x000000000c2ab000 	/System/Library/PrivateFrameworks/CoreServicesInternal.framework/Versions/A/CoreServicesInternal
0x000000000c2ab000 	/System/Library/PrivateFrameworks/Librarian.framework/Versions/A/Librarian
0x000000000c2ab000 	/System/Library/Frameworks/CoreGraphics.framework/Versions/A/Resources/libCGCMS.A.dylib
0x000000000c2ab000 	/System/Library/Frameworks/CoreGraphics.framework/Versions/A/Resources/libRIP.A.dylib
0x000000000c2ab000 	/System/Library/Frameworks/CoreGraphics.framework/Versions/A/Resources/libCGXType.A.dylib
0x000000000c2ab000 	/System/Library/PrivateFrameworks/FamilyControls.framework/Versions/A/FamilyControls
0x000000000c2ab000 	/System/Library/PrivateFrameworks/CommerceKit.framework/Versions/A/Frameworks/CommerceCore.framework/Versions/A/CommerceCore
0x000000000c2ab000 	/System/Library/PrivateFrameworks/SystemAdministration.framework/Versions/A/SystemAdministration
0x000000000c2ab000 	/System/Library/Frameworks/DirectoryService.framework/Versions/A/DirectoryService
0x000000000c2ab000 	/System/Library/PrivateFrameworks/DiskImages.framework/Versions/A/DiskImages
0x000000000c2ab000 	/System/Library/PrivateFrameworks/LoginUIKit.framework/Versions/A/Frameworks/LoginUICore.framework/Versions/A/LoginUICore
0x000000000c2ab000 	/usr/lib/libCoreStorage.dylib
0x000000000c2ab000 	/usr/lib/libcsfde.dylib
0x000000000c2ab000 	/usr/lib/libodfde.dylib
0x000000000c2ab000 	/System/Library/Frameworks/DiscRecording.framework/Versions/A/DiscRecording
0x000000000c2ab000 	/usr/lib/libcurl.4.dylib
0x000000000c2ab000 	/System/Library/PrivateFrameworks/MediaKit.framework/Versions/A/MediaKit
0x000000000c2ab000 	/System/Library/PrivateFrameworks/EFILogin.framework/Versions/A/EFILogin
0x000000000c2ab000 	/usr/lib/libutil.dylib
0x000000000c2ab000 	/System/Library/PrivateFrameworks/AOSNotification.framework/Versions/A/AOSNotification
0x000000000c2ab000 	/System/Library/Frameworks/LDAP.framework/Versions/A/LDAP
0x000000000c2ab000 	/usr/lib/libsasl2.2.dylib
0x000000000c2ab000 	/usr/lib/libcrypto.0.9.8.dylib
0x000000000c2ab000 	/usr/lib/libssl.0.9.8.dylib
0x000000012e93a000 	/Library/Java/JavaVirtualMachines/jdk1.8.0_05.jdk/Contents/Home/jre/lib/libjpeg.dylib
0x000000000c2ab000 	/System/Library/Frameworks/OpenGL.framework/Versions/A/Resources/GLEngine.bundle/GLEngine
0x000000000c2ab000 	/System/Library/Frameworks/OpenGL.framework/Versions/A/Libraries/libGLProgrammability.dylib
0x0000000000000000 	/System/Library/Extensions/AMDRadeonX3000GLDriver.bundle/Contents/MacOS/AMDRadeonX3000GLDriver
0x000000000c2ab000 	/System/Library/PrivateFrameworks/IOAccelerator.framework/Versions/A/IOAccelerator
0x000000000c2ab000 	/System/Library/PrivateFrameworks/GPUSupport.framework/Versions/A/Libraries/libGPUSupportMercury.dylib
0x000000000c2ab000 	/System/Library/Frameworks/OpenGL.framework/Versions/A/Resources/GLRendererFloat.bundle/GLRendererFloat
0x000000000c2ab000 	/System/Library/Frameworks/OpenCL.framework/Versions/A/Libraries/libcldcpuengine.dylib
0x00000001319a2000 	/Library/Java/JavaVirtualMachines/jdk1.8.0_05.jdk/Contents/Home/jre/lib/libfontmanager.dylib
0x0000000131a08000 	/Library/Java/JavaVirtualMachines/jdk1.8.0_05.jdk/Contents/Home/jre/lib/libosxui.dylib
0x0000000131dc4000 	/Library/Java/JavaVirtualMachines/jdk1.8.0_05.jdk/Contents/Home/jre/lib/libnet.dylib
0x0000000131dda000 	/Library/Java/JavaVirtualMachines/jdk1.8.0_05.jdk/Contents/Home/jre/lib/libnio.dylib
0x0000000135ebf000 	/Library/Java/Extensions/libCLIPSJNI.jnilib

VM Arguments:
jvm_args: -Dfile.encoding=UTF-8 
java_command: monitor1213.MonitorView
java_class_path (initial): /Users/WatchTower/Sviluppo/Unito/IA-LAB/Esercizi-IA-Lab/PROGETTO_CLIPS/Progetto Finale/waitor/libs/CLIPSJNI.jar:/Users/WatchTower/Sviluppo/Unito/IA-LAB/Esercizi-IA-Lab/PROGETTO_CLIPS/Progetto Finale/waitor/build/classes
Launcher Type: SUN_STANDARD

Environment Variables:
PATH=/usr/bin:/bin:/usr/sbin:/sbin
LD_LIBRARY_PATH=/Library/Java/JavaVirtualMachines/jdk1.8.0_05.jdk/Contents/Home/jre/lib/amd64:/Library/Java/JavaVirtualMachines/jdk1.8.0_05.jdk/Contents/Home/jre/lib/i386:
SHELL=/bin/bash
DISPLAY=/tmp/launch-v479vo/org.macosforge.xquartz:0
DYLD_LIBRARY_PATH=/Applications/NetBeans/NetBeans 8.0.app/Contents/Resources/NetBeans/webcommon/bin:

Signal Handlers:
SIGSEGV: [libjvm.dylib+0x55f7df], sa_mask[0]=0xfffefeff, sa_flags=0x00000043
SIGBUS: [libjvm.dylib+0x55f7df], sa_mask[0]=0xfffefeff, sa_flags=0x00000042
SIGFPE: [libjvm.dylib+0x442cfa], sa_mask[0]=0xfffefeff, sa_flags=0x00000042
SIGPIPE: [libjvm.dylib+0x442cfa], sa_mask[0]=0xfffefeff, sa_flags=0x00000042
SIGXFSZ: [libjvm.dylib+0x442cfa], sa_mask[0]=0xfffefeff, sa_flags=0x00000042
SIGILL: [libjvm.dylib+0x442cfa], sa_mask[0]=0xfffefeff, sa_flags=0x00000042
SIGUSR1: SIG_DFL, sa_mask[0]=0x00000000, sa_flags=0x00000002
SIGUSR2: [libjvm.dylib+0x442818], sa_mask[0]=0x00000004, sa_flags=0x00000042
SIGHUP: [libjvm.dylib+0x440ba5], sa_mask[0]=0xfffefeff, sa_flags=0x00000042
SIGINT: [libCLIPSJNI.jnilib+0xd6795], sa_mask[0]=0x00000000, sa_flags=0x00000002
SIGTERM: [libjvm.dylib+0x440ba5], sa_mask[0]=0xfffefeff, sa_flags=0x00000042
SIGQUIT: [libjvm.dylib+0x440ba5], sa_mask[0]=0xfffefeff, sa_flags=0x00000042


---------------  S Y S T E M  ---------------

OS:Bsduname:Darwin 13.4.0 Darwin Kernel Version 13.4.0: Wed Dec 17 19:05:52 PST 2014; root:xnu-2422.115.10~1/RELEASE_X86_64 x86_64
rlimit: STACK 8192k, CORE 0k, NPROC 709, NOFILE 10240, AS infinity
load average:0.89 0.93 0.83

CPU:total 8 (4 cores per cpu, 2 threads per core) family 6 model 42 stepping 7, cmov, cx8, fxsr, mmx, sse, sse2, sse3, ssse3, sse4.1, sse4.2, popcnt, avx, aes, clmul, ht, tsc, tscinvbit

Memory: 4k page, physical 16777216k(2106360k free)

/proc/meminfo:


vm_info: Java HotSpot(TM) 64-Bit Server VM (25.5-b02) for bsd-amd64 JRE (1.8.0_05-b13), built on Mar 18 2014 00:36:13 by "java_re" with gcc 4.2.1 (Based on Apple Inc. build 5658) (LLVM build 2336.11.00)

time: Sat Feb  7 19:01:42 2015
elapsed time: 18 seconds

