#
# A fatal error has been detected by the Java Runtime Environment:
#
#  SIGSEGV (0xb) at pc=0x000000010cb4e280, pid=2008, tid=60695
#
# JRE version: Java(TM) SE Runtime Environment (8.0_20-b26) (build 1.8.0_20-b26)
# Java VM: Java HotSpot(TM) 64-Bit Server VM (25.20-b23 mixed mode bsd-amd64 compressed oops)
# Problematic frame:
# V  [libjvm.dylib+0x54e280]  UTF8::unicode_length(char const*)+0x4
#
# Failed to write core dump. Core dumps have been disabled. To enable core dumping, try "ulimit -c unlimited" before starting Java again
#
# If you would like to submit a bug report, please visit:
#   http://bugreport.sun.com/bugreport/crash.jsp
#

---------------  T H R E A D  ---------------

Current thread (0x00007ffc9398f800):  JavaThread "Thread-0" [_thread_in_vm, id=60695, stack(0x0000000132a3f000,0x0000000132b3f000)]

siginfo: si_signo: 11 (SIGSEGV), si_code: 1 (SEGV_MAPERR), si_addr: 0x0000000000000001

Registers:
RAX=0x000000010ce9ca40, RBX=0x00007ffc9398f800, RCX=0x000000010cdd5c80, RDX=0x000000010c903d5c
RSP=0x0000000132b3e280, RBP=0x0000000132b3e280, RSI=0x00007ffc9398f800, RDI=0x0000000000000001
R8 =0x0000000132b3e5b8, R9 =0x0000000000000001, R10=0x00007ffc98d00000, R11=0x0000000000102d53
R12=0x00007ffc98d5aa90, R13=0x0000000132b3e558, R14=0x0000000000000001, R15=0x00007ffc9398f800
RIP=0x000000010cb4e280, EFLAGS=0x0000000000010202, ERR=0x0000000000000004
  TRAPNO=0x000000000000000e

Top of Stack: (sp=0x0000000132b3e280)
0x0000000132b3e280:   0000000132b3e2b0 000000010c8db87b
0x0000000132b3e290:   0000000000001002 00007ffc9398f800
0x0000000132b3e2a0:   00007ffc9398f9e8 00007ffc9398f800
0x0000000132b3e2b0:   0000000132b3e2d0 000000010c8db8e2
0x0000000132b3e2c0:   0000000000000001 0000000000000001
0x0000000132b3e2d0:   0000000132b3e330 000000010c903dc2
0x0000000132b3e2e0:   0000000000000000 00007ffc9398f800
0x0000000132b3e2f0:   0000000000000000 0000000132b3e558
0x0000000132b3e300:   000000010b38c000 00007ffc9398f800
0x0000000132b3e310:   00007ffc9398f800 00007ffc925ec150
0x0000000132b3e320:   0000000132b3e4f0 00007ffc9398f800
0x0000000132b3e330:   0000000132b3e3a0 00000001328db3f0
0x0000000132b3e340:   000000030000f847 0000000132b3e5b8
0x0000000132b3e350:   0000000332b3e3a0 00007ffc98c0aa10
0x0000000132b3e360:   0000000132b3e4c0 00007ffc9398f9e8
0x0000000132b3e370:   000000010b38c000 0000000000000000
0x0000000132b3e380:   00007ffc98d5aa90 0000000000000000
0x0000000132b3e390:   00007ffc98d5aa90 00007ffc925ec150
0x0000000132b3e3a0:   0000000132b3e410 00000001328db246
0x0000000132b3e3b0:   0000000332b3e410 000000013283d54f
0x0000000132b3e3c0:   0000000132b3e450 00007ffc98c0aa10
0x0000000132b3e3d0:   0000000132b3e4c0 00007ffc9398f9e8
0x0000000132b3e3e0:   0000000132b3e410 000000010c90402a
0x0000000132b3e3f0:   00007ffc9398f9e8 00007ffc925ec150
0x0000000132b3e400:   0000000000000000 00007ffc9398f800
0x0000000132b3e410:   0000000132b3e4b0 00000001328db9ef
0x0000000132b3e420:   0000000132b3e4d8 00007ffc925ec150
0x0000000132b3e430:   00007ffc98c0aa10 0000000132b3e4c0
0x0000000132b3e440:   0000000132b3e4f0 00007ffc9398f9e8
0x0000000132b3e450:   0000000132b3e570 0000000132b30003
0x0000000132b3e460:   0000000132b3e5b8 000000010d76f6e0
0x0000000132b3e470:   000000076ce68500 000000010d730fb7 

Instructions: (pc=0x000000010cb4e280)
0x000000010cb4e260:   81 e2 c0 00 00 00 81 fa 80 00 00 00 0f 44 f1 48
0x000000010cb4e270:   ff c7 48 ff c8 75 e3 89 f0 5d c3 90 55 48 89 e5
0x000000010cb4e280:   8a 0f 84 c9 75 04 31 c0 5d c3 48 ff c7 31 c0 0f
0x000000010cb4e290:   b6 c9 81 e1 c0 00 00 00 81 f9 80 00 00 00 0f 95 

Register to memory mapping:

RAX=0x000000010ce9ca40: _ZN20SafepointSynchronize6_stateE+0 in /Library/Java/JavaVirtualMachines/jdk1.8.0_20.jdk/Contents/Home/jre/lib/server/libjvm.dylib at 0x000000010c600000
RBX=0x00007ffc9398f800 is a thread
RCX=0x000000010cdd5c80: UseMembar+0 in /Library/Java/JavaVirtualMachines/jdk1.8.0_20.jdk/Contents/Home/jre/lib/server/libjvm.dylib at 0x000000010c600000
RDX=0x000000010c903d5c: jni_NewStringUTF+0 in /Library/Java/JavaVirtualMachines/jdk1.8.0_20.jdk/Contents/Home/jre/lib/server/libjvm.dylib at 0x000000010c600000
RSP=0x0000000132b3e280 is pointing into the stack for thread: 0x00007ffc9398f800
RBP=0x0000000132b3e280 is pointing into the stack for thread: 0x00007ffc9398f800
RSI=0x00007ffc9398f800 is a thread
RDI=0x0000000000000001 is an unknown value
R8 =0x0000000132b3e5b8 is pointing into the stack for thread: 0x00007ffc9398f800
R9 =0x0000000000000001 is an unknown value
R10=0x00007ffc98d00000 is an unknown value
R11=0x0000000000102d53 is an unknown value
R12=0x00007ffc98d5aa90 is an unknown value
R13=0x0000000132b3e558 is pointing into the stack for thread: 0x00007ffc9398f800
R14=0x0000000000000001 is an unknown value
R15=0x00007ffc9398f800 is a thread


Stack: [0x0000000132a3f000,0x0000000132b3f000],  sp=0x0000000132b3e280,  free space=1020k
Native frames: (J=compiled Java code, j=interpreted, Vv=VM code, C=native code)
V  [libjvm.dylib+0x54e280]  UTF8::unicode_length(char const*)+0x4
V  [libjvm.dylib+0x2db87b]  java_lang_String::create_from_str(char const*, Thread*)+0x2d
V  [libjvm.dylib+0x2db8e2]  java_lang_String::create_oop_from_str(char const*, Thread*)+0x14
V  [libjvm.dylib+0x303dc2]  jni_NewStringUTF+0x66
C  [libCLIPSJNI.jnilib+0xe73f0]  ConvertSingleFieldValue+0x198
C  [libCLIPSJNI.jnilib+0xe7246]  ConvertDataObject+0x249
C  [libCLIPSJNI.jnilib+0xe79ef]  Java_CLIPSJNI_Environment_getFactSlot+0xcd
J 1072  CLIPSJNI.Environment.getFactSlot(LCLIPSJNI/Environment;JJLjava/lang/String;)LCLIPSJNI/PrimitiveValue; (0 bytes) @ 0x000000010d86d423 [0x000000010d86d340+0xe3]
J 1965 C2 CLIPSJNI.FactAddressValue.getFactSlot(Ljava/lang/String;)LCLIPSJNI/PrimitiveValue; (6 bytes) @ 0x000000010dad92c0 [0x000000010dad9260+0x60]

Java frames: (J=compiled Java code, j=interpreted, Vv=VM code)
J 1072  CLIPSJNI.Environment.getFactSlot(LCLIPSJNI/Environment;JJLjava/lang/String;)LCLIPSJNI/PrimitiveValue; (0 bytes) @ 0x000000010d86d3a9 [0x000000010d86d340+0x69]
J 1965 C2 CLIPSJNI.FactAddressValue.getFactSlot(Ljava/lang/String;)LCLIPSJNI/PrimitiveValue; (6 bytes) @ 0x000000010dad92c0 [0x000000010dad9260+0x60]
j  xclipsjni.ClipsCore.findAllFacts(Ljava/lang/String;Ljava/lang/String;[Ljava/lang/String;)[[Ljava/lang/String;+154
j  monitor1213.MonitorModel.findAllFacts(Ljava/lang/String;Ljava/lang/String;[Ljava/lang/String;)[[Ljava/lang/String;+7
j  monitor1213.MonitorView.updateOutput()V+76
j  monitor1213.MonitorView.onAction()V+5
j  xclipsjni.ClipsView.update(Ljava/util/Observable;Ljava/lang/Object;)V+31
j  java.util.Observable.notifyObservers(Ljava/lang/Object;)V+55
j  xclipsjni.ClipsModel.run()V+502
j  java.lang.Thread.run()V+11
v  ~StubRoutines::call_stub

---------------  P R O C E S S  ---------------

Java Threads: ( => current thread )
=>0x00007ffc9398f800 JavaThread "Thread-0" [_thread_in_vm, id=60695, stack(0x0000000132a3f000,0x0000000132b3f000)]
  0x00007ffc952f4800 JavaThread "TimerQueue" daemon [_thread_blocked, id=65603, stack(0x000000014102f000,0x000000014112f000)]
  0x00007ffc952ed000 JavaThread "DestroyJavaVM" [_thread_blocked, id=4867, stack(0x000000010b488000,0x000000010b588000)]
  0x00007ffc93168000 JavaThread "AWT-EventQueue-0" [_thread_blocked, id=56835, stack(0x0000000130f2e000,0x000000013102e000)]
  0x00007ffc929de800 JavaThread "Java2D Queue Flusher" daemon [_thread_blocked, id=53255, stack(0x000000012fbae000,0x000000012fcae000)]
  0x00007ffc950bf800 JavaThread "Java2D Disposer" daemon [_thread_blocked, id=47135, stack(0x000000012f93d000,0x000000012fa3d000)]
  0x00007ffc9303b800 JavaThread "AWT-Shutdown" [_thread_blocked, id=32007, stack(0x000000012c933000,0x000000012ca33000)]
  0x00007ffc938cb800 JavaThread "AppKit Thread" daemon [_thread_in_native, id=1811, stack(0x00007fff5408e000,0x00007fff5488e000)]
  0x00007ffc9387e000 JavaThread "Service Thread" daemon [_thread_blocked, id=20739, stack(0x000000012ae25000,0x000000012af25000)]
  0x00007ffc9386d000 JavaThread "C1 CompilerThread3" daemon [_thread_blocked, id=20227, stack(0x000000012ad22000,0x000000012ae22000)]
  0x00007ffc9281f800 JavaThread "C2 CompilerThread2" daemon [_thread_blocked, id=19715, stack(0x000000012ac1f000,0x000000012ad1f000)]
  0x00007ffc9386c000 JavaThread "C2 CompilerThread1" daemon [_thread_blocked, id=19203, stack(0x000000012ab1c000,0x000000012ac1c000)]
  0x00007ffc95000000 JavaThread "C2 CompilerThread0" daemon [_thread_blocked, id=18691, stack(0x000000012aa19000,0x000000012ab19000)]
  0x00007ffc9382f800 JavaThread "Signal Dispatcher" daemon [_thread_blocked, id=15627, stack(0x000000012a916000,0x000000012aa16000)]
  0x00007ffc93855800 JavaThread "Finalizer" daemon [_thread_blocked, id=13571, stack(0x0000000128fcc000,0x00000001290cc000)]
  0x00007ffc93855000 JavaThread "Reference Handler" daemon [_thread_blocked, id=13059, stack(0x0000000128ec9000,0x0000000128fc9000)]

Other Threads:
  0x00007ffc93850000 VMThread [stack: 0x0000000128dc6000,0x0000000128ec6000] [id=12547]
  0x00007ffc9503b800 WatcherThread [stack: 0x000000012af28000,0x000000012b028000] [id=21251]

VM state:not at safepoint (normal execution)

VM Mutex/Monitor currently owned by a thread: None

Heap:
 PSYoungGen      total 76288K, used 38239K [0x000000076ab00000, 0x0000000770000000, 0x00000007c0000000)
  eden space 65536K, 58% used [0x000000076ab00000,0x000000076d057f68,0x000000076eb00000)
  from space 10752K, 0% used [0x000000076f580000,0x000000076f580000,0x0000000770000000)
  to   space 10752K, 0% used [0x000000076eb00000,0x000000076eb00000,0x000000076f580000)
 ParOldGen       total 175104K, used 0K [0x00000006c0000000, 0x00000006cab00000, 0x000000076ab00000)
  object space 175104K, 0% used [0x00000006c0000000,0x00000006c0000000,0x00000006cab00000)
 Metaspace       used 14835K, capacity 15040K, committed 15360K, reserved 1062912K
  class space    used 1925K, capacity 1970K, committed 2048K, reserved 1048576K

Card table byte_map: [0x000000011c8db000,0x000000011d0dc000] byte_map_base: 0x00000001192db000

Marking Bits: (ParMarkBitMap*) 0x000000010ce9c330
 Begin Bits: [0x000000011de4a000, 0x0000000121e4a000)
 End Bits:   [0x0000000121e4a000, 0x0000000125e4a000)

Polling page: 0x000000010b5cc000

CodeCache: size=245760Kb used=5884Kb max_used=5888Kb free=239875Kb
 bounds [0x000000010d51b000, 0x000000010daeb000, 0x000000011c51b000]
 total_blobs=2500 nmethods=1961 adapters=451
 compilation: enabled

Compilation events (10 events):
Event: 15.363 Thread 0x00007ffc9386c000 nmethod 1971 0x000000010dada590 code [0x000000010dada6e0, 0x000000010dada7d8]
Event: 15.363 Thread 0x00007ffc9386d000 nmethod 1972 0x000000010dada050 code [0x000000010dada1c0, 0x000000010dada430]
Event: 15.364 Thread 0x00007ffc9386d000 1973       3       javax.swing.JComponent::paintBorder (28 bytes)
Event: 15.364 Thread 0x00007ffc9386d000 nmethod 1973 0x000000010dad9810 code [0x000000010dad99a0, 0x000000010dad9e88]
Event: 15.364 Thread 0x00007ffc9386d000 1974       3       javax.swing.plaf.basic.BasicTextUI::getVisibleEditorRect (106 bytes)
Event: 15.365 Thread 0x00007ffc9386d000 nmethod 1974 0x000000010dad7190 code [0x000000010dad7360, 0x000000010dad7c58]
Event: 15.570 Thread 0x00007ffc9386d000 1975       1       sun.java2d.opengl.OGLRenderQueue::access$000 (5 bytes)
Event: 15.570 Thread 0x00007ffc9386d000 nmethod 1975 0x000000010dad6ed0 code [0x000000010dad7020, 0x000000010dad7110]
Event: 15.866 Thread 0x00007ffc9386d000 1976       3       javax.swing.text.GapContent$UndoPosRef::<init> (23 bytes)
Event: 15.866 Thread 0x00007ffc9386d000 nmethod 1976 0x000000010dadbb50 code [0x000000010dadbcc0, 0x000000010dadbf68]

GC Heap History (0 events):
No events

Deoptimization events (5 events):
Event: 0.425 Thread 0x00007ffc93000800 Uncommon trap: reason=class_check action=maybe_recompile pc=0x000000010d6c2b24 method=java.io.BufferedInputStream.fill()V @ 214
Event: 0.867 Thread 0x00007ffc93000800 Uncommon trap: reason=class_check action=maybe_recompile pc=0x000000010d6e1900 method=java.lang.String.equals(Ljava/lang/Object;)Z @ 8
Event: 0.867 Thread 0x00007ffc93000800 Uncommon trap: reason=class_check action=maybe_recompile pc=0x000000010d6e1900 method=java.lang.String.equals(Ljava/lang/Object;)Z @ 8
Event: 0.868 Thread 0x00007ffc93000800 Uncommon trap: reason=class_check action=maybe_recompile pc=0x000000010d6e1900 method=java.lang.String.equals(Ljava/lang/Object;)Z @ 8
Event: 0.868 Thread 0x00007ffc93000800 Uncommon trap: reason=class_check action=maybe_recompile pc=0x000000010d6e1900 method=java.lang.String.equals(Ljava/lang/Object;)Z @ 8

Internal exceptions (10 events):
Event: 2.618 Thread 0x00007ffc93168000 Exception <a 'java/security/PrivilegedActionException'> (0x000000076be81708) thrown at [/HUDSON3/workspace/8-2-build-macosx-x86_64/jdk8u20/1074/hotspot/src/share/vm/prims/jvm.cpp, line 1275]
Event: 2.618 Thread 0x00007ffc93168000 Exception <a 'java/security/PrivilegedActionException'> (0x000000076be849c0) thrown at [/HUDSON3/workspace/8-2-build-macosx-x86_64/jdk8u20/1074/hotspot/src/share/vm/prims/jvm.cpp, line 1275]
Event: 2.618 Thread 0x00007ffc93168000 Exception <a 'java/security/PrivilegedActionException'> (0x000000076be89228) thrown at [/HUDSON3/workspace/8-2-build-macosx-x86_64/jdk8u20/1074/hotspot/src/share/vm/prims/jvm.cpp, line 1275]
Event: 2.618 Thread 0x00007ffc93168000 Exception <a 'java/security/PrivilegedActionException'> (0x000000076be8d048) thrown at [/HUDSON3/workspace/8-2-build-macosx-x86_64/jdk8u20/1074/hotspot/src/share/vm/prims/jvm.cpp, line 1275]
Event: 2.618 Thread 0x00007ffc93168000 Exception <a 'java/security/PrivilegedActionException'> (0x000000076be90e70) thrown at [/HUDSON3/workspace/8-2-build-macosx-x86_64/jdk8u20/1074/hotspot/src/share/vm/prims/jvm.cpp, line 1275]
Event: 2.652 Thread 0x00007ffc93168000 Exception <a 'java/security/PrivilegedActionException'> (0x000000076be99148) thrown at [/HUDSON3/workspace/8-2-build-macosx-x86_64/jdk8u20/1074/hotspot/src/share/vm/prims/jvm.cpp, line 1275]
Event: 2.654 Thread 0x00007ffc93168000 Exception <a 'java/security/PrivilegedActionException'> (0x000000076bea3cf8) thrown at [/HUDSON3/workspace/8-2-build-macosx-x86_64/jdk8u20/1074/hotspot/src/share/vm/prims/jvm.cpp, line 1275]
Event: 2.709 Thread 0x00007ffc93168000 Exception <a 'java/lang/ArrayIndexOutOfBoundsException': 1> (0x000000076bf00620) thrown at [/HUDSON3/workspace/8-2-build-macosx-x86_64/jdk8u20/1074/hotspot/src/share/vm/interpreter/interpreterRuntime.cpp, line 366]
Event: 2.709 Thread 0x00007ffc93168000 Exception <a 'java/lang/ArrayIndexOutOfBoundsException'> (0x000000076bf00620) thrown at [/HUDSON3/workspace/8-2-build-macosx-x86_64/jdk8u20/1074/hotspot/src/share/vm/prims/jvm.cpp, line 1279]
Event: 2.709 Thread 0x00007ffc93168000 Exception <a 'java/lang/ArrayIndexOutOfBoundsException'> (0x000000076bf00620) thrown at [/HUDSON3/workspace/8-2-build-macosx-x86_64/jdk8u20/1074/hotspot/src/share/vm/prims/jvm.cpp, line 1279]

Events (10 events):
Event: 13.798 Thread 0x00007ffc9386d000 flushing nmethod 0x000000010d699a50
Event: 13.798 Thread 0x00007ffc9386d000 flushing nmethod 0x000000010d69a5d0
Event: 13.798 Thread 0x00007ffc9386d000 flushing nmethod 0x000000010d6ac090
Event: 13.798 Thread 0x00007ffc9386d000 flushing nmethod 0x000000010d6ae610
Event: 14.312 Executing VM operation: RevokeBias
Event: 14.312 Executing VM operation: RevokeBias done
Event: 14.833 Executing VM operation: RevokeBias
Event: 14.833 Executing VM operation: RevokeBias done
Event: 15.354 Executing VM operation: RevokeBias
Event: 15.354 Executing VM operation: RevokeBias done


Dynamic libraries:
0x0000000002410000 	/System/Library/Frameworks/Cocoa.framework/Versions/A/Cocoa
0x0000000002410000 	/System/Library/Frameworks/Security.framework/Versions/A/Security
0x0000000002410000 	/System/Library/Frameworks/ApplicationServices.framework/Versions/A/ApplicationServices
0x0000000002410000 	/usr/lib/libz.1.dylib
0x0000000002410000 	/usr/lib/libSystem.B.dylib
0x0000000002410000 	/usr/lib/libobjc.A.dylib
0x0000000002410000 	/System/Library/Frameworks/CoreFoundation.framework/Versions/A/CoreFoundation
0x0000000002410000 	/System/Library/Frameworks/Foundation.framework/Versions/C/Foundation
0x0000000002410000 	/System/Library/Frameworks/AppKit.framework/Versions/C/AppKit
0x0000000002410000 	/System/Library/Frameworks/CoreData.framework/Versions/A/CoreData
0x0000000002410000 	/System/Library/PrivateFrameworks/RemoteViewServices.framework/Versions/A/RemoteViewServices
0x0000000002410000 	/System/Library/PrivateFrameworks/UIFoundation.framework/Versions/A/UIFoundation
0x0000000002410000 	/System/Library/Frameworks/IOSurface.framework/Versions/A/IOSurface
0x0000000002410000 	/System/Library/Frameworks/AudioToolbox.framework/Versions/A/AudioToolbox
0x0000000002410000 	/System/Library/Frameworks/AudioUnit.framework/Versions/A/AudioUnit
0x0000000002410000 	/System/Library/PrivateFrameworks/DataDetectorsCore.framework/Versions/A/DataDetectorsCore
0x0000000002410000 	/System/Library/PrivateFrameworks/DesktopServicesPriv.framework/Versions/A/DesktopServicesPriv
0x0000000002410000 	/System/Library/Frameworks/Carbon.framework/Versions/A/Frameworks/HIToolbox.framework/Versions/A/HIToolbox
0x0000000002410000 	/System/Library/Frameworks/QuartzCore.framework/Versions/A/QuartzCore
0x0000000002410000 	/System/Library/Frameworks/Carbon.framework/Versions/A/Frameworks/SpeechRecognition.framework/Versions/A/SpeechRecognition
0x0000000002410000 	/usr/lib/libauto.dylib
0x0000000002410000 	/usr/lib/libicucore.A.dylib
0x0000000002410000 	/usr/lib/libxml2.2.dylib
0x0000000002410000 	/System/Library/PrivateFrameworks/CoreUI.framework/Versions/A/CoreUI
0x0000000002410000 	/System/Library/Frameworks/CoreAudio.framework/Versions/A/CoreAudio
0x0000000002410000 	/System/Library/Frameworks/DiskArbitration.framework/Versions/A/DiskArbitration
0x0000000002410000 	/usr/lib/liblangid.dylib
0x0000000002410000 	/System/Library/PrivateFrameworks/MultitouchSupport.framework/Versions/A/MultitouchSupport
0x0000000002410000 	/System/Library/Frameworks/IOKit.framework/Versions/A/IOKit
0x0000000002410000 	/usr/lib/libDiagnosticMessagesClient.dylib
0x0000000002410000 	/System/Library/Frameworks/CoreServices.framework/Versions/A/CoreServices
0x0000000002410000 	/System/Library/PrivateFrameworks/PerformanceAnalysis.framework/Versions/A/PerformanceAnalysis
0x0000000002410000 	/System/Library/PrivateFrameworks/GenerationalStorage.framework/Versions/A/GenerationalStorage
0x0000000002410000 	/System/Library/Frameworks/OpenGL.framework/Versions/A/OpenGL
0x0000000002410000 	/System/Library/PrivateFrameworks/Sharing.framework/Versions/A/Sharing
0x0000000002410000 	/System/Library/Frameworks/CoreGraphics.framework/Versions/A/CoreGraphics
0x0000000002410000 	/System/Library/Frameworks/CoreText.framework/Versions/A/CoreText
0x0000000002410000 	/System/Library/Frameworks/ImageIO.framework/Versions/A/ImageIO
0x0000000002410000 	/usr/lib/libextension.dylib
0x0000000002410000 	/System/Library/PrivateFrameworks/Backup.framework/Versions/A/Backup
0x0000000002410000 	/usr/lib/libarchive.2.dylib
0x0000000002410000 	/System/Library/Frameworks/CFNetwork.framework/Versions/A/CFNetwork
0x0000000002410000 	/System/Library/Frameworks/SystemConfiguration.framework/Versions/A/SystemConfiguration
0x0000000002410000 	/usr/lib/libCRFSuite.dylib
0x0000000002410000 	/usr/lib/libc++.1.dylib
0x0000000002410000 	/usr/lib/libc++abi.dylib
0x0000000002410000 	/usr/lib/system/libcache.dylib
0x0000000002410000 	/usr/lib/system/libcommonCrypto.dylib
0x0000000002410000 	/usr/lib/system/libcompiler_rt.dylib
0x0000000002410000 	/usr/lib/system/libcopyfile.dylib
0x0000000002410000 	/usr/lib/system/libcorecrypto.dylib
0x0000000002410000 	/usr/lib/system/libdispatch.dylib
0x0000000002410000 	/usr/lib/system/libdyld.dylib
0x0000000002410000 	/usr/lib/system/libkeymgr.dylib
0x0000000002410000 	/usr/lib/system/liblaunch.dylib
0x0000000002410000 	/usr/lib/system/libmacho.dylib
0x0000000002410000 	/usr/lib/system/libquarantine.dylib
0x0000000002410000 	/usr/lib/system/libremovefile.dylib
0x0000000002410000 	/usr/lib/system/libsystem_asl.dylib
0x0000000002410000 	/usr/lib/system/libsystem_blocks.dylib
0x0000000002410000 	/usr/lib/system/libsystem_c.dylib
0x0000000002410000 	/usr/lib/system/libsystem_configuration.dylib
0x0000000002410000 	/usr/lib/system/libsystem_coreservices.dylib
0x0000000002410000 	/usr/lib/system/libsystem_coretls.dylib
0x0000000002410000 	/usr/lib/system/libsystem_dnssd.dylib
0x0000000002410000 	/usr/lib/system/libsystem_info.dylib
0x0000000002410000 	/usr/lib/system/libsystem_kernel.dylib
0x0000000002410000 	/usr/lib/system/libsystem_m.dylib
0x0000000002410000 	/usr/lib/system/libsystem_malloc.dylib
0x0000000002410000 	/usr/lib/system/libsystem_network.dylib
0x0000000002410000 	/usr/lib/system/libsystem_networkextension.dylib
0x0000000002410000 	/usr/lib/system/libsystem_notify.dylib
0x0000000002410000 	/usr/lib/system/libsystem_platform.dylib
0x0000000002410000 	/usr/lib/system/libsystem_pthread.dylib
0x0000000002410000 	/usr/lib/system/libsystem_sandbox.dylib
0x0000000002410000 	/usr/lib/system/libsystem_secinit.dylib
0x0000000002410000 	/usr/lib/system/libsystem_stats.dylib
0x0000000002410000 	/usr/lib/system/libsystem_trace.dylib
0x0000000002410000 	/usr/lib/system/libunc.dylib
0x0000000002410000 	/usr/lib/system/libunwind.dylib
0x0000000002410000 	/usr/lib/system/libxpc.dylib
0x0000000002410000 	/usr/lib/libbz2.1.0.dylib
0x0000000002410000 	/usr/lib/liblzma.5.dylib
0x0000000002410000 	/usr/lib/libbsm.0.dylib
0x0000000002410000 	/usr/lib/libsqlite3.dylib
0x0000000002410000 	/usr/lib/system/libkxld.dylib
0x0000000002410000 	/usr/lib/libxar.1.dylib
0x0000000002410000 	/usr/lib/libpam.2.dylib
0x0000000002410000 	/usr/lib/libOpenScriptingUtil.dylib
0x0000000002410000 	/System/Library/Frameworks/CoreServices.framework/Versions/A/Frameworks/FSEvents.framework/Versions/A/FSEvents
0x0000000002410000 	/System/Library/Frameworks/CoreServices.framework/Versions/A/Frameworks/CarbonCore.framework/Versions/A/CarbonCore
0x0000000002410000 	/System/Library/Frameworks/CoreServices.framework/Versions/A/Frameworks/Metadata.framework/Versions/A/Metadata
0x0000000002410000 	/System/Library/Frameworks/CoreServices.framework/Versions/A/Frameworks/OSServices.framework/Versions/A/OSServices
0x0000000002410000 	/System/Library/Frameworks/CoreServices.framework/Versions/A/Frameworks/SearchKit.framework/Versions/A/SearchKit
0x0000000002410000 	/System/Library/Frameworks/CoreServices.framework/Versions/A/Frameworks/AE.framework/Versions/A/AE
0x0000000002410000 	/System/Library/Frameworks/CoreServices.framework/Versions/A/Frameworks/LaunchServices.framework/Versions/A/LaunchServices
0x0000000002410000 	/System/Library/Frameworks/CoreServices.framework/Versions/A/Frameworks/DictionaryServices.framework/Versions/A/DictionaryServices
0x0000000002410000 	/System/Library/Frameworks/NetFS.framework/Versions/A/NetFS
0x0000000002410000 	/System/Library/PrivateFrameworks/NetAuth.framework/Versions/A/NetAuth
0x0000000002410000 	/System/Library/PrivateFrameworks/login.framework/Versions/A/Frameworks/loginsupport.framework/Versions/A/loginsupport
0x0000000002410000 	/System/Library/PrivateFrameworks/TCC.framework/Versions/A/TCC
0x0000000002410000 	/usr/lib/libmecabra.dylib
0x0000000002410000 	/System/Library/Frameworks/ApplicationServices.framework/Versions/A/Frameworks/ATS.framework/Versions/A/ATS
0x0000000002410000 	/System/Library/Frameworks/ApplicationServices.framework/Versions/A/Frameworks/ColorSync.framework/Versions/A/ColorSync
0x0000000002410000 	/System/Library/Frameworks/ApplicationServices.framework/Versions/A/Frameworks/HIServices.framework/Versions/A/HIServices
0x0000000002410000 	/System/Library/Frameworks/ApplicationServices.framework/Versions/A/Frameworks/LangAnalysis.framework/Versions/A/LangAnalysis
0x0000000002410000 	/System/Library/Frameworks/ApplicationServices.framework/Versions/A/Frameworks/PrintCore.framework/Versions/A/PrintCore
0x0000000002410000 	/System/Library/Frameworks/ApplicationServices.framework/Versions/A/Frameworks/QD.framework/Versions/A/QD
0x0000000002410000 	/System/Library/Frameworks/ApplicationServices.framework/Versions/A/Frameworks/SpeechSynthesis.framework/Versions/A/SpeechSynthesis
0x0000000002410000 	/System/Library/Frameworks/Accelerate.framework/Versions/A/Accelerate
0x0000000002410000 	/System/Library/Frameworks/Accelerate.framework/Versions/A/Frameworks/vImage.framework/Versions/A/vImage
0x0000000002410000 	/System/Library/Frameworks/Accelerate.framework/Versions/A/Frameworks/vecLib.framework/Versions/A/vecLib
0x0000000002410000 	/System/Library/Frameworks/Accelerate.framework/Versions/A/Frameworks/vecLib.framework/Versions/A/libvDSP.dylib
0x0000000002410000 	/System/Library/Frameworks/Accelerate.framework/Versions/A/Frameworks/vecLib.framework/Versions/A/libvMisc.dylib
0x0000000002410000 	/System/Library/Frameworks/Accelerate.framework/Versions/A/Frameworks/vecLib.framework/Versions/A/libLAPACK.dylib
0x0000000002410000 	/System/Library/Frameworks/Accelerate.framework/Versions/A/Frameworks/vecLib.framework/Versions/A/libBLAS.dylib
0x0000000002410000 	/System/Library/Frameworks/Accelerate.framework/Versions/A/Frameworks/vecLib.framework/Versions/A/libLinearAlgebra.dylib
0x0000000002410000 	/System/Library/Frameworks/ApplicationServices.framework/Versions/A/Frameworks/ATS.framework/Versions/A/Resources/libFontParser.dylib
0x0000000002410000 	/System/Library/Frameworks/ApplicationServices.framework/Versions/A/Frameworks/ATS.framework/Versions/A/Resources/libFontRegistry.dylib
0x0000000002410000 	/System/Library/PrivateFrameworks/AppleVPA.framework/Versions/A/AppleVPA
0x0000000002410000 	/System/Library/PrivateFrameworks/AppleJPEG.framework/Versions/A/AppleJPEG
0x0000000002410000 	/System/Library/Frameworks/ImageIO.framework/Versions/A/Resources/libJPEG.dylib
0x0000000002410000 	/System/Library/Frameworks/ImageIO.framework/Versions/A/Resources/libTIFF.dylib
0x0000000002410000 	/System/Library/Frameworks/ImageIO.framework/Versions/A/Resources/libPng.dylib
0x0000000002410000 	/System/Library/Frameworks/ImageIO.framework/Versions/A/Resources/libGIF.dylib
0x0000000002410000 	/System/Library/Frameworks/ImageIO.framework/Versions/A/Resources/libJP2.dylib
0x0000000002410000 	/System/Library/Frameworks/ImageIO.framework/Versions/A/Resources/libRadiance.dylib
0x0000000002410000 	/System/Library/Frameworks/CoreVideo.framework/Versions/A/CoreVideo
0x0000000002410000 	/System/Library/Frameworks/OpenGL.framework/Versions/A/Libraries/libGLU.dylib
0x0000000002410000 	/System/Library/Frameworks/OpenGL.framework/Versions/A/Libraries/libGFXShared.dylib
0x0000000002410000 	/System/Library/Frameworks/OpenGL.framework/Versions/A/Libraries/libGL.dylib
0x0000000002410000 	/System/Library/Frameworks/OpenGL.framework/Versions/A/Libraries/libGLImage.dylib
0x0000000002410000 	/System/Library/Frameworks/OpenGL.framework/Versions/A/Libraries/libCVMSPluginSupport.dylib
0x0000000002410000 	/System/Library/Frameworks/OpenGL.framework/Versions/A/Libraries/libCoreVMClient.dylib
0x0000000002410000 	/usr/lib/libcups.2.dylib
0x0000000002410000 	/System/Library/Frameworks/Kerberos.framework/Versions/A/Kerberos
0x0000000002410000 	/System/Library/Frameworks/GSS.framework/Versions/A/GSS
0x0000000002410000 	/usr/lib/libresolv.9.dylib
0x0000000002410000 	/usr/lib/libiconv.2.dylib
0x0000000002410000 	/System/Library/PrivateFrameworks/Heimdal.framework/Versions/A/Heimdal
0x0000000002410000 	/usr/lib/libheimdal-asn1.dylib
0x0000000002410000 	/System/Library/Frameworks/OpenDirectory.framework/Versions/A/OpenDirectory
0x0000000002410000 	/System/Library/PrivateFrameworks/CommonAuth.framework/Versions/A/CommonAuth
0x0000000002410000 	/System/Library/Frameworks/OpenDirectory.framework/Versions/A/Frameworks/CFOpenDirectory.framework/Versions/A/CFOpenDirectory
0x0000000002410000 	/System/Library/Frameworks/SecurityFoundation.framework/Versions/A/SecurityFoundation
0x0000000002410000 	/System/Library/PrivateFrameworks/LanguageModeling.framework/Versions/A/LanguageModeling
0x0000000002410000 	/usr/lib/libcmph.dylib
0x0000000002410000 	/System/Library/Frameworks/ServiceManagement.framework/Versions/A/ServiceManagement
0x0000000002410000 	/usr/lib/libxslt.1.dylib
0x0000000002410000 	/System/Library/Frameworks/Carbon.framework/Versions/A/Frameworks/Ink.framework/Versions/A/Ink
0x0000000002410000 	/System/Library/Frameworks/QuartzCore.framework/Versions/A/Frameworks/CoreImage.framework/Versions/A/CoreImage
0x0000000002410000 	/System/Library/PrivateFrameworks/CrashReporterSupport.framework/Versions/A/CrashReporterSupport
0x0000000002410000 	/System/Library/Frameworks/OpenCL.framework/Versions/A/OpenCL
0x0000000002410000 	/System/Library/PrivateFrameworks/FaceCore.framework/Versions/A/FaceCore
0x0000000002410000 	/System/Library/PrivateFrameworks/Ubiquity.framework/Versions/A/Ubiquity
0x0000000002410000 	/System/Library/PrivateFrameworks/IconServices.framework/Versions/A/IconServices
0x0000000002410000 	/System/Library/PrivateFrameworks/ChunkingLibrary.framework/Versions/A/ChunkingLibrary
0x0000000002410000 	/System/Library/PrivateFrameworks/Apple80211.framework/Versions/A/Apple80211
0x0000000002410000 	/System/Library/Frameworks/CoreWLAN.framework/Versions/A/CoreWLAN
0x0000000002410000 	/System/Library/Frameworks/IOBluetooth.framework/Versions/A/IOBluetooth
0x0000000002410000 	/System/Library/PrivateFrameworks/CoreWiFi.framework/Versions/A/CoreWiFi
0x0000000002410000 	/System/Library/Frameworks/CoreBluetooth.framework/Versions/A/CoreBluetooth
0x0000000002410000 	/System/Library/PrivateFrameworks/DebugSymbols.framework/Versions/A/DebugSymbols
0x0000000002410000 	/System/Library/PrivateFrameworks/CoreSymbolication.framework/Versions/A/CoreSymbolication
0x0000000002410000 	/System/Library/PrivateFrameworks/Symbolication.framework/Versions/A/Symbolication
0x0000000002410000 	/System/Library/PrivateFrameworks/SpeechRecognitionCore.framework/Versions/A/SpeechRecognitionCore
0x000000010c600000 	/Library/Java/JavaVirtualMachines/jdk1.8.0_20.jdk/Contents/Home/jre/lib/server/libjvm.dylib
0x0000000002410000 	/usr/lib/libstdc++.6.dylib
0x000000010b58a000 	/Library/Java/JavaVirtualMachines/jdk1.8.0_20.jdk/Contents/Home/jre/lib/libverify.dylib
0x000000010b598000 	/Library/Java/JavaVirtualMachines/jdk1.8.0_20.jdk/Contents/Home/jre/lib/libjava.dylib
0x000000010b5d6000 	/Library/Java/JavaVirtualMachines/jdk1.8.0_20.jdk/Contents/Home/jre/lib/libzip.dylib
0x00000001290ce000 	/System/Library/Frameworks/JavaVM.framework/Frameworks/JavaRuntimeSupport.framework/JavaRuntimeSupport
0x00000001290e6000 	/System/Library/Frameworks/JavaVM.framework/Versions/A/Frameworks/JavaNativeFoundation.framework/Versions/A/JavaNativeFoundation
0x00000001290fb000 	/System/Library/Frameworks/JavaVM.framework/Versions/A/JavaVM
0x0000000002410000 	/System/Library/Frameworks/Carbon.framework/Versions/A/Carbon
0x0000000129108000 	/System/Library/PrivateFrameworks/JavaLaunching.framework/Versions/A/JavaLaunching
0x0000000002410000 	/System/Library/Frameworks/Carbon.framework/Versions/A/Frameworks/CommonPanels.framework/Versions/A/CommonPanels
0x0000000002410000 	/System/Library/Frameworks/Carbon.framework/Versions/A/Frameworks/Help.framework/Versions/A/Help
0x0000000002410000 	/System/Library/Frameworks/Carbon.framework/Versions/A/Frameworks/ImageCapture.framework/Versions/A/ImageCapture
0x0000000002410000 	/System/Library/Frameworks/Carbon.framework/Versions/A/Frameworks/OpenScripting.framework/Versions/A/OpenScripting
0x0000000002410000 	/System/Library/Frameworks/Carbon.framework/Versions/A/Frameworks/Print.framework/Versions/A/Print
0x0000000002410000 	/System/Library/Frameworks/Carbon.framework/Versions/A/Frameworks/SecurityHI.framework/Versions/A/SecurityHI
0x000000012b067000 	/Library/Java/JavaVirtualMachines/jdk1.8.0_20.jdk/Contents/Home/jre/lib/libawt.dylib
0x000000012b116000 	/Library/Java/JavaVirtualMachines/jdk1.8.0_20.jdk/Contents/Home/jre/lib/./libmlib_image.dylib
0x000000012b1e2000 	/Library/Java/JavaVirtualMachines/jdk1.8.0_20.jdk/Contents/Home/jre/lib/libawt_lwawt.dylib
0x000000012b295000 	/Library/Java/JavaVirtualMachines/jdk1.8.0_20.jdk/Contents/Home/jre/lib/./libosxapp.dylib
0x0000000002410000 	/System/Library/Frameworks/ExceptionHandling.framework/Versions/A/ExceptionHandling
0x0000000002410000 	/System/Library/PrivateFrameworks/CoreServicesInternal.framework/Versions/A/CoreServicesInternal
0x0000000002410000 	/System/Library/PrivateFrameworks/CloudDocs.framework/Versions/A/CloudDocs
0x0000000002410000 	/System/Library/PrivateFrameworks/CoreDuet.framework/Versions/A/CoreDuet
0x0000000002410000 	/System/Library/Frameworks/CloudKit.framework/Versions/A/CloudKit
0x0000000002410000 	/System/Library/PrivateFrameworks/ProtocolBuffer.framework/Versions/A/ProtocolBuffer
0x0000000002410000 	/System/Library/PrivateFrameworks/CoreDuetDaemonProtocol.framework/Versions/A/CoreDuetDaemonProtocol
0x0000000002410000 	/System/Library/PrivateFrameworks/CoreDuetDebugLogging.framework/Versions/A/CoreDuetDebugLogging
0x0000000002410000 	/System/Library/Frameworks/CoreLocation.framework/Versions/A/CoreLocation
0x0000000002410000 	/System/Library/Frameworks/Accounts.framework/Versions/A/Accounts
0x0000000002410000 	/System/Library/PrivateFrameworks/ApplePushService.framework/Versions/A/ApplePushService
0x0000000002410000 	/System/Library/PrivateFrameworks/GeoServices.framework/Versions/A/GeoServices
0x0000000002410000 	/System/Library/PrivateFrameworks/OAuth.framework/Versions/A/OAuth
0x0000000002410000 	/System/Library/PrivateFrameworks/CoreDaemon.framework/Versions/B/CoreDaemon
0x0000000002410000 	/usr/lib/libcrypto.0.9.8.dylib
0x0000000002410000 	/System/Library/PrivateFrameworks/AppleSRP.framework/Versions/A/AppleSRP
0x0000000002410000 	/System/Library/PrivateFrameworks/TrustEvaluationAgent.framework/Versions/A/TrustEvaluationAgent
0x0000000002410000 	/System/Library/Frameworks/CoreGraphics.framework/Versions/A/Resources/libCGCMS.A.dylib
0x0000000002410000 	/System/Library/Frameworks/CoreGraphics.framework/Versions/A/Resources/libRIP.A.dylib
0x0000000002410000 	/System/Library/Frameworks/CoreGraphics.framework/Versions/A/Resources/libCGXType.A.dylib
0x0000000002410000 	/System/Library/Frameworks/OpenCL.framework/Versions/A/Libraries/libcldcpuengine.dylib
0x0000000002410000 	/System/Library/PrivateFrameworks/DiskImages.framework/Versions/A/DiskImages
0x0000000002410000 	/System/Library/Frameworks/DiscRecording.framework/Versions/A/DiscRecording
0x0000000002410000 	/usr/lib/libcsfde.dylib
0x0000000002410000 	/usr/lib/libcurl.4.dylib
0x0000000002410000 	/System/Library/PrivateFrameworks/MediaKit.framework/Versions/A/MediaKit
0x0000000002410000 	/System/Library/PrivateFrameworks/ProtectedCloudStorage.framework/Versions/A/ProtectedCloudStorage
0x0000000002410000 	/usr/lib/libCoreStorage.dylib
0x0000000002410000 	/System/Library/PrivateFrameworks/EFILogin.framework/Versions/A/EFILogin
0x0000000002410000 	/usr/lib/libutil.dylib
0x0000000002410000 	/System/Library/PrivateFrameworks/FindMyDevice.framework/Versions/A/FindMyDevice
0x0000000002410000 	/System/Library/Frameworks/LDAP.framework/Versions/A/LDAP
0x0000000002410000 	/usr/lib/libsasl2.2.dylib
0x000000012e4d7000 	cl_kernels
0x000000012e4d9000 	/System/Library/Frameworks/OpenCL.framework/Versions/A/Libraries/ImageFormats/unorm8_bgra.dylib
0x000000012e4c9000 	cl_kernels
0x0000000002410000 	/System/Library/PrivateFrameworks/FamilyControls.framework/Versions/A/FamilyControls
0x0000000002410000 	/System/Library/PrivateFrameworks/CommerceKit.framework/Versions/A/Frameworks/CommerceCore.framework/Versions/A/CommerceCore
0x0000000002410000 	/System/Library/PrivateFrameworks/SystemAdministration.framework/Versions/A/SystemAdministration
0x0000000002410000 	/System/Library/PrivateFrameworks/AppContainer.framework/Versions/A/AppContainer
0x0000000002410000 	/System/Library/PrivateFrameworks/SecCodeWrapper.framework/Versions/A/SecCodeWrapper
0x0000000002410000 	/System/Library/Frameworks/DirectoryService.framework/Versions/A/DirectoryService
0x0000000002410000 	/System/Library/PrivateFrameworks/LoginUIKit.framework/Versions/A/Frameworks/LoginUICore.framework/Versions/A/LoginUICore
0x0000000002410000 	/usr/lib/libodfde.dylib
0x000000012fa3f000 	/Library/Java/JavaVirtualMachines/jdk1.8.0_20.jdk/Contents/Home/jre/lib/libjpeg.dylib
0x0000000002410000 	/System/Library/Frameworks/OpenGL.framework/Versions/A/Resources/GLEngine.bundle/GLEngine
0x0000000002410000 	/System/Library/Frameworks/OpenGL.framework/Versions/A/Libraries/libGLProgrammability.dylib
0x0000000000000000 	/System/Library/Extensions/AppleIntelHD5000GraphicsGLDriver.bundle/Contents/MacOS/AppleIntelHD5000GraphicsGLDriver
0x0000000002410000 	/System/Library/PrivateFrameworks/IOAccelerator.framework/Versions/A/IOAccelerator
0x0000000002410000 	/System/Library/PrivateFrameworks/GPUSupport.framework/Versions/A/Libraries/libGPUSupportMercury.dylib
0x0000000000000000 	/System/Library/Extensions/GeForceGLDriver.bundle/Contents/MacOS/GeForceGLDriver
0x0000000002410000 	/System/Library/Extensions/GeForceGLDriver.bundle/Contents/MacOS/libclh.dylib
0x0000000002410000 	/System/Library/Frameworks/OpenGL.framework/Versions/A/Resources/GLRendererFloat.bundle/GLRendererFloat
0x0000000130ebd000 	/Library/Java/JavaVirtualMachines/jdk1.8.0_20.jdk/Contents/Home/jre/lib/libfontmanager.dylib
0x0000000130f23000 	/Library/Java/JavaVirtualMachines/jdk1.8.0_20.jdk/Contents/Home/jre/lib/libosxui.dylib
0x00000001312f0000 	/Library/Java/JavaVirtualMachines/jdk1.8.0_20.jdk/Contents/Home/jre/lib/libnet.dylib
0x0000000131307000 	/Library/Java/JavaVirtualMachines/jdk1.8.0_20.jdk/Contents/Home/jre/lib/libnio.dylib
0x0000000002410000 	/System/Library/Frameworks/Accelerate.framework/Versions/A/Frameworks/vImage.framework/Versions/A/Libraries/libCGInterfaces.dylib
0x00000001327f4000 	/Library/Java/Extensions/libCLIPSJNI.jnilib

VM Arguments:
jvm_args: -Dfile.encoding=UTF-8 
java_command: monitor1213.MonitorView
java_class_path (initial): /Users/toby/Copy/Developing/Esercizi-IA-Lab/PROGETTO_CLIPS/Progetto Finale/waitor/libs/CLIPSJNI.jar:/Users/toby/Copy/Developing/Esercizi-IA-Lab/PROGETTO_CLIPS/Progetto Finale/waitor/build/classes
Launcher Type: SUN_STANDARD

Environment Variables:
PATH=/usr/bin:/bin:/usr/sbin:/sbin
LD_LIBRARY_PATH=/Library/Java/JavaVirtualMachines/jdk1.8.0_20.jdk/Contents/Home/jre/lib/amd64:/Library/Java/JavaVirtualMachines/jdk1.8.0_20.jdk/Contents/Home/jre/lib/i386:
SHELL=/bin/bash
DISPLAY=/private/tmp/com.apple.launchd.nJjvueljzO/org.macosforge.xquartz:0
DYLD_LIBRARY_PATH=/Applications/NetBeans/NetBeans 8.0.app/Contents/Resources/NetBeans/webcommon/bin:

Signal Handlers:
SIGSEGV: [libjvm.dylib+0x578fd7], sa_mask[0]=11111111011111110111111111111111, sa_flags=SA_ONSTACK|SA_RESTART|SA_SIGINFO
SIGBUS: [libjvm.dylib+0x578fd7], sa_mask[0]=11111111011111110111111111111111, sa_flags=SA_RESTART|SA_SIGINFO
SIGFPE: [libjvm.dylib+0x45ab0c], sa_mask[0]=11111111011111110111111111111111, sa_flags=SA_RESTART|SA_SIGINFO
SIGPIPE: [libjvm.dylib+0x45ab0c], sa_mask[0]=11111111011111110111111111111111, sa_flags=SA_RESTART|SA_SIGINFO
SIGXFSZ: [libjvm.dylib+0x45ab0c], sa_mask[0]=11111111011111110111111111111111, sa_flags=SA_RESTART|SA_SIGINFO
SIGILL: [libjvm.dylib+0x45ab0c], sa_mask[0]=11111111011111110111111111111111, sa_flags=SA_RESTART|SA_SIGINFO
SIGUSR1: SIG_DFL, sa_mask[0]=00000000000000000000000000000000, sa_flags=none
SIGUSR2: [libjvm.dylib+0x45a62a], sa_mask[0]=00100000000000000000000000000000, sa_flags=SA_RESTART|SA_SIGINFO
SIGHUP: [libjvm.dylib+0x458bfd], sa_mask[0]=11111111011111110111111111111111, sa_flags=SA_RESTART|SA_SIGINFO
SIGINT: [libCLIPSJNI.jnilib+0xd6795], sa_mask[0]=00000000000000000000000000000000, sa_flags=SA_RESTART
SIGTERM: [libjvm.dylib+0x458bfd], sa_mask[0]=11111111011111110111111111111111, sa_flags=SA_RESTART|SA_SIGINFO
SIGQUIT: [libjvm.dylib+0x458bfd], sa_mask[0]=11111111011111110111111111111111, sa_flags=SA_RESTART|SA_SIGINFO


---------------  S Y S T E M  ---------------

OS:Bsduname:Darwin 14.1.0 Darwin Kernel Version 14.1.0: Mon Dec 22 23:10:38 PST 2014; root:xnu-2782.10.72~2/RELEASE_X86_64 x86_64
rlimit: STACK 8192k, CORE 0k, NPROC 709, NOFILE 10240, AS infinity
load average:1.75 1.42 1.28

CPU:total 8 (4 cores per cpu, 2 threads per core) family 6 model 70 stepping 1, cmov, cx8, fxsr, mmx, sse, sse2, sse3, ssse3, sse4.1, sse4.2, popcnt, avx, avx2, aes, clmul, erms, rtm, lzcnt, ht, tsc, tscinvbit, bmi1, bmi2

Memory: 4k page, physical 16777216k(3139172k free)

/proc/meminfo:


vm_info: Java HotSpot(TM) 64-Bit Server VM (25.20-b23) for bsd-amd64 JRE (1.8.0_20-b26), built on Jul 30 2014 13:37:47 by "java_re" with gcc 4.2.1 (Based on Apple Inc. build 5658) (LLVM build 2336.9.00)

time: Sun Feb  8 17:01:25 2015
elapsed time: 15 seconds (0d 0h 0m 15s)

