#
# A fatal error has been detected by the Java Runtime Environment:
#
#  SIGSEGV (0xb) at pc=0x000000012845a3e6, pid=2133, tid=60687
#
# JRE version: Java(TM) SE Runtime Environment (8.0_20-b26) (build 1.8.0_20-b26)
# Java VM: Java HotSpot(TM) 64-Bit Server VM (25.20-b23 mixed mode bsd-amd64 compressed oops)
# Problematic frame:
# C  [libCLIPSJNI.jnilib+0xe73e6]  ConvertSingleFieldValue+0x18e
#
# Failed to write core dump. Core dumps have been disabled. To enable core dumping, try "ulimit -c unlimited" before starting Java again
#
# If you would like to submit a bug report, please visit:
#   http://bugreport.sun.com/bugreport/crash.jsp
# The crash happened outside the Java Virtual Machine in native code.
# See problematic frame for where to report the bug.
#

---------------  T H R E A D  ---------------

Current thread (0x00007fb453b83800):  JavaThread "Thread-0" [_thread_in_native, id=60687, stack(0x00000001287cd000,0x00000001288cd000)]

siginfo: si_signo: 11 (SIGSEGV), si_code: 1 (SEGV_MAPERR), si_addr: 0x00000000ed9a55c1

Registers:
RAX=0x00000000ed9a55a9, RBX=0x00007fb45a2f6db0, RCX=0x0000000000000003, RDX=0x0000000102503d5c
RSP=0x00000001288cc340, RBP=0x00000001288cc3a0, RSI=0x00000001288cc4c0, RDI=0x00007fb453b839e8
R8 =0x00000000ed9a55a9, R9 =0x0000000000000001, R10=0x00007fb45a000000, R11=0x0000000000000543
R12=0x00007fb45a0dfd40, R13=0x00000001288cc558, R14=0x00000001288cc4f0, R15=0x00007fb453b83800
RIP=0x000000012845a3e6, EFLAGS=0x0000000000010246, ERR=0x0000000000000004
  TRAPNO=0x000000000000000e

Top of Stack: (sp=0x00000001288cc340)
0x00000001288cc340:   000000035a2f60c0 00000000ed9a55a9
0x00000001288cc350:   00000003288cc3a0 00007fb45a087cf0
0x00000001288cc360:   00000001288cc4c0 00007fb453b839e8
0x00000001288cc370:   0000000100f2b000 0000000000000000
0x00000001288cc380:   00007fb45a0dfd40 0000000000000000
0x00000001288cc390:   00007fb45a0dfd40 00007fb45a2f6db0
0x00000001288cc3a0:   00000001288cc410 000000012845a246
0x00000001288cc3b0:   00000003288cc410 00000001283bc54f
0x00000001288cc3c0:   00000001288cc450 00007fb45a087cf0
0x00000001288cc3d0:   00000001288cc4c0 00007fb453b839e8
0x00000001288cc3e0:   00000001288cc410 000000010250402a
0x00000001288cc3f0:   00007fb453b839e8 00007fb45a2f6db0
0x00000001288cc400:   0000000000000000 00007fb453b83800
0x00000001288cc410:   00000001288cc4b0 000000012845a9ef
0x00000001288cc420:   00000001288cc4d8 00007fb45a2f6db0
0x00000001288cc430:   00007fb45a087cf0 00000001288cc4c0
0x00000001288cc440:   00000001288cc4f0 00007fb453b839e8
0x00000001288cc450:   00000001288cc570 00000001288c0003
0x00000001288cc460:   00000000ed9a55a9 000000010336e9b9
0x00000001288cc470:   000000076cd2ad90 0000000103330437
0x00000001288cc480:   00007fb4561ef1e8 00007fb45a0dfd40
0x00000001288cc490:   00007fb45a087cf0 00007fb45a102e58
0x00000001288cc4a0:   000000012bd50050 0000000000000000
0x00000001288cc4b0:   00000001288cc500 0000000103469763
0x00000001288cc4c0:   000000076be6c4c0 000000010366aa2c
0x00000001288cc4d0:   00000001288cc568 000000076bbdf148
0x00000001288cc4e0:   0000000103120310 0000000100000000
0x00000001288cc4f0:   000000076be68b68 00000001288cc568
0x00000001288cc500:   00000000ed9a5427 00000001036b8680
0x00000001288cc510:   00000001288cc5b8 0000000103461c14
0x00000001288cc520:   000000076cd2ad20 000000076cd2ad30
0x00000001288cc530:   000000076cd2ad78 0000000000000000 

Instructions: (pc=0x000000012845a3e6)
0x000000012845a3c6:   8b 75 d8 48 8b 7d c8 ff d0 e9 52 03 00 00 48 8b
0x000000012845a3d6:   45 c8 48 8b 00 48 8b 90 38 05 00 00 48 8b 45 a8
0x000000012845a3e6:   48 8b 70 18 48 8b 7d c8 ff d2 48 89 45 d8 48 8b
0x000000012845a3f6:   45 c8 48 8b 00 4c 8b 80 e0 00 00 00 48 8b 45 b8 

Register to memory mapping:

RAX=0x00000000ed9a55a9 is an unknown value
RBX=0x00007fb45a2f6db0 is an unknown value
RCX=0x0000000000000003 is an unknown value
RDX=0x0000000102503d5c: jni_NewStringUTF+0 in /Library/Java/JavaVirtualMachines/jdk1.8.0_20.jdk/Contents/Home/jre/lib/server/libjvm.dylib at 0x0000000102200000
RSP=0x00000001288cc340 is pointing into the stack for thread: 0x00007fb453b83800
RBP=0x00000001288cc3a0 is pointing into the stack for thread: 0x00007fb453b83800
RSI=0x00000001288cc4c0 is pointing into the stack for thread: 0x00007fb453b83800
RDI=0x00007fb453b839e8 is an unknown value
R8 =0x00000000ed9a55a9 is an unknown value
R9 =0x0000000000000001 is an unknown value
R10=0x00007fb45a000000 is an unknown value
R11=0x0000000000000543 is an unknown value
R12=0x00007fb45a0dfd40 is an unknown value
R13=0x00000001288cc558 is pointing into the stack for thread: 0x00007fb453b83800
R14=0x00000001288cc4f0 is pointing into the stack for thread: 0x00007fb453b83800
R15=0x00007fb453b83800 is a thread


Stack: [0x00000001287cd000,0x00000001288cd000],  sp=0x00000001288cc340,  free space=1020k
Native frames: (J=compiled Java code, j=interpreted, Vv=VM code, C=native code)
C  [libCLIPSJNI.jnilib+0xe73e6]  ConvertSingleFieldValue+0x18e
C  [libCLIPSJNI.jnilib+0xe7246]  ConvertDataObject+0x249
C  [libCLIPSJNI.jnilib+0xe79ef]  Java_CLIPSJNI_Environment_getFactSlot+0xcd
J 1072  CLIPSJNI.Environment.getFactSlot(LCLIPSJNI/Environment;JJLjava/lang/String;)LCLIPSJNI/PrimitiveValue; (0 bytes) @ 0x0000000103469763 [0x0000000103469680+0xe3]
J 1920 C2 CLIPSJNI.FactAddressValue.getFactSlot(Ljava/lang/String;)LCLIPSJNI/PrimitiveValue; (6 bytes) @ 0x00000001036b8680 [0x00000001036b8620+0x60]

Java frames: (J=compiled Java code, j=interpreted, Vv=VM code)
J 1072  CLIPSJNI.Environment.getFactSlot(LCLIPSJNI/Environment;JJLjava/lang/String;)LCLIPSJNI/PrimitiveValue; (0 bytes) @ 0x00000001034696e9 [0x0000000103469680+0x69]
J 1920 C2 CLIPSJNI.FactAddressValue.getFactSlot(Ljava/lang/String;)LCLIPSJNI/PrimitiveValue; (6 bytes) @ 0x00000001036b8680 [0x00000001036b8620+0x60]
j  xclipsjni.ClipsCore.findAllFacts(Ljava/lang/String;Ljava/lang/String;[Ljava/lang/String;)[[Ljava/lang/String;+154
j  monitor1213.MonitorModel.findAllFacts(Ljava/lang/String;Ljava/lang/String;[Ljava/lang/String;)[[Ljava/lang/String;+7
j  monitor1213.MonitorView.updateOutput()V+76
j  monitor1213.MonitorView.onAction()V+5
j  xclipsjni.ClipsView.update(Ljava/util/Observable;Ljava/lang/Object;)V+31
j  java.util.Observable.notifyObservers(Ljava/lang/Object;)V+55
j  xclipsjni.ClipsModel.run()V+502
j  java.lang.Thread.run()V+11
v  ~StubRoutines::call_stub

---------------  P R O C E S S  ---------------

Java Threads: ( => current thread )
=>0x00007fb453b83800 JavaThread "Thread-0" [_thread_in_native, id=60687, stack(0x00000001287cd000,0x00000001288cd000)]
  0x00007fb455226800 JavaThread "TimerQueue" daemon [_thread_blocked, id=65347, stack(0x000000013727c000,0x000000013737c000)]
  0x00007fb456347000 JavaThread "DestroyJavaVM" [_thread_blocked, id=4867, stack(0x0000000101027000,0x0000000101127000)]
  0x00007fb4561ef000 JavaThread "AWT-EventQueue-0" [_thread_in_Java, id=56579, stack(0x00000001269f4000,0x0000000126af4000)]
  0x00007fb4561f0000 JavaThread "Java2D Queue Flusher" daemon [_thread_blocked, id=54023, stack(0x00000001256ca000,0x00000001257ca000)]
  0x00007fb4560bb800 JavaThread "Java2D Disposer" daemon [_thread_blocked, id=45603, stack(0x0000000125459000,0x0000000125559000)]
  0x00007fb455094000 JavaThread "AWT-Shutdown" [_thread_blocked, id=31239, stack(0x00000001223cf000,0x00000001224cf000)]
  0x00007fb455042800 JavaThread "AppKit Thread" daemon [_thread_in_native, id=1811, stack(0x00007fff5e4ef000,0x00007fff5ecef000)]
  0x00007fb453849000 JavaThread "Service Thread" daemon [_thread_blocked, id=20739, stack(0x00000001209c9000,0x0000000120ac9000)]
  0x00007fb453850000 JavaThread "C1 CompilerThread3" daemon [_thread_blocked, id=20227, stack(0x00000001208c6000,0x00000001209c6000)]
  0x00007fb456002000 JavaThread "C2 CompilerThread2" daemon [_thread_blocked, id=19715, stack(0x00000001207c3000,0x00000001208c3000)]
  0x00007fb456001000 JavaThread "C2 CompilerThread1" daemon [_thread_blocked, id=19203, stack(0x00000001206c0000,0x00000001207c0000)]
  0x00007fb45502a000 JavaThread "C2 CompilerThread0" daemon [_thread_blocked, id=18691, stack(0x00000001205bd000,0x00000001206bd000)]
  0x00007fb455011000 JavaThread "Signal Dispatcher" daemon [_thread_blocked, id=14611, stack(0x00000001204ba000,0x00000001205ba000)]
  0x00007fb455005000 JavaThread "Finalizer" daemon [_thread_blocked, id=13571, stack(0x000000011eb74000,0x000000011ec74000)]
  0x00007fb455004000 JavaThread "Reference Handler" daemon [_thread_blocked, id=13059, stack(0x000000011ea71000,0x000000011eb71000)]

Other Threads:
  0x00007fb45386f000 VMThread [stack: 0x000000011e96e000,0x000000011ea6e000] [id=12547]
  0x00007fb45384a000 WatcherThread [stack: 0x0000000120acc000,0x0000000120bcc000] [id=21251]

VM state:not at safepoint (normal execution)

VM Mutex/Monitor currently owned by a thread: None

Heap:
 PSYoungGen      total 76288K, used 36972K [0x000000076ab00000, 0x0000000770000000, 0x00000007c0000000)
  eden space 65536K, 56% used [0x000000076ab00000,0x000000076cf1b020,0x000000076eb00000)
  from space 10752K, 0% used [0x000000076f580000,0x000000076f580000,0x0000000770000000)
  to   space 10752K, 0% used [0x000000076eb00000,0x000000076eb00000,0x000000076f580000)
 ParOldGen       total 175104K, used 0K [0x00000006c0000000, 0x00000006cab00000, 0x000000076ab00000)
  object space 175104K, 0% used [0x00000006c0000000,0x00000006c0000000,0x00000006cab00000)
 Metaspace       used 14674K, capacity 14874K, committed 15104K, reserved 1062912K
  class space    used 1889K, capacity 1937K, committed 2048K, reserved 1048576K

Card table byte_map: [0x00000001124db000,0x0000000112cdc000] byte_map_base: 0x000000010eedb000

Marking Bits: (ParMarkBitMap*) 0x0000000102a9c330
 Begin Bits: [0x0000000113a4a000, 0x0000000117a4a000)
 End Bits:   [0x0000000117a4a000, 0x000000011ba4a000)

Polling page: 0x000000010116b000

CodeCache: size=245760Kb used=5891Kb max_used=5928Kb free=239868Kb
 bounds [0x000000010311b000, 0x00000001036fb000, 0x000000011211b000]
 total_blobs=2468 nmethods=1930 adapters=450
 compilation: enabled

Compilation events (10 events):
Event: 10.458 Thread 0x00007fb456002000 1931       4       java.util.HashMap::clear (50 bytes)
Event: 10.458 Thread 0x00007fb453850000 nmethod 1930 0x00000001036c3110 code [0x00000001036c32a0, 0x00000001036c3688]
Event: 10.458 Thread 0x00007fb453850000 1932       3       java.awt.geom.AffineTransform::setToScale (66 bytes)
Event: 10.459 Thread 0x00007fb453850000 nmethod 1932 0x00000001036c5f90 code [0x00000001036c6120, 0x00000001036c63b0]
Event: 10.459 Thread 0x00007fb456001000 nmethod 1904 0x00000001036c6450 code [0x00000001036c6700, 0x00000001036c7800]
Event: 10.459 Thread 0x00007fb453850000 1933       3       sun.awt.NullComponentPeer::layout (1 bytes)
Event: 10.459 Thread 0x00007fb456002000 nmethod 1931 0x00000001036c44d0 code [0x00000001036c4620, 0x00000001036c4718]
Event: 10.460 Thread 0x00007fb453850000 nmethod 1933 0x00000001036c41d0 code [0x00000001036c4320, 0x00000001036c4470]
Event: 10.699 Thread 0x00007fb45502a000 nmethod 1767 0x00000001036d2dd0 code [0x00000001036d3a00, 0x00000001036dca70]
Event: 10.960 Thread 0x00007fb453850000 1934       3       javax.swing.plaf.basic.BasicTextUI::getVisibleEditorRect (106 bytes)

GC Heap History (0 events):
No events

Deoptimization events (5 events):
Event: 0.427 Thread 0x00007fb453810800 Uncommon trap: reason=class_check action=maybe_recompile pc=0x00000001032c19e4 method=java.io.BufferedInputStream.fill()V @ 214
Event: 0.883 Thread 0x00007fb453810800 Uncommon trap: reason=class_check action=maybe_recompile pc=0x00000001032e1cc0 method=java.lang.String.equals(Ljava/lang/Object;)Z @ 8
Event: 0.883 Thread 0x00007fb453810800 Uncommon trap: reason=class_check action=maybe_recompile pc=0x00000001032e1cc0 method=java.lang.String.equals(Ljava/lang/Object;)Z @ 8
Event: 0.883 Thread 0x00007fb453810800 Uncommon trap: reason=class_check action=maybe_recompile pc=0x00000001032e1cc0 method=java.lang.String.equals(Ljava/lang/Object;)Z @ 8
Event: 0.883 Thread 0x00007fb453810800 Uncommon trap: reason=class_check action=maybe_recompile pc=0x00000001032e1cc0 method=java.lang.String.equals(Ljava/lang/Object;)Z @ 8

Internal exceptions (10 events):
Event: 2.521 Thread 0x00007fb4561ef000 Exception <a 'java/security/PrivilegedActionException'> (0x000000076be81640) thrown at [/HUDSON3/workspace/8-2-build-macosx-x86_64/jdk8u20/1074/hotspot/src/share/vm/prims/jvm.cpp, line 1275]
Event: 2.521 Thread 0x00007fb4561ef000 Exception <a 'java/security/PrivilegedActionException'> (0x000000076be848f8) thrown at [/HUDSON3/workspace/8-2-build-macosx-x86_64/jdk8u20/1074/hotspot/src/share/vm/prims/jvm.cpp, line 1275]
Event: 2.521 Thread 0x00007fb4561ef000 Exception <a 'java/security/PrivilegedActionException'> (0x000000076be89160) thrown at [/HUDSON3/workspace/8-2-build-macosx-x86_64/jdk8u20/1074/hotspot/src/share/vm/prims/jvm.cpp, line 1275]
Event: 2.522 Thread 0x00007fb4561ef000 Exception <a 'java/security/PrivilegedActionException'> (0x000000076be8cf80) thrown at [/HUDSON3/workspace/8-2-build-macosx-x86_64/jdk8u20/1074/hotspot/src/share/vm/prims/jvm.cpp, line 1275]
Event: 2.522 Thread 0x00007fb4561ef000 Exception <a 'java/security/PrivilegedActionException'> (0x000000076be90da8) thrown at [/HUDSON3/workspace/8-2-build-macosx-x86_64/jdk8u20/1074/hotspot/src/share/vm/prims/jvm.cpp, line 1275]
Event: 2.560 Thread 0x00007fb4561ef000 Exception <a 'java/security/PrivilegedActionException'> (0x000000076be99080) thrown at [/HUDSON3/workspace/8-2-build-macosx-x86_64/jdk8u20/1074/hotspot/src/share/vm/prims/jvm.cpp, line 1275]
Event: 2.562 Thread 0x00007fb4561ef000 Exception <a 'java/security/PrivilegedActionException'> (0x000000076bea3c30) thrown at [/HUDSON3/workspace/8-2-build-macosx-x86_64/jdk8u20/1074/hotspot/src/share/vm/prims/jvm.cpp, line 1275]
Event: 2.628 Thread 0x00007fb4561ef000 Exception <a 'java/lang/ArrayIndexOutOfBoundsException': 1> (0x000000076bf00558) thrown at [/HUDSON3/workspace/8-2-build-macosx-x86_64/jdk8u20/1074/hotspot/src/share/vm/interpreter/interpreterRuntime.cpp, line 366]
Event: 2.628 Thread 0x00007fb4561ef000 Exception <a 'java/lang/ArrayIndexOutOfBoundsException'> (0x000000076bf00558) thrown at [/HUDSON3/workspace/8-2-build-macosx-x86_64/jdk8u20/1074/hotspot/src/share/vm/prims/jvm.cpp, line 1279]
Event: 2.628 Thread 0x00007fb4561ef000 Exception <a 'java/lang/ArrayIndexOutOfBoundsException'> (0x000000076bf00558) thrown at [/HUDSON3/workspace/8-2-build-macosx-x86_64/jdk8u20/1074/hotspot/src/share/vm/prims/jvm.cpp, line 1279]

Events (10 events):
Event: 8.375 Executing VM operation: RevokeBias
Event: 8.375 Executing VM operation: RevokeBias done
Event: 8.903 Executing VM operation: RevokeBias
Event: 8.903 Executing VM operation: RevokeBias done
Event: 9.413 Executing VM operation: RevokeBias
Event: 9.414 Executing VM operation: RevokeBias done
Event: 9.934 Executing VM operation: RevokeBias
Event: 9.935 Executing VM operation: RevokeBias done
Event: 10.451 Executing VM operation: RevokeBias
Event: 10.451 Executing VM operation: RevokeBias done


Dynamic libraries:
0x0000000002410000 	/System/Library/Frameworks/Cocoa.framework/Versions/A/Cocoa
0x0000000002410000 	/System/Library/Frameworks/Security.framework/Versions/A/Security
0x0000000002410000 	/System/Library/Frameworks/ApplicationServices.framework/Versions/A/ApplicationServices
0x0000000002410000 	/usr/lib/libz.1.dylib
0x0000000002410000 	/usr/lib/libSystem.B.dylib
0x0000000002410000 	/usr/lib/libobjc.A.dylib
0x0000000002410000 	/System/Library/Frameworks/CoreFoundation.framework/Versions/A/CoreFoundation
0x0000000002410000 	/System/Library/Frameworks/Foundation.framework/Versions/C/Foundation
0x0000000002410000 	/System/Library/Frameworks/AppKit.framework/Versions/C/AppKit
0x0000000002410000 	/System/Library/Frameworks/CoreData.framework/Versions/A/CoreData
0x0000000002410000 	/System/Library/PrivateFrameworks/RemoteViewServices.framework/Versions/A/RemoteViewServices
0x0000000002410000 	/System/Library/PrivateFrameworks/UIFoundation.framework/Versions/A/UIFoundation
0x0000000002410000 	/System/Library/Frameworks/IOSurface.framework/Versions/A/IOSurface
0x0000000002410000 	/System/Library/Frameworks/AudioToolbox.framework/Versions/A/AudioToolbox
0x0000000002410000 	/System/Library/Frameworks/AudioUnit.framework/Versions/A/AudioUnit
0x0000000002410000 	/System/Library/PrivateFrameworks/DataDetectorsCore.framework/Versions/A/DataDetectorsCore
0x0000000002410000 	/System/Library/PrivateFrameworks/DesktopServicesPriv.framework/Versions/A/DesktopServicesPriv
0x0000000002410000 	/System/Library/Frameworks/Carbon.framework/Versions/A/Frameworks/HIToolbox.framework/Versions/A/HIToolbox
0x0000000002410000 	/System/Library/Frameworks/QuartzCore.framework/Versions/A/QuartzCore
0x0000000002410000 	/System/Library/Frameworks/Carbon.framework/Versions/A/Frameworks/SpeechRecognition.framework/Versions/A/SpeechRecognition
0x0000000002410000 	/usr/lib/libauto.dylib
0x0000000002410000 	/usr/lib/libicucore.A.dylib
0x0000000002410000 	/usr/lib/libxml2.2.dylib
0x0000000002410000 	/System/Library/PrivateFrameworks/CoreUI.framework/Versions/A/CoreUI
0x0000000002410000 	/System/Library/Frameworks/CoreAudio.framework/Versions/A/CoreAudio
0x0000000002410000 	/System/Library/Frameworks/DiskArbitration.framework/Versions/A/DiskArbitration
0x0000000002410000 	/usr/lib/liblangid.dylib
0x0000000002410000 	/System/Library/PrivateFrameworks/MultitouchSupport.framework/Versions/A/MultitouchSupport
0x0000000002410000 	/System/Library/Frameworks/IOKit.framework/Versions/A/IOKit
0x0000000002410000 	/usr/lib/libDiagnosticMessagesClient.dylib
0x0000000002410000 	/System/Library/Frameworks/CoreServices.framework/Versions/A/CoreServices
0x0000000002410000 	/System/Library/PrivateFrameworks/PerformanceAnalysis.framework/Versions/A/PerformanceAnalysis
0x0000000002410000 	/System/Library/PrivateFrameworks/GenerationalStorage.framework/Versions/A/GenerationalStorage
0x0000000002410000 	/System/Library/Frameworks/OpenGL.framework/Versions/A/OpenGL
0x0000000002410000 	/System/Library/PrivateFrameworks/Sharing.framework/Versions/A/Sharing
0x0000000002410000 	/System/Library/Frameworks/CoreGraphics.framework/Versions/A/CoreGraphics
0x0000000002410000 	/System/Library/Frameworks/CoreText.framework/Versions/A/CoreText
0x0000000002410000 	/System/Library/Frameworks/ImageIO.framework/Versions/A/ImageIO
0x0000000002410000 	/usr/lib/libextension.dylib
0x0000000002410000 	/System/Library/PrivateFrameworks/Backup.framework/Versions/A/Backup
0x0000000002410000 	/usr/lib/libarchive.2.dylib
0x0000000002410000 	/System/Library/Frameworks/CFNetwork.framework/Versions/A/CFNetwork
0x0000000002410000 	/System/Library/Frameworks/SystemConfiguration.framework/Versions/A/SystemConfiguration
0x0000000002410000 	/usr/lib/libCRFSuite.dylib
0x0000000002410000 	/usr/lib/libc++.1.dylib
0x0000000002410000 	/usr/lib/libc++abi.dylib
0x0000000002410000 	/usr/lib/system/libcache.dylib
0x0000000002410000 	/usr/lib/system/libcommonCrypto.dylib
0x0000000002410000 	/usr/lib/system/libcompiler_rt.dylib
0x0000000002410000 	/usr/lib/system/libcopyfile.dylib
0x0000000002410000 	/usr/lib/system/libcorecrypto.dylib
0x0000000002410000 	/usr/lib/system/libdispatch.dylib
0x0000000002410000 	/usr/lib/system/libdyld.dylib
0x0000000002410000 	/usr/lib/system/libkeymgr.dylib
0x0000000002410000 	/usr/lib/system/liblaunch.dylib
0x0000000002410000 	/usr/lib/system/libmacho.dylib
0x0000000002410000 	/usr/lib/system/libquarantine.dylib
0x0000000002410000 	/usr/lib/system/libremovefile.dylib
0x0000000002410000 	/usr/lib/system/libsystem_asl.dylib
0x0000000002410000 	/usr/lib/system/libsystem_blocks.dylib
0x0000000002410000 	/usr/lib/system/libsystem_c.dylib
0x0000000002410000 	/usr/lib/system/libsystem_configuration.dylib
0x0000000002410000 	/usr/lib/system/libsystem_coreservices.dylib
0x0000000002410000 	/usr/lib/system/libsystem_coretls.dylib
0x0000000002410000 	/usr/lib/system/libsystem_dnssd.dylib
0x0000000002410000 	/usr/lib/system/libsystem_info.dylib
0x0000000002410000 	/usr/lib/system/libsystem_kernel.dylib
0x0000000002410000 	/usr/lib/system/libsystem_m.dylib
0x0000000002410000 	/usr/lib/system/libsystem_malloc.dylib
0x0000000002410000 	/usr/lib/system/libsystem_network.dylib
0x0000000002410000 	/usr/lib/system/libsystem_networkextension.dylib
0x0000000002410000 	/usr/lib/system/libsystem_notify.dylib
0x0000000002410000 	/usr/lib/system/libsystem_platform.dylib
0x0000000002410000 	/usr/lib/system/libsystem_pthread.dylib
0x0000000002410000 	/usr/lib/system/libsystem_sandbox.dylib
0x0000000002410000 	/usr/lib/system/libsystem_secinit.dylib
0x0000000002410000 	/usr/lib/system/libsystem_stats.dylib
0x0000000002410000 	/usr/lib/system/libsystem_trace.dylib
0x0000000002410000 	/usr/lib/system/libunc.dylib
0x0000000002410000 	/usr/lib/system/libunwind.dylib
0x0000000002410000 	/usr/lib/system/libxpc.dylib
0x0000000002410000 	/usr/lib/libbz2.1.0.dylib
0x0000000002410000 	/usr/lib/liblzma.5.dylib
0x0000000002410000 	/usr/lib/libbsm.0.dylib
0x0000000002410000 	/usr/lib/libsqlite3.dylib
0x0000000002410000 	/usr/lib/system/libkxld.dylib
0x0000000002410000 	/usr/lib/libxar.1.dylib
0x0000000002410000 	/usr/lib/libpam.2.dylib
0x0000000002410000 	/usr/lib/libOpenScriptingUtil.dylib
0x0000000002410000 	/System/Library/Frameworks/CoreServices.framework/Versions/A/Frameworks/FSEvents.framework/Versions/A/FSEvents
0x0000000002410000 	/System/Library/Frameworks/CoreServices.framework/Versions/A/Frameworks/CarbonCore.framework/Versions/A/CarbonCore
0x0000000002410000 	/System/Library/Frameworks/CoreServices.framework/Versions/A/Frameworks/Metadata.framework/Versions/A/Metadata
0x0000000002410000 	/System/Library/Frameworks/CoreServices.framework/Versions/A/Frameworks/OSServices.framework/Versions/A/OSServices
0x0000000002410000 	/System/Library/Frameworks/CoreServices.framework/Versions/A/Frameworks/SearchKit.framework/Versions/A/SearchKit
0x0000000002410000 	/System/Library/Frameworks/CoreServices.framework/Versions/A/Frameworks/AE.framework/Versions/A/AE
0x0000000002410000 	/System/Library/Frameworks/CoreServices.framework/Versions/A/Frameworks/LaunchServices.framework/Versions/A/LaunchServices
0x0000000002410000 	/System/Library/Frameworks/CoreServices.framework/Versions/A/Frameworks/DictionaryServices.framework/Versions/A/DictionaryServices
0x0000000002410000 	/System/Library/Frameworks/NetFS.framework/Versions/A/NetFS
0x0000000002410000 	/System/Library/PrivateFrameworks/NetAuth.framework/Versions/A/NetAuth
0x0000000002410000 	/System/Library/PrivateFrameworks/login.framework/Versions/A/Frameworks/loginsupport.framework/Versions/A/loginsupport
0x0000000002410000 	/System/Library/PrivateFrameworks/TCC.framework/Versions/A/TCC
0x0000000002410000 	/usr/lib/libmecabra.dylib
0x0000000002410000 	/System/Library/Frameworks/ApplicationServices.framework/Versions/A/Frameworks/ATS.framework/Versions/A/ATS
0x0000000002410000 	/System/Library/Frameworks/ApplicationServices.framework/Versions/A/Frameworks/ColorSync.framework/Versions/A/ColorSync
0x0000000002410000 	/System/Library/Frameworks/ApplicationServices.framework/Versions/A/Frameworks/HIServices.framework/Versions/A/HIServices
0x0000000002410000 	/System/Library/Frameworks/ApplicationServices.framework/Versions/A/Frameworks/LangAnalysis.framework/Versions/A/LangAnalysis
0x0000000002410000 	/System/Library/Frameworks/ApplicationServices.framework/Versions/A/Frameworks/PrintCore.framework/Versions/A/PrintCore
0x0000000002410000 	/System/Library/Frameworks/ApplicationServices.framework/Versions/A/Frameworks/QD.framework/Versions/A/QD
0x0000000002410000 	/System/Library/Frameworks/ApplicationServices.framework/Versions/A/Frameworks/SpeechSynthesis.framework/Versions/A/SpeechSynthesis
0x0000000002410000 	/System/Library/Frameworks/Accelerate.framework/Versions/A/Accelerate
0x0000000002410000 	/System/Library/Frameworks/Accelerate.framework/Versions/A/Frameworks/vImage.framework/Versions/A/vImage
0x0000000002410000 	/System/Library/Frameworks/Accelerate.framework/Versions/A/Frameworks/vecLib.framework/Versions/A/vecLib
0x0000000002410000 	/System/Library/Frameworks/Accelerate.framework/Versions/A/Frameworks/vecLib.framework/Versions/A/libvDSP.dylib
0x0000000002410000 	/System/Library/Frameworks/Accelerate.framework/Versions/A/Frameworks/vecLib.framework/Versions/A/libvMisc.dylib
0x0000000002410000 	/System/Library/Frameworks/Accelerate.framework/Versions/A/Frameworks/vecLib.framework/Versions/A/libLAPACK.dylib
0x0000000002410000 	/System/Library/Frameworks/Accelerate.framework/Versions/A/Frameworks/vecLib.framework/Versions/A/libBLAS.dylib
0x0000000002410000 	/System/Library/Frameworks/Accelerate.framework/Versions/A/Frameworks/vecLib.framework/Versions/A/libLinearAlgebra.dylib
0x0000000002410000 	/System/Library/Frameworks/ApplicationServices.framework/Versions/A/Frameworks/ATS.framework/Versions/A/Resources/libFontParser.dylib
0x0000000002410000 	/System/Library/Frameworks/ApplicationServices.framework/Versions/A/Frameworks/ATS.framework/Versions/A/Resources/libFontRegistry.dylib
0x0000000002410000 	/System/Library/PrivateFrameworks/AppleVPA.framework/Versions/A/AppleVPA
0x0000000002410000 	/System/Library/PrivateFrameworks/AppleJPEG.framework/Versions/A/AppleJPEG
0x0000000002410000 	/System/Library/Frameworks/ImageIO.framework/Versions/A/Resources/libJPEG.dylib
0x0000000002410000 	/System/Library/Frameworks/ImageIO.framework/Versions/A/Resources/libTIFF.dylib
0x0000000002410000 	/System/Library/Frameworks/ImageIO.framework/Versions/A/Resources/libPng.dylib
0x0000000002410000 	/System/Library/Frameworks/ImageIO.framework/Versions/A/Resources/libGIF.dylib
0x0000000002410000 	/System/Library/Frameworks/ImageIO.framework/Versions/A/Resources/libJP2.dylib
0x0000000002410000 	/System/Library/Frameworks/ImageIO.framework/Versions/A/Resources/libRadiance.dylib
0x0000000002410000 	/System/Library/Frameworks/CoreVideo.framework/Versions/A/CoreVideo
0x0000000002410000 	/System/Library/Frameworks/OpenGL.framework/Versions/A/Libraries/libGLU.dylib
0x0000000002410000 	/System/Library/Frameworks/OpenGL.framework/Versions/A/Libraries/libGFXShared.dylib
0x0000000002410000 	/System/Library/Frameworks/OpenGL.framework/Versions/A/Libraries/libGL.dylib
0x0000000002410000 	/System/Library/Frameworks/OpenGL.framework/Versions/A/Libraries/libGLImage.dylib
0x0000000002410000 	/System/Library/Frameworks/OpenGL.framework/Versions/A/Libraries/libCVMSPluginSupport.dylib
0x0000000002410000 	/System/Library/Frameworks/OpenGL.framework/Versions/A/Libraries/libCoreVMClient.dylib
0x0000000002410000 	/usr/lib/libcups.2.dylib
0x0000000002410000 	/System/Library/Frameworks/Kerberos.framework/Versions/A/Kerberos
0x0000000002410000 	/System/Library/Frameworks/GSS.framework/Versions/A/GSS
0x0000000002410000 	/usr/lib/libresolv.9.dylib
0x0000000002410000 	/usr/lib/libiconv.2.dylib
0x0000000002410000 	/System/Library/PrivateFrameworks/Heimdal.framework/Versions/A/Heimdal
0x0000000002410000 	/usr/lib/libheimdal-asn1.dylib
0x0000000002410000 	/System/Library/Frameworks/OpenDirectory.framework/Versions/A/OpenDirectory
0x0000000002410000 	/System/Library/PrivateFrameworks/CommonAuth.framework/Versions/A/CommonAuth
0x0000000002410000 	/System/Library/Frameworks/OpenDirectory.framework/Versions/A/Frameworks/CFOpenDirectory.framework/Versions/A/CFOpenDirectory
0x0000000002410000 	/System/Library/Frameworks/SecurityFoundation.framework/Versions/A/SecurityFoundation
0x0000000002410000 	/System/Library/PrivateFrameworks/LanguageModeling.framework/Versions/A/LanguageModeling
0x0000000002410000 	/usr/lib/libcmph.dylib
0x0000000002410000 	/System/Library/Frameworks/ServiceManagement.framework/Versions/A/ServiceManagement
0x0000000002410000 	/usr/lib/libxslt.1.dylib
0x0000000002410000 	/System/Library/Frameworks/Carbon.framework/Versions/A/Frameworks/Ink.framework/Versions/A/Ink
0x0000000002410000 	/System/Library/Frameworks/QuartzCore.framework/Versions/A/Frameworks/CoreImage.framework/Versions/A/CoreImage
0x0000000002410000 	/System/Library/PrivateFrameworks/CrashReporterSupport.framework/Versions/A/CrashReporterSupport
0x0000000002410000 	/System/Library/Frameworks/OpenCL.framework/Versions/A/OpenCL
0x0000000002410000 	/System/Library/PrivateFrameworks/FaceCore.framework/Versions/A/FaceCore
0x0000000002410000 	/System/Library/PrivateFrameworks/Ubiquity.framework/Versions/A/Ubiquity
0x0000000002410000 	/System/Library/PrivateFrameworks/IconServices.framework/Versions/A/IconServices
0x0000000002410000 	/System/Library/PrivateFrameworks/ChunkingLibrary.framework/Versions/A/ChunkingLibrary
0x0000000002410000 	/System/Library/PrivateFrameworks/Apple80211.framework/Versions/A/Apple80211
0x0000000002410000 	/System/Library/Frameworks/CoreWLAN.framework/Versions/A/CoreWLAN
0x0000000002410000 	/System/Library/Frameworks/IOBluetooth.framework/Versions/A/IOBluetooth
0x0000000002410000 	/System/Library/PrivateFrameworks/CoreWiFi.framework/Versions/A/CoreWiFi
0x0000000002410000 	/System/Library/Frameworks/CoreBluetooth.framework/Versions/A/CoreBluetooth
0x0000000002410000 	/System/Library/PrivateFrameworks/DebugSymbols.framework/Versions/A/DebugSymbols
0x0000000002410000 	/System/Library/PrivateFrameworks/CoreSymbolication.framework/Versions/A/CoreSymbolication
0x0000000002410000 	/System/Library/PrivateFrameworks/Symbolication.framework/Versions/A/Symbolication
0x0000000002410000 	/System/Library/PrivateFrameworks/SpeechRecognitionCore.framework/Versions/A/SpeechRecognitionCore
0x0000000102200000 	/Library/Java/JavaVirtualMachines/jdk1.8.0_20.jdk/Contents/Home/jre/lib/server/libjvm.dylib
0x0000000002410000 	/usr/lib/libstdc++.6.dylib
0x0000000101129000 	/Library/Java/JavaVirtualMachines/jdk1.8.0_20.jdk/Contents/Home/jre/lib/libverify.dylib
0x0000000101137000 	/Library/Java/JavaVirtualMachines/jdk1.8.0_20.jdk/Contents/Home/jre/lib/libjava.dylib
0x0000000101175000 	/Library/Java/JavaVirtualMachines/jdk1.8.0_20.jdk/Contents/Home/jre/lib/libzip.dylib
0x000000011ec76000 	/System/Library/Frameworks/JavaVM.framework/Frameworks/JavaRuntimeSupport.framework/JavaRuntimeSupport
0x000000011ec8e000 	/System/Library/Frameworks/JavaVM.framework/Versions/A/Frameworks/JavaNativeFoundation.framework/Versions/A/JavaNativeFoundation
0x000000011eca3000 	/System/Library/Frameworks/JavaVM.framework/Versions/A/JavaVM
0x0000000002410000 	/System/Library/Frameworks/Carbon.framework/Versions/A/Carbon
0x000000011ecb0000 	/System/Library/PrivateFrameworks/JavaLaunching.framework/Versions/A/JavaLaunching
0x0000000002410000 	/System/Library/Frameworks/Carbon.framework/Versions/A/Frameworks/CommonPanels.framework/Versions/A/CommonPanels
0x0000000002410000 	/System/Library/Frameworks/Carbon.framework/Versions/A/Frameworks/Help.framework/Versions/A/Help
0x0000000002410000 	/System/Library/Frameworks/Carbon.framework/Versions/A/Frameworks/ImageCapture.framework/Versions/A/ImageCapture
0x0000000002410000 	/System/Library/Frameworks/Carbon.framework/Versions/A/Frameworks/OpenScripting.framework/Versions/A/OpenScripting
0x0000000002410000 	/System/Library/Frameworks/Carbon.framework/Versions/A/Frameworks/Print.framework/Versions/A/Print
0x0000000002410000 	/System/Library/Frameworks/Carbon.framework/Versions/A/Frameworks/SecurityHI.framework/Versions/A/SecurityHI
0x0000000120c06000 	/Library/Java/JavaVirtualMachines/jdk1.8.0_20.jdk/Contents/Home/jre/lib/libawt.dylib
0x0000000120cb5000 	/Library/Java/JavaVirtualMachines/jdk1.8.0_20.jdk/Contents/Home/jre/lib/./libmlib_image.dylib
0x0000000120d81000 	/Library/Java/JavaVirtualMachines/jdk1.8.0_20.jdk/Contents/Home/jre/lib/libawt_lwawt.dylib
0x0000000120e34000 	/Library/Java/JavaVirtualMachines/jdk1.8.0_20.jdk/Contents/Home/jre/lib/./libosxapp.dylib
0x0000000002410000 	/System/Library/Frameworks/ExceptionHandling.framework/Versions/A/ExceptionHandling
0x0000000002410000 	/System/Library/PrivateFrameworks/CoreServicesInternal.framework/Versions/A/CoreServicesInternal
0x0000000002410000 	/System/Library/PrivateFrameworks/CloudDocs.framework/Versions/A/CloudDocs
0x0000000002410000 	/System/Library/PrivateFrameworks/CoreDuet.framework/Versions/A/CoreDuet
0x0000000002410000 	/System/Library/Frameworks/CloudKit.framework/Versions/A/CloudKit
0x0000000002410000 	/System/Library/PrivateFrameworks/ProtocolBuffer.framework/Versions/A/ProtocolBuffer
0x0000000002410000 	/System/Library/PrivateFrameworks/CoreDuetDaemonProtocol.framework/Versions/A/CoreDuetDaemonProtocol
0x0000000002410000 	/System/Library/PrivateFrameworks/CoreDuetDebugLogging.framework/Versions/A/CoreDuetDebugLogging
0x0000000002410000 	/System/Library/Frameworks/CoreLocation.framework/Versions/A/CoreLocation
0x0000000002410000 	/System/Library/Frameworks/Accounts.framework/Versions/A/Accounts
0x0000000002410000 	/System/Library/PrivateFrameworks/ApplePushService.framework/Versions/A/ApplePushService
0x0000000002410000 	/System/Library/PrivateFrameworks/GeoServices.framework/Versions/A/GeoServices
0x0000000002410000 	/System/Library/PrivateFrameworks/OAuth.framework/Versions/A/OAuth
0x0000000002410000 	/System/Library/PrivateFrameworks/CoreDaemon.framework/Versions/B/CoreDaemon
0x0000000002410000 	/usr/lib/libcrypto.0.9.8.dylib
0x0000000002410000 	/System/Library/PrivateFrameworks/AppleSRP.framework/Versions/A/AppleSRP
0x0000000002410000 	/System/Library/PrivateFrameworks/TrustEvaluationAgent.framework/Versions/A/TrustEvaluationAgent
0x0000000002410000 	/System/Library/Frameworks/CoreGraphics.framework/Versions/A/Resources/libCGCMS.A.dylib
0x0000000002410000 	/System/Library/Frameworks/CoreGraphics.framework/Versions/A/Resources/libRIP.A.dylib
0x0000000002410000 	/System/Library/Frameworks/CoreGraphics.framework/Versions/A/Resources/libCGXType.A.dylib
0x0000000002410000 	/System/Library/Frameworks/OpenCL.framework/Versions/A/Libraries/libcldcpuengine.dylib
0x0000000002410000 	/System/Library/PrivateFrameworks/DiskImages.framework/Versions/A/DiskImages
0x0000000002410000 	/System/Library/Frameworks/DiscRecording.framework/Versions/A/DiscRecording
0x0000000002410000 	/usr/lib/libcsfde.dylib
0x0000000002410000 	/usr/lib/libcurl.4.dylib
0x0000000002410000 	/System/Library/PrivateFrameworks/MediaKit.framework/Versions/A/MediaKit
0x0000000002410000 	/System/Library/PrivateFrameworks/ProtectedCloudStorage.framework/Versions/A/ProtectedCloudStorage
0x0000000002410000 	/usr/lib/libCoreStorage.dylib
0x0000000002410000 	/System/Library/PrivateFrameworks/EFILogin.framework/Versions/A/EFILogin
0x0000000002410000 	/usr/lib/libutil.dylib
0x0000000002410000 	/System/Library/PrivateFrameworks/FindMyDevice.framework/Versions/A/FindMyDevice
0x0000000002410000 	/System/Library/Frameworks/LDAP.framework/Versions/A/LDAP
0x0000000002410000 	/usr/lib/libsasl2.2.dylib
0x0000000123f70000 	cl_kernels
0x0000000123f72000 	/System/Library/Frameworks/OpenCL.framework/Versions/A/Libraries/ImageFormats/unorm8_bgra.dylib
0x0000000123f62000 	cl_kernels
0x0000000002410000 	/System/Library/PrivateFrameworks/FamilyControls.framework/Versions/A/FamilyControls
0x0000000002410000 	/System/Library/PrivateFrameworks/CommerceKit.framework/Versions/A/Frameworks/CommerceCore.framework/Versions/A/CommerceCore
0x0000000002410000 	/System/Library/PrivateFrameworks/SystemAdministration.framework/Versions/A/SystemAdministration
0x0000000002410000 	/System/Library/PrivateFrameworks/AppContainer.framework/Versions/A/AppContainer
0x0000000002410000 	/System/Library/PrivateFrameworks/SecCodeWrapper.framework/Versions/A/SecCodeWrapper
0x0000000002410000 	/System/Library/Frameworks/DirectoryService.framework/Versions/A/DirectoryService
0x0000000002410000 	/System/Library/PrivateFrameworks/LoginUIKit.framework/Versions/A/Frameworks/LoginUICore.framework/Versions/A/LoginUICore
0x0000000002410000 	/usr/lib/libodfde.dylib
0x000000012555b000 	/Library/Java/JavaVirtualMachines/jdk1.8.0_20.jdk/Contents/Home/jre/lib/libjpeg.dylib
0x0000000002410000 	/System/Library/Frameworks/OpenGL.framework/Versions/A/Resources/GLEngine.bundle/GLEngine
0x0000000002410000 	/System/Library/Frameworks/OpenGL.framework/Versions/A/Libraries/libGLProgrammability.dylib
0x0000000000000000 	/System/Library/Extensions/AppleIntelHD5000GraphicsGLDriver.bundle/Contents/MacOS/AppleIntelHD5000GraphicsGLDriver
0x0000000002410000 	/System/Library/PrivateFrameworks/IOAccelerator.framework/Versions/A/IOAccelerator
0x0000000002410000 	/System/Library/PrivateFrameworks/GPUSupport.framework/Versions/A/Libraries/libGPUSupportMercury.dylib
0x0000000000000000 	/System/Library/Extensions/GeForceGLDriver.bundle/Contents/MacOS/GeForceGLDriver
0x0000000002410000 	/System/Library/Extensions/GeForceGLDriver.bundle/Contents/MacOS/libclh.dylib
0x0000000002410000 	/System/Library/Frameworks/OpenGL.framework/Versions/A/Resources/GLRendererFloat.bundle/GLRendererFloat
0x0000000126983000 	/Library/Java/JavaVirtualMachines/jdk1.8.0_20.jdk/Contents/Home/jre/lib/libfontmanager.dylib
0x00000001269e9000 	/Library/Java/JavaVirtualMachines/jdk1.8.0_20.jdk/Contents/Home/jre/lib/libosxui.dylib
0x0000000126db6000 	/Library/Java/JavaVirtualMachines/jdk1.8.0_20.jdk/Contents/Home/jre/lib/libnet.dylib
0x0000000126dcd000 	/Library/Java/JavaVirtualMachines/jdk1.8.0_20.jdk/Contents/Home/jre/lib/libnio.dylib
0x0000000002410000 	/System/Library/Frameworks/Accelerate.framework/Versions/A/Frameworks/vImage.framework/Versions/A/Libraries/libCGInterfaces.dylib
0x0000000128373000 	/Library/Java/Extensions/libCLIPSJNI.jnilib

VM Arguments:
jvm_args: -Dfile.encoding=UTF-8 
java_command: monitor1213.MonitorView ulimit -c unlimited
java_class_path (initial): /Users/toby/Copy/Developing/Esercizi-IA-Lab/PROGETTO_CLIPS/Progetto Finale/waitor/libs/CLIPSJNI.jar:/Users/toby/Copy/Developing/Esercizi-IA-Lab/PROGETTO_CLIPS/Progetto Finale/waitor/build/classes
Launcher Type: SUN_STANDARD

Environment Variables:
PATH=/usr/bin:/bin:/usr/sbin:/sbin
LD_LIBRARY_PATH=/Library/Java/JavaVirtualMachines/jdk1.8.0_20.jdk/Contents/Home/jre/lib/amd64:/Library/Java/JavaVirtualMachines/jdk1.8.0_20.jdk/Contents/Home/jre/lib/i386:
SHELL=/bin/bash
DISPLAY=/private/tmp/com.apple.launchd.nJjvueljzO/org.macosforge.xquartz:0
DYLD_LIBRARY_PATH=/Applications/NetBeans/NetBeans 8.0.app/Contents/Resources/NetBeans/webcommon/bin:

Signal Handlers:
SIGSEGV: [libjvm.dylib+0x578fd7], sa_mask[0]=11111111011111110111111111111111, sa_flags=SA_ONSTACK|SA_RESTART|SA_SIGINFO
SIGBUS: [libjvm.dylib+0x578fd7], sa_mask[0]=11111111011111110111111111111111, sa_flags=SA_RESTART|SA_SIGINFO
SIGFPE: [libjvm.dylib+0x45ab0c], sa_mask[0]=11111111011111110111111111111111, sa_flags=SA_RESTART|SA_SIGINFO
SIGPIPE: [libjvm.dylib+0x45ab0c], sa_mask[0]=11111111011111110111111111111111, sa_flags=SA_RESTART|SA_SIGINFO
SIGXFSZ: [libjvm.dylib+0x45ab0c], sa_mask[0]=11111111011111110111111111111111, sa_flags=SA_RESTART|SA_SIGINFO
SIGILL: [libjvm.dylib+0x45ab0c], sa_mask[0]=11111111011111110111111111111111, sa_flags=SA_RESTART|SA_SIGINFO
SIGUSR1: SIG_DFL, sa_mask[0]=00000000000000000000000000000000, sa_flags=none
SIGUSR2: [libjvm.dylib+0x45a62a], sa_mask[0]=00100000000000000000000000000000, sa_flags=SA_RESTART|SA_SIGINFO
SIGHUP: [libjvm.dylib+0x458bfd], sa_mask[0]=11111111011111110111111111111111, sa_flags=SA_RESTART|SA_SIGINFO
SIGINT: [libCLIPSJNI.jnilib+0xd6795], sa_mask[0]=00000000000000000000000000000000, sa_flags=SA_RESTART
SIGTERM: [libjvm.dylib+0x458bfd], sa_mask[0]=11111111011111110111111111111111, sa_flags=SA_RESTART|SA_SIGINFO
SIGQUIT: [libjvm.dylib+0x458bfd], sa_mask[0]=11111111011111110111111111111111, sa_flags=SA_RESTART|SA_SIGINFO


---------------  S Y S T E M  ---------------

OS:Bsduname:Darwin 14.1.0 Darwin Kernel Version 14.1.0: Mon Dec 22 23:10:38 PST 2014; root:xnu-2782.10.72~2/RELEASE_X86_64 x86_64
rlimit: STACK 8192k, CORE 0k, NPROC 709, NOFILE 10240, AS infinity
load average:1.69 1.47 1.32

CPU:total 8 (4 cores per cpu, 2 threads per core) family 6 model 70 stepping 1, cmov, cx8, fxsr, mmx, sse, sse2, sse3, ssse3, sse4.1, sse4.2, popcnt, avx, avx2, aes, clmul, erms, rtm, lzcnt, ht, tsc, tscinvbit, bmi1, bmi2

Memory: 4k page, physical 16777216k(3351620k free)

/proc/meminfo:


vm_info: Java HotSpot(TM) 64-Bit Server VM (25.20-b23) for bsd-amd64 JRE (1.8.0_20-b26), built on Jul 30 2014 13:37:47 by "java_re" with gcc 4.2.1 (Based on Apple Inc. build 5658) (LLVM build 2336.9.00)

time: Sun Feb  8 17:05:01 2015
elapsed time: 10 seconds (0d 0h 0m 10s)

